#
# There is insufficient memory for the Java Runtime Environment to continue.
# Native memory allocation (mmap) failed to map 65536 bytes for Failed to commit metaspace.
# Possible reasons:
#   The system is out of physical RAM or swap space
#   The process is running with CompressedOops enabled, and the Java Heap may be blocking the growth of the native heap
# Possible solutions:
#   Reduce memory load on the system
#   Increase physical memory or swap space
#   Check if swap backing store is full
#   Decrease Java heap size (-Xmx/-Xms)
#   Decrease number of Java threads
#   Decrease Java thread stack sizes (-Xss)
#   Set larger code cache with -XX:ReservedCodeCacheSize=
#   JVM is running with Unscaled Compressed Oops mode in which the Java heap is
#     placed in the first 4GB address space. The Java Heap base address is the
#     maximum limit for the native heap growth. Please use -XX:HeapBaseMinAddress
#     to set the Java Heap base and to place the Java Heap above 4GB virtual address.
# This output file may be truncated or incomplete.
#
#  Out of Memory Error (virtualSpaceNode.cpp:110), pid=23352, tid=1740
#
# JRE version: OpenJDK Runtime Environment Temurin-17.0.10+7 (17.0.10+7) (build 17.0.10+7)
# Java VM: OpenJDK 64-Bit Server VM Temurin-17.0.10+7 (17.0.10+7, mixed mode, emulated-client, tiered, compressed oops, compressed class ptrs, g1 gc, windows-amd64)
# No core dump will be written. Minidumps are not enabled by default on client versions of Windows
#

---------------  S U M M A R Y ------------

Command Line: -XX:+HeapDumpOnOutOfMemoryError -Xmx1024m -Dsts.lsp.client=vscode -Dsts.log.file=/dev/null -XX:TieredStopAtLevel=1 -Xlog:jni+resolve=off -Dspring.config.location=file:c:\Users\Admin\.vscode\extensions\vmware.vscode-spring-boot-1.53.0\language-server\BOOT-INF\classes\application.properties org.springframework.ide.vscode.boot.app.BootLanguageServerBootApp

Host: Intel(R) Core(TM) i5-10210U CPU @ 1.60GHz, 8 cores, 7G,  Windows 10 , 64 bit Build 19041 (10.0.19041.3636)
Time: Wed Mar 20 14:17:19 2024 India Standard Time elapsed time: 1.464296 seconds (0d 0h 0m 1s)

---------------  T H R E A D  ---------------

Current thread (0x0000018e4bc38c30):  JavaThread "background-preinit" [_thread_in_vm, id=1740, stack(0x0000001c1f900000,0x0000001c1fa00000)]

Stack: [0x0000001c1f900000,0x0000001c1fa00000]
Native frames: (J=compiled Java code, j=interpreted, Vv=VM code, C=native code)
V  [jvm.dll+0x67d2c9]
V  [jvm.dll+0x834afa]
V  [jvm.dll+0x8365be]
V  [jvm.dll+0x836c23]
V  [jvm.dll+0x2477ff]
V  [jvm.dll+0x8307bb]
V  [jvm.dll+0x621d16]
V  [jvm.dll+0x1c183e]
V  [jvm.dll+0x624671]
V  [jvm.dll+0x6226b6]
V  [jvm.dll+0x62c5a7]
V  [jvm.dll+0x1eb80b]
V  [jvm.dll+0x1ebd45]
V  [jvm.dll+0x1ec800]
V  [jvm.dll+0x1e1c01]
V  [jvm.dll+0x5427ce]
V  [jvm.dll+0x7aeb88]
V  [jvm.dll+0x7aec74]
V  [jvm.dll+0x4108f5]
V  [jvm.dll+0x416a79]
C  [java.dll+0x17ec]

Java frames: (J=compiled Java code, j=interpreted, Vv=VM code)
J 835  java.lang.ClassLoader.defineClass1(Ljava/lang/ClassLoader;Ljava/lang/String;[BIILjava/security/ProtectionDomain;Ljava/lang/String;)Ljava/lang/Class; java.base@17.0.10 (0 bytes) @ 0x0000018e3e722fdb [0x0000018e3e722f20+0x00000000000000bb]
J 831 c1 java.lang.ClassLoader.defineClass(Ljava/lang/String;[BIILjava/security/ProtectionDomain;)Ljava/lang/Class; java.base@17.0.10 (43 bytes) @ 0x0000018e3e725edc [0x0000018e3e725de0+0x00000000000000fc]
J 737 c1 jdk.internal.loader.BuiltinClassLoader.defineClass(Ljava/lang/String;Ljdk/internal/loader/Resource;)Ljava/lang/Class; java.base@17.0.10 (121 bytes) @ 0x0000018e3e701f44 [0x0000018e3e701aa0+0x00000000000004a4]
J 736 c1 jdk.internal.loader.BuiltinClassLoader.findClassOnClassPathOrNull(Ljava/lang/String;)Ljava/lang/Class; java.base@17.0.10 (64 bytes) @ 0x0000018e3e703644 [0x0000018e3e7033a0+0x00000000000002a4]
J 657 c1 jdk.internal.loader.BuiltinClassLoader.loadClassOrNull(Ljava/lang/String;Z)Ljava/lang/Class; java.base@17.0.10 (143 bytes) @ 0x0000018e3e6dc744 [0x0000018e3e6dc300+0x0000000000000444]
J 718 c1 jdk.internal.loader.ClassLoaders$AppClassLoader.loadClass(Ljava/lang/String;Z)Ljava/lang/Class; java.base@17.0.10 (40 bytes) @ 0x0000018e3e6f93a4 [0x0000018e3e6f9260+0x0000000000000144]
J 717 c1 java.lang.ClassLoader.loadClass(Ljava/lang/String;)Ljava/lang/Class; java.base@17.0.10 (7 bytes) @ 0x0000018e3e6f6864 [0x0000018e3e6f6820+0x0000000000000044]
v  ~StubRoutines::call_stub
j  org.springframework.http.converter.json.Jackson2ObjectMapperBuilder.build()Lcom/fasterxml/jackson/databind/ObjectMapper;+77
j  org.springframework.http.converter.json.MappingJackson2HttpMessageConverter.<init>()V+4
j  org.springframework.http.converter.support.AllEncompassingFormHttpMessageConverter.<init>()V+55
j  org.springframework.boot.autoconfigure.BackgroundPreinitializer$MessageConverterInitializer.run()V+4
j  org.springframework.boot.autoconfigure.BackgroundPreinitializer$1.runSafely(Ljava/lang/Runnable;)Z+1
j  org.springframework.boot.autoconfigure.BackgroundPreinitializer$1.run()V+32
j  java.lang.Thread.run()V+11 java.base@17.0.10
v  ~StubRoutines::call_stub

Compiled method (n/a)    1484  835     n 0       java.lang.ClassLoader::defineClass1 (native)
 total in heap  [0x0000018e3e722d90,0x0000018e3e723268] = 1240
 relocation     [0x0000018e3e722ee8,0x0000018e3e722f20] = 56
 main code      [0x0000018e3e722f20,0x0000018e3e723268] = 840

[Constant Pool (empty)]

[MachCode]
[Entry Point]
  # {method} {0x0000018e4701de78} 'defineClass1' '(Ljava/lang/ClassLoader;Ljava/lang/String;[BIILjava/security/ProtectionDomain;Ljava/lang/String;)Ljava/lang/Class;' in 'java/lang/ClassLoader'
  # parm0:    rdx:rdx   = 'java/lang/ClassLoader'
  # parm1:    r8:r8     = 'java/lang/String'
  # parm2:    r9:r9     = '[B'
  # parm3:    rdi       = int
  # parm4:    rsi       = int
  # parm5:    rcx:rcx   = 'java/security/ProtectionDomain'
  # parm6:    [sp+0xa0]   = 'java/lang/String'  (sp of caller)
  0x0000018e3e722f20: 448b 5208 | 49c1 e203 | 493b c20f | 8407 0000 

  0x0000018e3e722f30: ;   {runtime_call ic_miss_stub}
  0x0000018e3e722f30: 00e9 4ae1 | ceff 6690 
[Verified Entry Point]
  0x0000018e3e722f38: 8984 2400 | 90ff ff55 | 488b ec48 | 81ec 9000 | 0000 4881 | 7d10 0000 | 0000 488d | 4510 480f 
  0x0000018e3e722f58: 4445 1048 | 8944 2440 | 4889 4c24 | 7048 83f9 | 0048 8d44 | 2470 480f | 4444 2470 | 4889 4424 
  0x0000018e3e722f78: 3848 8974 | 2430 4889 | 7c24 284c | 894c 2458 | 4983 f900 | 488d 4424 | 5848 0f44 | 4424 5848 
  0x0000018e3e722f98: 8944 2420 | 4c89 4424 | 5049 83f8 | 004c 8d4c | 2450 4c0f | 444c 2450 | 4889 5424 | 4848 83fa 
  0x0000018e3e722fb8: 004c 8d44 | 2448 4c0f | 4444 2448 

  0x0000018e3e722fc4: ;   {oop(a 'java/lang/Class'{0x00000000c0bad548} = 'java/lang/ClassLoader')}
  0x0000018e3e722fc4: 49be 48d5 | bac0 0000 | 0000 4c89 | 7424 784c | 8d74 2478 | 498b d6c5 

  0x0000018e3e722fdc: ;   {internal_word}
  0x0000018e3e722fdc: f877 49ba | db2f 723e | 8e01 0000 | 4d89 97a0 | 0200 0049 | 89a7 9802 

  0x0000018e3e722ff4: ;   {external_word}
  0x0000018e3e722ff4: 0000 49ba | 7935 ad57 | fe7f 0000 | 4180 3a00 | 0f84 5200 | 0000 5241 

  0x0000018e3e72300c: ;   {metadata({method} {0x0000018e4701de78} 'defineClass1' '(Ljava/lang/ClassLoader;Ljava/lang/String;[BIILjava/security/ProtectionDomain;Ljava/lang/String;)Ljava/lang/Class;' in 'java/lang/ClassLoader')}
  0x0000018e3e72300c: 5041 5148 | ba70 de01 | 478e 0100 | 0049 8bcf | 4883 ec20 | f7c4 0f00 | 0000 0f84 | 1a00 0000 
  0x0000018e3e72302c: 4883 ec08 

  0x0000018e3e723030: ;   {runtime_call}
  0x0000018e3e723030: 49ba 0030 | 6357 fe7f | 0000 41ff | d248 83c4 | 08e9 0d00 

  0x0000018e3e723044: ;   {runtime_call}
  0x0000018e3e723044: 0000 49ba | 0030 6357 | fe7f 0000 | 41ff d248 | 83c4 2041 | 5941 585a | 498d 8fb8 | 0200 0041 
  0x0000018e3e723064: c787 4803 | 0000 0400 

  0x0000018e3e72306c: ;   {runtime_call}
  0x0000018e3e72306c: 0000 49ba | ac16 5098 | fe7f 0000 | 41ff d2c5 | f877 41c7 | 8748 0300 | 0005 0000 | 00f0 8344 
  0x0000018e3e72308c: 24c0 0049 | 3baf 5003 | 0000 0f87 | 1100 0000 | 4181 bf38 | 0300 0000 | 0000 000f | 842c 0000 
  0x0000018e3e7230ac: 00c5 f877 | 4889 45f8 | 498b cf4c | 8be4 4883 | ec20 4883 

  0x0000018e3e7230c0: ;   {runtime_call}
  0x0000018e3e7230c0: e4f0 49ba | 7044 7357 | fe7f 0000 | 41ff d249 | 8be4 4d33 | e448 8b45 | f841 c787 | 4803 0000 
  0x0000018e3e7230e0: 0800 0000 | 4181 bfb8 | 0300 0002 | 0000 000f | 843f 0100 

  0x0000018e3e7230f4: ;   {external_word}
  0x0000018e3e7230f4: 0049 ba79 | 35ad 57fe | 7f00 0041 | 803a 000f | 8450 0000 | 0048 8945 

  0x0000018e3e72310c: ;   {metadata({method} {0x0000018e4701de78} 'defineClass1' '(Ljava/lang/ClassLoader;Ljava/lang/String;[BIILjava/security/ProtectionDomain;Ljava/lang/String;)Ljava/lang/Class;' in 'java/lang/ClassLoader')}
  0x0000018e3e72310c: f848 ba70 | de01 478e | 0100 0049 | 8bcf 4883 | ec20 f7c4 | 0f00 0000 | 0f84 1a00 | 0000 4883 
  0x0000018e3e72312c: ;   {runtime_call}
  0x0000018e3e72312c: ec08 49ba | 0030 6357 | fe7f 0000 | 41ff d248 | 83c4 08e9 | 0d00 0000 

  0x0000018e3e723144: ;   {runtime_call}
  0x0000018e3e723144: 49ba 0030 | 6357 fe7f | 0000 41ff | d248 83c4 | 2048 8b45 | f849 c787 | 9802 0000 | 0000 0000 
  0x0000018e3e723164: 49c7 87a0 | 0200 0000 | 0000 00c5 | f877 4885 | c00f 8493 | 0000 0048 | f7c0 0100 | 0000 0f84 
  0x0000018e3e723184: 8300 0000 | 488b 40ff | 4180 7f38 | 000f 846f | 0000 0048 | 83f8 000f | 8465 0000 | 0049 8b4f 
  0x0000018e3e7231a4: 2048 83f9 | 000f 8414 | 0000 0048 | 83e9 0849 | 894f 2049 | 034f 3048 | 8901 e943 | 0000 0050 
  0x0000018e3e7231c4: 498b d748 | 8bc8 4883 | ec20 f7c4 | 0f00 0000 | 0f84 1a00 | 0000 4883 

  0x0000018e3e7231dc: ;   {runtime_call}
  0x0000018e3e7231dc: ec08 49ba | 6048 2257 | fe7f 0000 | 41ff d248 | 83c4 08e9 | 0d00 0000 

  0x0000018e3e7231f4: ;   {runtime_call}
  0x0000018e3e7231f4: 49ba 6048 | 2257 fe7f | 0000 41ff | d248 83c4 | 2058 e903 | 0000 0048 | 8b00 498b | 8fd8 0000 
  0x0000018e3e723214: 00c7 8100 | 0100 0000 | 0000 00c9 | 4981 7f08 | 0000 0000 | 0f85 0100 

  0x0000018e3e72322c: ;   {runtime_call StubRoutines (1)}
  0x0000018e3e72322c: 0000 c3e9 | ccdc c9ff | c5f8 7748 | 8945 f84c | 8be4 4883 | ec20 4883 

  0x0000018e3e723244: ;   {runtime_call}
  0x0000018e3e723244: e4f0 49ba | 8060 6357 | fe7f 0000 | 41ff d249 | 8be4 4d33 | e448 8b45 | f8e9 93fe | ffff f4f4 
  0x0000018e3e723264: f4f4 f4f4 
[/MachCode]


Compiled method (c1)    1493  831       1       java.lang.ClassLoader::defineClass (43 bytes)
 total in heap  [0x0000018e3e725c10,0x0000018e3e7261b0] = 1440
 relocation     [0x0000018e3e725d68,0x0000018e3e725dc8] = 96
 main code      [0x0000018e3e725de0,0x0000018e3e725f80] = 416
 stub code      [0x0000018e3e725f80,0x0000018e3e725ff8] = 120
 metadata       [0x0000018e3e725ff8,0x0000018e3e726028] = 48
 scopes data    [0x0000018e3e726028,0x0000018e3e7260e0] = 184
 scopes pcs     [0x0000018e3e7260e0,0x0000018e3e726180] = 160
 dependencies   [0x0000018e3e726180,0x0000018e3e726188] = 8
 nul chk table  [0x0000018e3e726188,0x0000018e3e7261b0] = 40

[Constant Pool (empty)]

[MachCode]
[Entry Point]
  # {method} {0x0000018e4701dce8} 'defineClass' '(Ljava/lang/String;[BIILjava/security/ProtectionDomain;)Ljava/lang/Class;' in 'java/lang/ClassLoader'
  # this:     rdx:rdx   = 'java/lang/ClassLoader'
  # parm0:    r8:r8     = 'java/lang/String'
  # parm1:    r9:r9     = '[B'
  # parm2:    rdi       = int
  # parm3:    rsi       = int
  # parm4:    rcx:rcx   = 'java/security/ProtectionDomain'
  #           [sp+0xc0]  (sp of caller)
  0x0000018e3e725de0: 448b 5208 | 49c1 e203 

  0x0000018e3e725de8: ;   {runtime_call ic_miss_stub}
  0x0000018e3e725de8: 4c3b d00f | 858f b2ce | ff66 6666 | 0f1f 8400 | 0000 0000 | 6666 6690 
[Verified Entry Point]
  0x0000018e3e725e00: 8984 2400 | 90ff ff55 | 4881 ecb0 | 0000 0048 | 8954 2478 | 89b4 2494 | 0000 0089 | bc24 9000 
  0x0000018e3e725e20: 0000 4c89 | 8c24 8800 | 0000 498b | d84c 8bc3 | 4c8b c948 | 8bca 488b | d148 899c | 2480 0000 
  0x0000018e3e725e40: 0066 0f1f 

  0x0000018e3e725e44: ;   {optimized virtual_call}
  0x0000018e3e725e44: 4400 00e8 

  0x0000018e3e725e48: ; ImmutableOopMap {[120]=Oop [136]=Oop [128]=Oop }
                      ;*invokevirtual preDefineClass {reexecute=0 rethrow=0 return_oop=0}
                      ; - java.lang.ClassLoader::defineClass@4
  0x0000018e3e725e48: f40e 0000 | 4889 8424 | 9800 0000 

  0x0000018e3e725e54: ; implicit exception: dispatches to 0x0000018e3e725f1a
  0x0000018e3e725e54: 448b 4010 | 4983 f800 | 0f85 0f00 

  0x0000018e3e725e60: ;   {oop(NULL)}
  0x0000018e3e725e60: 0000 48bb | 0000 0000 | 0000 0000 | e936 0000 | 0045 8b40 | 0c49 83f8 | 000f 850f 

  0x0000018e3e725e7c: ;   {oop(NULL)}
  0x0000018e3e725e7c: 0000 0048 | bb00 0000 | 0000 0000 | 00e9 1900 | 0000 418b | 5038 483b 

  0x0000018e3e725e94: ;   {optimized virtual_call}
  0x0000018e3e725e94: 0266 90e8 

  0x0000018e3e725e98: ; ImmutableOopMap {[120]=Oop [136]=Oop [128]=Oop [152]=Oop }
                      ;*invokevirtual toExternalForm {reexecute=0 rethrow=0 return_oop=0}
                      ; - java.net.URL::toExternalForm@5
                      ; - java.net.URL::toString@1
                      ; - java.lang.ClassLoader::defineClassSourceLocation@22
                      ; - java.lang.ClassLoader::defineClass@12
  0x0000018e3e725e98: 84d7 f5ff | 488b d848 | 8b84 2498 | 0000 008b | b424 9400 | 0000 8bbc | 2490 0000 | 004c 8b8c 
  0x0000018e3e725eb8: 2488 0000 | 004c 8b84 | 2480 0000 | 0048 8b54 | 2478 4c8b | da49 8bd3 | 488b c848 

  0x0000018e3e725ed4: ;   {static_call}
  0x0000018e3e725ed4: 891c 24e8 

  0x0000018e3e725ed8: ; ImmutableOopMap {[152]=Oop [120]=Oop }
                      ;*invokestatic defineClass1 {reexecute=0 rethrow=0 return_oop=0}
                      ; - java.lang.ClassLoader::defineClass@27
  0x0000018e3e725ed8: 5cd0 ffff | 4c8b c04c | 8b8c 2498 | 0000 0048 | 8b54 2478 | 4889 8424 | a000 0000 

  0x0000018e3e725ef4: ;   {optimized virtual_call}
  0x0000018e3e725ef4: 6666 90e8 

  0x0000018e3e725ef8: ; ImmutableOopMap {[160]=Oop }
                      ;*invokevirtual postDefineClass {reexecute=0 rethrow=0 return_oop=0}
                      ; - java.lang.ClassLoader::defineClass@37
  0x0000018e3e725ef8: 0409 0000 | 488b 8424 | a000 0000 | 4881 c4b0 | 0000 005d 

  0x0000018e3e725f0c: ;   {poll_return}
  0x0000018e3e725f0c: 493b a750 | 0300 000f | 8715 0000 

  0x0000018e3e725f18: ;   {runtime_call throw_null_pointer_exception Runtime1 stub}
  0x0000018e3e725f18: 00c3 e801 

  0x0000018e3e725f1c: ; ImmutableOopMap {[120]=Oop [136]=Oop [128]=Oop rax=Oop [152]=Oop }
                      ;*invokevirtual getCodeSource {reexecute=0 rethrow=0 return_oop=0}
                      ; - java.lang.ClassLoader::defineClassSourceLocation@1
                      ; - java.lang.ClassLoader::defineClass@12
                      ;   {runtime_call throw_null_pointer_exception Runtime1 stub}
  0x0000018e3e725f1c: d2d8 ffe8 

  0x0000018e3e725f20: ; ImmutableOopMap {[120]=Oop [136]=Oop [128]=Oop rax=Oop [152]=Oop }
                      ;*invokevirtual getLocation {reexecute=0 rethrow=0 return_oop=0}
                      ; - java.lang.ClassLoader::defineClassSourceLocation@12
                      ; - java.lang.ClassLoader::defineClass@12
  0x0000018e3e725f20: fcd1 d8ff 

  0x0000018e3e725f24: ;   {runtime_call throw_null_pointer_exception Runtime1 stub}
  0x0000018e3e725f24: e8f7 d1d8 

  0x0000018e3e725f28: ; ImmutableOopMap {[120]=Oop [136]=Oop [128]=Oop [152]=Oop r8=Oop }
                      ;*invokevirtual toString {reexecute=0 rethrow=0 return_oop=0}
                      ; - java.lang.ClassLoader::defineClassSourceLocation@22
                      ; - java.lang.ClassLoader::defineClass@12
                      ;   {runtime_call throw_null_pointer_exception Runtime1 stub}
  0x0000018e3e725f28: ffe8 f2d1 

  0x0000018e3e725f2c: ; ImmutableOopMap {[120]=Oop [136]=Oop [128]=Oop [152]=Oop r8=Oop rdx=Oop }
                      ;*invokevirtual toExternalForm {reexecute=0 rethrow=0 return_oop=0}
                      ; - java.net.URL::toExternalForm@5
                      ; - java.net.URL::toString@1
                      ; - java.lang.ClassLoader::defineClassSourceLocation@22
                      ; - java.lang.ClassLoader::defineClass@12
                      ;   {internal_word}
  0x0000018e3e725f2c: d8ff 49ba | 0c5f 723e | 8e01 0000 | 4d89 9768 

  0x0000018e3e725f3c: ;   {runtime_call SafepointBlob}
  0x0000018e3e725f3c: 0300 00e9 | bc1a cfff | 9090 498b | 87e0 0300 | 0049 c787 | e003 0000 | 0000 0000 | 49c7 87e8 
  0x0000018e3e725f5c: 0300 0000 | 0000 0048 | 81c4 b000 

  0x0000018e3e725f68: ;   {runtime_call unwind_exception Runtime1 stub}
  0x0000018e3e725f68: 0000 5de9 | 90c2 d8ff | f4f4 f4f4 | f4f4 f4f4 | f4f4 f4f4 | f4f4 f4f4 
[Stub Code]
  0x0000018e3e725f80: ;   {no_reloc}
  0x0000018e3e725f80: 0f1f 4400 

  0x0000018e3e725f84: ;   {static_stub}
  0x0000018e3e725f84: 0048 bb00 | 0000 0000 

  0x0000018e3e725f8c: ;   {runtime_call}
  0x0000018e3e725f8c: 0000 00e9 | fbff ffff 

  0x0000018e3e725f94: ;   {static_stub}
  0x0000018e3e725f94: 9048 bb00 | 0000 0000 

  0x0000018e3e725f9c: ;   {runtime_call}
  0x0000018e3e725f9c: 0000 00e9 | fbff ffff 

  0x0000018e3e725fa4: ;   {static_stub}
  0x0000018e3e725fa4: 9048 bb00 | 0000 0000 

  0x0000018e3e725fac: ;   {runtime_call}
  0x0000018e3e725fac: 0000 00e9 | fbff ffff 

  0x0000018e3e725fb4: ;   {static_stub}
  0x0000018e3e725fb4: 9048 bb00 | 0000 0000 

  0x0000018e3e725fbc: ;   {runtime_call}
  0x0000018e3e725fbc: 0000 00e9 | fbff ffff 
[Exception Handler]
  0x0000018e3e725fc4: ;   {runtime_call handle_exception_from_callee Runtime1 stub}
  0x0000018e3e725fc4: e837 efd8 

  0x0000018e3e725fc8: ;   {external_word}
  0x0000018e3e725fc8: ff48 b940 | 9a87 57fe | 7f00 0048 

  0x0000018e3e725fd4: ;   {runtime_call}
  0x0000018e3e725fd4: 83e4 f049 | ba60 2d50 | 57fe 7f00 | 0041 ffd2 

  0x0000018e3e725fe4: ;   {section_word}
  0x0000018e3e725fe4: f449 bae5 | 5f72 3e8e | 0100 0041 

  0x0000018e3e725ff0: ;   {runtime_call DeoptimizationBlob}
  0x0000018e3e725ff0: 52e9 aa0c | cfff f4f4 
[/MachCode]


Compiled method (c1)    1502  737       1       jdk.internal.loader.BuiltinClassLoader::defineClass (121 bytes)
 total in heap  [0x0000018e3e701810,0x0000018e3e702668] = 3672
 relocation     [0x0000018e3e701968,0x0000018e3e701a98] = 304
 main code      [0x0000018e3e701aa0,0x0000018e3e7020a0] = 1536
 stub code      [0x0000018e3e7020a0,0x0000018e3e7021e8] = 328
 metadata       [0x0000018e3e7021e8,0x0000018e3e702230] = 72
 scopes data    [0x0000018e3e702230,0x0000018e3e702488] = 600
 scopes pcs     [0x0000018e3e702488,0x0000018e3e702628] = 416
 dependencies   [0x0000018e3e702628,0x0000018e3e702630] = 8
 handler table  [0x0000018e3e702630,0x0000018e3e702648] = 24
 nul chk table  [0x0000018e3e702648,0x0000018e3e702668] = 32

[Constant Pool (empty)]

[MachCode]
[Entry Point]
  # {method} {0x0000018e470c0980} 'defineClass' '(Ljava/lang/String;Ljdk/internal/loader/Resource;)Ljava/lang/Class;' in 'jdk/internal/loader/BuiltinClassLoader'
  # this:     rdx:rdx   = 'jdk/internal/loader/BuiltinClassLoader'
  # parm0:    r8:r8     = 'java/lang/String'
  # parm1:    r9:r9     = 'jdk/internal/loader/Resource'
  #           [sp+0x110]  (sp of caller)
  0x0000018e3e701aa0: 448b 5208 | 49c1 e203 

  0x0000018e3e701aa8: ;   {runtime_call ic_miss_stub}
  0x0000018e3e701aa8: 4c3b d00f | 85cf f5d0 | ff66 6666 | 0f1f 8400 | 0000 0000 | 6666 6690 
[Verified Entry Point]
  0x0000018e3e701ac0: 8984 2400 | 90ff ff55 | 4881 ec00 | 0100 0048 | 8994 24a0 | 0000 004c | 8984 2490 | 0000 004c 
  0x0000018e3e701ae0: 898c 2498 | 0000 0049 | 8bd1 6666 | 9048 b890 | 5801 0001 

  0x0000018e3e701af4: ;   {virtual_call}
  0x0000018e3e701af4: 0000 00e8 

  0x0000018e3e701af8: ; ImmutableOopMap {[152]=Oop [160]=Oop [144]=Oop }
                      ;*invokevirtual getCodeSourceURL {reexecute=0 rethrow=0 return_oop=0}
                      ; - jdk.internal.loader.BuiltinClassLoader::defineClass@1
  0x0000018e3e701af8: a4a1 0000 | 4889 8424 | a800 0000 | 4c8b 8424 | 9000 0000 

  0x0000018e3e701b0c: ; implicit exception: dispatches to 0x0000018e3e701fa3
  0x0000018e3e701b0c: 418b 7014 

  0x0000018e3e701b10: ; implicit exception: dispatches to 0x0000018e3e701fa8
  0x0000018e3e701b10: 8b56 0c45 | 0fbe 4810 | 498b c9c1 | e118 c1f9 | 18d3 fa48 | 8bfa ffcf | 4183 f900 | ba00 0000 
  0x0000018e3e701b30: 000f 8505 | 0000 00ba | 0100 0000 | 83e2 0183 | fa00 488b | d641 b82e | 0000 004c | 8bcf 0f84 
  0x0000018e3e701b50: 0d00 0000 

  0x0000018e3e701b54: ;   {static_call}
  0x0000018e3e701b54: 6666 90e8 

  0x0000018e3e701b58: ; ImmutableOopMap {[152]=Oop [160]=Oop [168]=Oop [144]=Oop }
                      ;*invokestatic lastIndexOf {reexecute=0 rethrow=0 return_oop=0}
                      ; - java.lang.String::lastIndexOf@13
                      ; - java.lang.String::lastIndexOf@8
                      ; - jdk.internal.loader.BuiltinClassLoader::defineClass@8
  0x0000018e3e701b58: c43c dcff | e90b 0000 | 0066 0f1f 

  0x0000018e3e701b64: ;   {static_call}
  0x0000018e3e701b64: 4400 00e8 

  0x0000018e3e701b68: ; ImmutableOopMap {[152]=Oop [160]=Oop [168]=Oop [144]=Oop }
                      ;*invokestatic lastIndexOf {reexecute=0 rethrow=0 return_oop=0}
                      ; - java.lang.String::lastIndexOf@25
                      ; - java.lang.String::lastIndexOf@8
                      ; - jdk.internal.loader.BuiltinClassLoader::defineClass@8
  0x0000018e3e701b68: 14fe d0ff | 83f8 ff0f | 8467 0000 | 0041 b800 | 0000 004c | 8bc8 488b | 9424 9000 

  0x0000018e3e701b84: ;   {optimized virtual_call}
  0x0000018e3e701b84: 0000 90e8 

  0x0000018e3e701b88: ; ImmutableOopMap {[152]=Oop [160]=Oop [168]=Oop [144]=Oop }
                      ;*invokevirtual substring {reexecute=0 rethrow=0 return_oop=0}
                      ; - jdk.internal.loader.BuiltinClassLoader::defineClass@23
  0x0000018e3e701b88: 7494 f0ff | 488b 9424 | 9800 0000 | 4889 8424 | b000 0000 | 9048 b890 | 5801 0001 

  0x0000018e3e701ba4: ;   {virtual_call}
  0x0000018e3e701ba4: 0000 00e8 

  0x0000018e3e701ba8: ; ImmutableOopMap {[152]=Oop [160]=Oop [168]=Oop [144]=Oop [176]=Oop }
                      ;*invokevirtual getManifest {reexecute=0 rethrow=0 return_oop=0}
                      ; - jdk.internal.loader.BuiltinClassLoader::defineClass@29
  0x0000018e3e701ba8: 54ab 0000 | 4c8b 8424 | b000 0000 | 4c8b c848 | 8bbc 24a8 | 0000 0048 | 8b94 24a0 | 0000 0066 
  0x0000018e3e701bc8: 0f1f 4400 | 0048 b8f0 | 1405 0001 

  0x0000018e3e701bd4: ;   {virtual_call}
  0x0000018e3e701bd4: 0000 00e8 

  0x0000018e3e701bd8: ; ImmutableOopMap {[152]=Oop [160]=Oop [168]=Oop [144]=Oop }
                      ;*invokevirtual defineOrCheckPackage {reexecute=0 rethrow=0 return_oop=0}
                      ; - jdk.internal.loader.BuiltinClassLoader::defineClass@40
  0x0000018e3e701bd8: c4fa ffff | 4c8b 8c24 | 9800 0000 | 488d 9424 | e000 0000 | 4c89 4a08 | 498b 0148 | 83c8 0148 
  0x0000018e3e701bf8: 8902 f049 | 0fb1 110f | 8413 0000 | 0048 2bc4 | 4881 e007 | f0ff ff48 | 8902 0f85 | 9503 0000 
  0x0000018e3e701c18: 418b 510c | 4883 fa00 | 0f85 4700 | 0000 498b | d10f 1f40 | 0048 b890 | 5801 0001 

  0x0000018e3e701c34: ;   {virtual_call}
  0x0000018e3e701c34: 0000 00e8 

  0x0000018e3e701c38: ; ImmutableOopMap {[160]=Oop [168]=Oop [144]=Oop [152]=Oop [232]=Oop }
                      ;*invokevirtual getInputStream {reexecute=0 rethrow=0 return_oop=0}
                      ; - jdk.internal.loader.Resource::cachedInputStream@9
                      ; - jdk.internal.loader.Resource::getByteBuffer@1
                      ; - jdk.internal.loader.BuiltinClassLoader::defineClass@45
  0x0000018e3e701c38: 649d 0200 | 410f be57 | 3883 fa00 | 4c8b 8c24 | 9800 0000 | 0f85 6e03 | 0000 4c8b | d045 8951 
  0x0000018e3e701c58: 0c49 8bd1 | 4833 d048 | c1ea 1448 | 83fa 000f | 856f 0300 | 0041 8b51 | 0c48 8d84 | 24e0 0000 
  0x0000018e3e701c78: 0048 8b30 | 4885 f60f | 840f 0000 | 0048 8b78 | 08f0 480f | b137 0f85 | 6003 0000 | 4883 fa00 
  0x0000018e3e701c98: 0f84 3b00 

  0x0000018e3e701c9c: ;   {metadata('sun/nio/ByteBuffered')}
  0x0000018e3e701c9c: 0000 48b8 | 589b 0200 | 0100 0000 | 8b5a 0848 | c1e3 0348 | 3b43 200f | 8425 0000 | 0048 3bd8 
  0x0000018e3e701cbc: 0f84 1c00 | 0000 5350 

  0x0000018e3e701cc4: ;   {runtime_call slow_subtype_check Runtime1 stub}
  0x0000018e3e701cc4: e837 3edb | ff5b 5b83 | fb00 0f84 | 0500 0000 | e905 0000 | 0048 33f6 | eb0a 48be | 0100 0000 
  0x0000018e3e701ce4: 0000 0000 | 83fe 000f | 8460 0000 | 0048 83fa | 000f 843b 

  0x0000018e3e701cf8: ;   {metadata('sun/nio/ByteBuffered')}
  0x0000018e3e701cf8: 0000 0048 | bb58 9b02 | 0001 0000 | 008b 7a08 | 48c1 e703 | 483b 5f20 | 0f84 2000 | 0000 483b 
  0x0000018e3e701d18: fb0f 8417 | 0000 0057 

  0x0000018e3e701d20: ;   {runtime_call slow_subtype_check Runtime1 stub}
  0x0000018e3e701d20: 53e8 da3d | dbff 5f5f | 83ff 000f | 84d9 0200 | 00e9 0000 | 0000 0f1f | 8000 0000 | 0048 b8ff 
  0x0000018e3e701d40: ffff ffff 

  0x0000018e3e701d44: ;   {virtual_call}
  0x0000018e3e701d44: ffff ffe8 

  0x0000018e3e701d48: ; ImmutableOopMap {[160]=Oop [168]=Oop [144]=Oop [152]=Oop }
                      ;*invokeinterface getByteBuffer {reexecute=0 rethrow=0 return_oop=0}
                      ; - jdk.internal.loader.Resource::getByteBuffer@16
                      ; - jdk.internal.loader.BuiltinClassLoader::defineClass@45
  0x0000018e3e701d48: 34f9 d0ff | e90a 0000 

  0x0000018e3e701d50: ;   {oop(NULL)}
  0x0000018e3e701d50: 0048 b800 | 0000 0000 | 0000 0048 | 83f8 000f | 84dd 0000 | 0048 8984 | 24b8 0000 | 0048 8b94 
  0x0000018e3e701d70: 2498 0000 | 0048 b8ff | ffff ffff 

  0x0000018e3e701d7c: ;   {virtual_call}
  0x0000018e3e701d7c: ffff ffe8 

  0x0000018e3e701d80: ; ImmutableOopMap {[160]=Oop [168]=Oop [144]=Oop [184]=Oop }
                      ;*invokevirtual getCodeSigners {reexecute=0 rethrow=0 return_oop=0}
                      ; - jdk.internal.loader.BuiltinClassLoader::defineClass@56
  0x0000018e3e701d80: fcf8 d0ff 

  0x0000018e3e701d84: ;   {metadata('java/security/CodeSource')}
  0x0000018e3e701d84: 4c8b c848 | ba68 1b05 | 0001 0000 | 0049 8b87 | 0801 0000 | 488d 7828 | 493b bf18 | 0100 000f 
  0x0000018e3e701da4: 876a 0200 | 0049 89bf | 0801 0000 | 48c7 0001 | 0000 0048 | 8bca 48c1 | e903 8948 | 0848 33c9 
  0x0000018e3e701dc4: 8948 0c48 | 33c9 4889 | 4810 4889 | 4818 4889 | 4820 4c8b | 8424 a800 | 0000 488b | d048 8984 
  0x0000018e3e701de4: 24c0 0000 | 0066 0f1f 

  0x0000018e3e701dec: ;   {optimized virtual_call}
  0x0000018e3e701dec: 4400 00e8 

  0x0000018e3e701df0: ; ImmutableOopMap {[160]=Oop [144]=Oop [184]=Oop [192]=Oop }
                      ;*invokespecial <init> {reexecute=0 rethrow=0 return_oop=0}
                      ; - jdk.internal.loader.BuiltinClassLoader::defineClass@68
  0x0000018e3e701df0: 8cf5 d0ff | 4c8b 8424 | c000 0000 | 488b 9424 | a000 0000 

  0x0000018e3e701e04: ;   {optimized virtual_call}
  0x0000018e3e701e04: 6666 90e8 

  0x0000018e3e701e08: ; ImmutableOopMap {[160]=Oop [144]=Oop [184]=Oop }
                      ;*invokevirtual getProtectionDomain {reexecute=0 rethrow=0 return_oop=0}
                      ; - java.security.SecureClassLoader::defineClass@5
                      ; - jdk.internal.loader.BuiltinClassLoader::defineClass@79
  0x0000018e3e701e08: 74f5 d0ff | 4c8b 8424 | 9000 0000 | 4c8b 8c24 | b800 0000 | 488b f848 | 8b94 24a0 

  0x0000018e3e701e24: ;   {optimized virtual_call}
  0x0000018e3e701e24: 0000 00e8 

  0x0000018e3e701e28: ; ImmutableOopMap {}
                      ;*invokevirtual defineClass {reexecute=0 rethrow=0 return_oop=0}
                      ; - java.security.SecureClassLoader::defineClass@8
                      ; - jdk.internal.loader.BuiltinClassLoader::defineClass@79
  0x0000018e3e701e28: 54f5 d0ff | 4881 c400 | 0100 005d 

  0x0000018e3e701e34: ;   {poll_return}
  0x0000018e3e701e34: 493b a750 | 0300 000f | 87df 0100 | 00c3 4c8b | 8c24 9800 | 0000 498b | d148 b890 | 5801 0001 
  0x0000018e3e701e54: ;   {virtual_call}
  0x0000018e3e701e54: 0000 00e8 

  0x0000018e3e701e58: ; ImmutableOopMap {[160]=Oop [144]=Oop [152]=Oop [168]=Oop }
                      ;*invokevirtual getBytes {reexecute=0 rethrow=0 return_oop=0}
                      ; - jdk.internal.loader.BuiltinClassLoader::defineClass@84
  0x0000018e3e701e58: 049f 0200 | 4889 8424 | c800 0000 | 488b 9424 | 9800 0000 | 9048 b890 | 5801 0001 

  0x0000018e3e701e74: ;   {virtual_call}
  0x0000018e3e701e74: 0000 00e8 

  0x0000018e3e701e78: ; ImmutableOopMap {[160]=Oop [144]=Oop [168]=Oop [200]=Oop }
                      ;*invokevirtual getCodeSigners {reexecute=0 rethrow=0 return_oop=0}
                      ; - jdk.internal.loader.BuiltinClassLoader::defineClass@90
  0x0000018e3e701e78: a4a7 0200 

  0x0000018e3e701e7c: ;   {metadata('java/security/CodeSource')}
  0x0000018e3e701e7c: 4c8b c848 | ba68 1b05 | 0001 0000 | 0049 8b87 | 0801 0000 | 488d 7828 | 493b bf18 | 0100 000f 
  0x0000018e3e701e9c: 8795 0100 | 0049 89bf | 0801 0000 | 48c7 0001 | 0000 0048 | 8bca 48c1 | e903 8948 | 0848 33c9 
  0x0000018e3e701ebc: 8948 0c48 | 33c9 4889 | 4810 4889 | 4818 4889 | 4820 4c8b | 8424 a800 | 0000 488b | d048 8984 
  0x0000018e3e701edc: 24d0 0000 | 0066 0f1f 

  0x0000018e3e701ee4: ;   {optimized virtual_call}
  0x0000018e3e701ee4: 4400 00e8 

  0x0000018e3e701ee8: ; ImmutableOopMap {[160]=Oop [144]=Oop [200]=Oop [208]=Oop }
                      ;*invokespecial <init> {reexecute=0 rethrow=0 return_oop=0}
                      ; - jdk.internal.loader.BuiltinClassLoader::defineClass@102
  0x0000018e3e701ee8: 7431 0000 | 488b 8424 | c800 0000 

  0x0000018e3e701ef4: ; implicit exception: dispatches to 0x0000018e3e702043
  0x0000018e3e701ef4: 8b70 0c4c | 8b84 24d0 | 0000 0048 | 8b94 24a0 | 0000 0089 | b424 d800 

  0x0000018e3e701f0c: ;   {optimized virtual_call}
  0x0000018e3e701f0c: 0000 90e8 

  0x0000018e3e701f10: ; ImmutableOopMap {[160]=Oop [144]=Oop [200]=Oop }
                      ;*invokevirtual getProtectionDomain {reexecute=0 rethrow=0 return_oop=0}
                      ; - java.security.SecureClassLoader::defineClass@9
                      ; - jdk.internal.loader.BuiltinClassLoader::defineClass@117
  0x0000018e3e701f10: 4c18 0200 | 4c8b 8424 | 9000 0000 | 4c8b 8c24 | c800 0000 | bf00 0000 | 008b b424 | d800 0000 
  0x0000018e3e701f30: 488b c848 | 8b94 24a0 | 0000 000f 

  0x0000018e3e701f3c: ;   {optimized virtual_call}
  0x0000018e3e701f3c: 1f40 00e8 

  0x0000018e3e701f40: ; ImmutableOopMap {}
                      ;*invokevirtual defineClass {reexecute=0 rethrow=0 return_oop=0}
                      ; - java.security.SecureClassLoader::defineClass@12
                      ; - jdk.internal.loader.BuiltinClassLoader::defineClass@117
  0x0000018e3e701f40: bc3e 0200 | 4881 c400 | 0100 005d 

  0x0000018e3e701f4c: ;   {poll_return}
  0x0000018e3e701f4c: 493b a750 | 0300 000f | 87ef 0000 | 00c3 498b | 87e0 0300 | 004d 33d2 | 4d89 97e0 | 0300 004d 
  0x0000018e3e701f6c: 33d2 4d89 | 97e8 0300 | 0048 8bf0 | 488d 8424 | e000 0000 | 488b 3848 | 85ff 0f84 | 0f00 0000 
  0x0000018e3e701f8c: 488b 5808 | f048 0fb1 | 3b0f 85c3 | 0000 0048 | 8bc6 e9f0 

  0x0000018e3e701fa0: ;   {runtime_call throw_null_pointer_exception Runtime1 stub}
  0x0000018e3e701fa0: 0000 00e8 

  0x0000018e3e701fa4: ; ImmutableOopMap {[152]=Oop [160]=Oop rax=Oop [168]=Oop r8=Oop [144]=Oop }
                      ;*invokevirtual lastIndexOf {reexecute=0 rethrow=0 return_oop=0}
                      ; - jdk.internal.loader.BuiltinClassLoader::defineClass@8
  0x0000018e3e701fa4: 7811 dbff 

  0x0000018e3e701fa8: ;   {runtime_call throw_null_pointer_exception Runtime1 stub}
  0x0000018e3e701fa8: e873 11db 

  0x0000018e3e701fac: ; ImmutableOopMap {[152]=Oop [160]=Oop rax=Oop [168]=Oop r8=Oop [144]=Oop rsi=Oop }
                      ;*arraylength {reexecute=0 rethrow=0 return_oop=0}
                      ; - java.lang.String::length@4
                      ; - java.lang.String::lastIndexOf@3
                      ; - jdk.internal.loader.BuiltinClassLoader::defineClass@8
  0x0000018e3e701fac: ff4c 894c | 2408 4889 

  0x0000018e3e701fb4: ;   {runtime_call monitorenter_nofpu Runtime1 stub}
  0x0000018e3e701fb4: 1424 e845 

  0x0000018e3e701fb8: ; ImmutableOopMap {[160]=Oop [168]=Oop [144]=Oop r9=Oop [152]=Oop [232]=Oop }
                      ;*synchronization entry
                      ; - jdk.internal.loader.Resource::cachedInputStream@-1
                      ; - jdk.internal.loader.Resource::getByteBuffer@1
                      ; - jdk.internal.loader.BuiltinClassLoader::defineClass@45
  0x0000018e3e701fb8: 41db ffe9 | 58fc ffff | 418b 510c | 4883 fa00 | 0f84 84fc | ffff 4889 

  0x0000018e3e701fd0: ;   {runtime_call g1_pre_barrier_slow}
  0x0000018e3e701fd0: 1424 e829 | 68db ffe9 | 76fc ffff | 4883 f800 | 0f84 87fc | ffff 4c89 

  0x0000018e3e701fe8: ;   {runtime_call g1_post_barrier_slow}
  0x0000018e3e701fe8: 0c24 e811 | 6bdb ffe9 | 79fc ffff | 488d 8424 | e000 0000 | 4889 0424 

  0x0000018e3e702000: ;   {runtime_call monitorexit_nofpu Runtime1 stub}
  0x0000018e3e702000: e8fb 46db | ffe9 8afc | ffff 4889 

  0x0000018e3e70200c: ;   {runtime_call throw_class_cast_exception Runtime1 stub}
  0x0000018e3e70200c: 1424 e80d 

  0x0000018e3e702010: ; ImmutableOopMap {[160]=Oop [168]=Oop [144]=Oop [152]=Oop }
                      ;*checkcast {reexecute=0 rethrow=0 return_oop=0}
                      ; - jdk.internal.loader.Resource::getByteBuffer@13
                      ; - jdk.internal.loader.BuiltinClassLoader::defineClass@45
  0x0000018e3e702010: 35db ff48 

  0x0000018e3e702014: ;   {runtime_call fast_new_instance Runtime1 stub}
  0x0000018e3e702014: 8bd2 e8e5 

  0x0000018e3e702018: ; ImmutableOopMap {[160]=Oop [168]=Oop [144]=Oop [184]=Oop r9=Oop }
                      ;*new {reexecute=0 rethrow=0 return_oop=0}
                      ; - jdk.internal.loader.BuiltinClassLoader::defineClass@61
  0x0000018e3e702018: 19db ffe9 | b6fd ffff 

  0x0000018e3e702020: ;   {internal_word}
  0x0000018e3e702020: 49ba 341e | 703e 8e01 | 0000 4d89 | 9768 0300 

  0x0000018e3e702030: ;   {runtime_call SafepointBlob}
  0x0000018e3e702030: 00e9 ca59 | d1ff 488b 

  0x0000018e3e702038: ;   {runtime_call fast_new_instance Runtime1 stub}
  0x0000018e3e702038: d2e8 c219 

  0x0000018e3e70203c: ; ImmutableOopMap {[160]=Oop [144]=Oop [168]=Oop [200]=Oop r9=Oop }
                      ;*new {reexecute=0 rethrow=0 return_oop=0}
                      ; - jdk.internal.loader.BuiltinClassLoader::defineClass@95
  0x0000018e3e70203c: dbff e98b 

  0x0000018e3e702040: ;   {runtime_call throw_null_pointer_exception Runtime1 stub}
  0x0000018e3e702040: feff ffe8 

  0x0000018e3e702044: ; ImmutableOopMap {[160]=Oop [144]=Oop [208]=Oop rax=Oop [200]=Oop }
                      ;*arraylength {reexecute=0 rethrow=0 return_oop=0}
                      ; - jdk.internal.loader.BuiltinClassLoader::defineClass@114
  0x0000018e3e702044: d810 dbff 

  0x0000018e3e702048: ;   {internal_word}
  0x0000018e3e702048: 49ba 4c1f | 703e 8e01 | 0000 4d89 | 9768 0300 

  0x0000018e3e702058: ;   {runtime_call SafepointBlob}
  0x0000018e3e702058: 00e9 a259 | d1ff 488d | 8424 e000 | 0000 4889 

  0x0000018e3e702068: ;   {runtime_call monitorexit_nofpu Runtime1 stub}
  0x0000018e3e702068: 0424 e891 | 46db ffe9 | 27ff ffff | 9090 498b | 87e0 0300 | 0049 c787 | e003 0000 | 0000 0000 
  0x0000018e3e702088: 49c7 87e8 | 0300 0000 | 0000 0048 | 81c4 0001 

  0x0000018e3e702098: ;   {runtime_call unwind_exception Runtime1 stub}
  0x0000018e3e702098: 0000 5de9 | 6001 dbff 
[Stub Code]
  0x0000018e3e7020a0: ;   {no_reloc}
  0x0000018e3e7020a0: 0f1f 4400 

  0x0000018e3e7020a4: ;   {static_stub}
  0x0000018e3e7020a4: 0048 bb00 | 0000 0000 

  0x0000018e3e7020ac: ;   {runtime_call}
  0x0000018e3e7020ac: 0000 00e9 | fbff ffff 

  0x0000018e3e7020b4: ;   {static_stub}
  0x0000018e3e7020b4: 9048 bb00 | 0000 0000 

  0x0000018e3e7020bc: ;   {runtime_call}
  0x0000018e3e7020bc: 0000 00e9 | fbff ffff 

  0x0000018e3e7020c4: ;   {static_stub}
  0x0000018e3e7020c4: 9048 bb00 | 0000 0000 

  0x0000018e3e7020cc: ;   {runtime_call}
  0x0000018e3e7020cc: 0000 00e9 | fbff ffff 

  0x0000018e3e7020d4: ;   {static_stub}
  0x0000018e3e7020d4: 9048 bb00 | 0000 0000 

  0x0000018e3e7020dc: ;   {runtime_call}
  0x0000018e3e7020dc: 0000 00e9 | fbff ffff 

  0x0000018e3e7020e4: ;   {static_stub}
  0x0000018e3e7020e4: 9048 bb00 | 0000 0000 

  0x0000018e3e7020ec: ;   {runtime_call}
  0x0000018e3e7020ec: 0000 00e9 | fbff ffff 

  0x0000018e3e7020f4: ;   {static_stub}
  0x0000018e3e7020f4: 9048 bb00 | 0000 0000 

  0x0000018e3e7020fc: ;   {runtime_call}
  0x0000018e3e7020fc: 0000 00e9 | fbff ffff 

  0x0000018e3e702104: ;   {static_stub}
  0x0000018e3e702104: 9048 bb00 | 0000 0000 

  0x0000018e3e70210c: ;   {runtime_call}
  0x0000018e3e70210c: 0000 00e9 | fbff ffff 

  0x0000018e3e702114: ;   {static_stub}
  0x0000018e3e702114: 9048 bb00 | 0000 0000 

  0x0000018e3e70211c: ;   {runtime_call}
  0x0000018e3e70211c: 0000 00e9 | fbff ffff 

  0x0000018e3e702124: ;   {static_stub}
  0x0000018e3e702124: 9048 bb00 | 0000 0000 

  0x0000018e3e70212c: ;   {runtime_call}
  0x0000018e3e70212c: 0000 00e9 | fbff ffff 

  0x0000018e3e702134: ;   {static_stub}
  0x0000018e3e702134: 9048 bb00 | 0000 0000 

  0x0000018e3e70213c: ;   {runtime_call}
  0x0000018e3e70213c: 0000 00e9 | fbff ffff 

  0x0000018e3e702144: ;   {static_stub}
  0x0000018e3e702144: 9048 bb00 | 0000 0000 

  0x0000018e3e70214c: ;   {runtime_call}
  0x0000018e3e70214c: 0000 00e9 | fbff ffff 

  0x0000018e3e702154: ;   {static_stub}
  0x0000018e3e702154: 9048 bb00 | 0000 0000 

  0x0000018e3e70215c: ;   {runtime_call}
  0x0000018e3e70215c: 0000 00e9 | fbff ffff 

  0x0000018e3e702164: ;   {static_stub}
  0x0000018e3e702164: 9048 bb00 | 0000 0000 

  0x0000018e3e70216c: ;   {runtime_call}
  0x0000018e3e70216c: 0000 00e9 | fbff ffff 

  0x0000018e3e702174: ;   {static_stub}
  0x0000018e3e702174: 9048 bb00 | 0000 0000 

  0x0000018e3e70217c: ;   {runtime_call}
  0x0000018e3e70217c: 0000 00e9 | fbff ffff 

  0x0000018e3e702184: ;   {static_stub}
  0x0000018e3e702184: 9048 bb20 | 3c0c 478e 

  0x0000018e3e70218c: ;   {runtime_call I2C/C2I adapters}
  0x0000018e3e70218c: 0100 00e9 | 44b8 d0ff 

  0x0000018e3e702194: ;   {static_stub}
  0x0000018e3e702194: 9048 bbb8 | 1e03 478e 

  0x0000018e3e70219c: ;   {runtime_call I2C/C2I adapters}
  0x0000018e3e70219c: 0100 00e9 | b044 d1ff 

  0x0000018e3e7021a4: ;   {static_stub}
  0x0000018e3e7021a4: 9048 bbe0 | dc01 478e 

  0x0000018e3e7021ac: ;   {runtime_call I2C/C2I adapters}
  0x0000018e3e7021ac: 0100 00e9 | 2e55 d0ff 
[Exception Handler]
  0x0000018e3e7021b4: ;   {runtime_call handle_exception_from_callee Runtime1 stub}
  0x0000018e3e7021b4: e847 2ddb 

  0x0000018e3e7021b8: ;   {external_word}
  0x0000018e3e7021b8: ff48 b940 | 9a87 57fe | 7f00 0048 

  0x0000018e3e7021c4: ;   {runtime_call}
  0x0000018e3e7021c4: 83e4 f049 | ba60 2d50 | 57fe 7f00 | 0041 ffd2 

  0x0000018e3e7021d4: ;   {section_word}
  0x0000018e3e7021d4: f449 bad5 | 2170 3e8e | 0100 0041 

  0x0000018e3e7021e0: ;   {runtime_call DeoptimizationBlob}
  0x0000018e3e7021e0: 52e9 ba4a | d1ff f4f4 
[/MachCode]


---------------  P R O C E S S  ---------------

Threads class SMR info:
_java_thread_list=0x0000018e4bc37270, length=15, elements={
0x0000018e3b72e9b0, 0x0000018e46556740, 0x0000018e46557e20, 0x0000018e46595010,
0x0000018e46595e90, 0x0000018e46599d70, 0x0000018e4659cf50, 0x0000018e466a0080,
0x0000018e466a0db0, 0x0000018e468acb40, 0x0000018e468be010, 0x0000018e468c2950,
0x0000018e468bbb80, 0x0000018e4bc38c30, 0x0000018e4bc393d0
}

Java Threads: ( => current thread )
  0x0000018e3b72e9b0 JavaThread "main" [_thread_in_vm, id=10700, stack(0x0000001c1e000000,0x0000001c1e100000)]
  0x0000018e46556740 JavaThread "Reference Handler" daemon [_thread_blocked, id=16736, stack(0x0000001c1e700000,0x0000001c1e800000)]
  0x0000018e46557e20 JavaThread "Finalizer" daemon [_thread_blocked, id=20796, stack(0x0000001c1e800000,0x0000001c1e900000)]
  0x0000018e46595010 JavaThread "Signal Dispatcher" daemon [_thread_blocked, id=3544, stack(0x0000001c1e900000,0x0000001c1ea00000)]
  0x0000018e46595e90 JavaThread "Attach Listener" daemon [_thread_blocked, id=12884, stack(0x0000001c1ea00000,0x0000001c1eb00000)]
  0x0000018e46599d70 JavaThread "Service Thread" daemon [_thread_blocked, id=22976, stack(0x0000001c1eb00000,0x0000001c1ec00000)]
  0x0000018e4659cf50 JavaThread "Monitor Deflation Thread" daemon [_thread_blocked, id=22756, stack(0x0000001c1ec00000,0x0000001c1ed00000)]
  0x0000018e466a0080 JavaThread "C1 CompilerThread0" daemon [_thread_blocked, id=14832, stack(0x0000001c1ed00000,0x0000001c1ee00000)]
  0x0000018e466a0db0 JavaThread "Sweeper thread" daemon [_thread_blocked, id=6428, stack(0x0000001c1ee00000,0x0000001c1ef00000)]
  0x0000018e468acb40 JavaThread "C1 CompilerThread1" daemon [_thread_blocked, id=20460, stack(0x0000001c1ef00000,0x0000001c1f000000)]
  0x0000018e468be010 JavaThread "C1 CompilerThread2" daemon [_thread_blocked, id=22840, stack(0x0000001c1f000000,0x0000001c1f100000)]
  0x0000018e468c2950 JavaThread "Notification Thread" daemon [_thread_blocked, id=3440, stack(0x0000001c1f100000,0x0000001c1f200000)]
  0x0000018e468bbb80 JavaThread "Common-Cleaner" daemon [_thread_blocked, id=6308, stack(0x0000001c1f300000,0x0000001c1f400000)]
=>0x0000018e4bc38c30 JavaThread "background-preinit" [_thread_in_vm, id=1740, stack(0x0000001c1f900000,0x0000001c1fa00000)]
  0x0000018e4bc393d0 JavaThread "C1 CompilerThread3" daemon [_thread_blocked, id=22164, stack(0x0000001c1fa00000,0x0000001c1fb00000)]

Other Threads:
  0x0000018e46533f60 VMThread "VM Thread" [stack: 0x0000001c1e600000,0x0000001c1e700000] [id=23144]
  0x0000018e468bb4d0 WatcherThread [stack: 0x0000001c1f200000,0x0000001c1f300000] [id=24500]
  0x0000018e3b76d1e0 GCTaskThread "GC Thread#0" [stack: 0x0000001c1e100000,0x0000001c1e200000] [id=24060]
  0x0000018e4b8d0f40 GCTaskThread "GC Thread#1" [stack: 0x0000001c1f400000,0x0000001c1f500000] [id=22312]
  0x0000018e4b91d990 GCTaskThread "GC Thread#2" [stack: 0x0000001c1f500000,0x0000001c1f600000] [id=15084]
  0x0000018e4b91dc50 GCTaskThread "GC Thread#3" [stack: 0x0000001c1f600000,0x0000001c1f700000] [id=14548]
  0x0000018e4bb3fcc0 GCTaskThread "GC Thread#4" [stack: 0x0000001c1f700000,0x0000001c1f800000] [id=23788]
  0x0000018e4bb3ff80 GCTaskThread "GC Thread#5" [stack: 0x0000001c1f800000,0x0000001c1f900000] [id=23660]
  0x0000018e3b776200 ConcurrentGCThread "G1 Main Marker" [stack: 0x0000001c1e200000,0x0000001c1e300000] [id=21008]
  0x0000018e3b7773c0 ConcurrentGCThread "G1 Conc#0" [stack: 0x0000001c1e300000,0x0000001c1e400000] [id=7640]
  0x0000018e3b7de7e0 ConcurrentGCThread "G1 Refine#0" [stack: 0x0000001c1e400000,0x0000001c1e500000] [id=5172]
  0x0000018e463b02f0 ConcurrentGCThread "G1 Service" [stack: 0x0000001c1e500000,0x0000001c1e600000] [id=3356]

Threads with active compile tasks:

VM state: not at safepoint (normal execution)

VM Mutex/Monitor currently owned by a thread:  ([mutex/lock_event])
[0x0000018e3951b870] Metaspace_lock - owner thread: 0x0000018e4bc38c30

Heap address: 0x00000000c0000000, size: 1024 MB, Compressed Oops mode: 32-bit

CDS archive(s) not mapped
Compressed class space mapped at: 0x0000000100000000-0x0000000140000000, reserved size: 1073741824
Narrow klass base: 0x0000000000000000, Narrow klass shift: 3, Narrow klass range: 0x140000000

GC Precious Log:
 CPUs: 8 total, 8 available
 Memory: 7416M
 Large Page Support: Disabled
 NUMA Support: Disabled
 Compressed Oops: Enabled (32-bit)
 Heap Region Size: 1M
 Heap Min Capacity: 8M
 Heap Initial Capacity: 116M
 Heap Max Capacity: 1G
 Pre-touch: Disabled
 Parallel Workers: 8
 Concurrent Workers: 2
 Concurrent Refinement Workers: 8
 Periodic GC: Disabled

Heap:
 garbage-first heap   total 118784K, used 37930K [0x00000000c0000000, 0x0000000100000000)
  region size 1024K, 23 young (23552K), 2 survivors (2048K)
 Metaspace       used 18671K, committed 18880K, reserved 1114112K
  class space    used 2322K, committed 2432K, reserved 1048576K

Heap Regions: E=young(eden), S=young(survivor), O=old, HS=humongous(starts), HC=humongous(continues), CS=collection set, F=free, OA=open archive, CA=closed archive, TAMS=top-at-mark-start (previous, next)
|   0|0x00000000c0000000, 0x00000000c0100000, 0x00000000c0100000|100%|HS|  |TAMS 0x00000000c0000000, 0x00000000c0000000| Complete 
|   1|0x00000000c0100000, 0x00000000c0200000, 0x00000000c0200000|100%|HC|  |TAMS 0x00000000c0100000, 0x00000000c0100000| Complete 
|   2|0x00000000c0200000, 0x00000000c0300000, 0x00000000c0300000|100%|HC|  |TAMS 0x00000000c0200000, 0x00000000c0200000| Complete 
|   3|0x00000000c0300000, 0x00000000c0400000, 0x00000000c0400000|100%|HC|  |TAMS 0x00000000c0300000, 0x00000000c0300000| Complete 
|   4|0x00000000c0400000, 0x00000000c0500000, 0x00000000c0500000|100%|HS|  |TAMS 0x00000000c0400000, 0x00000000c0400000| Complete 
|   5|0x00000000c0500000, 0x00000000c0600000, 0x00000000c0600000|100%|HC|  |TAMS 0x00000000c0500000, 0x00000000c0500000| Complete 
|   6|0x00000000c0600000, 0x00000000c0700000, 0x00000000c0700000|100%| O|  |TAMS 0x00000000c0600000, 0x00000000c0600000| Untracked 
|   7|0x00000000c0700000, 0x00000000c0800000, 0x00000000c0800000|100%| O|  |TAMS 0x00000000c0700000, 0x00000000c0700000| Untracked 
|   8|0x00000000c0800000, 0x00000000c0900000, 0x00000000c0900000|100%| O|  |TAMS 0x00000000c0800000, 0x00000000c0800000| Untracked 
|   9|0x00000000c0900000, 0x00000000c0a00000, 0x00000000c0a00000|100%| O|  |TAMS 0x00000000c0900000, 0x00000000c0900000| Untracked 
|  10|0x00000000c0a00000, 0x00000000c0b00000, 0x00000000c0b00000|100%| O|  |TAMS 0x00000000c0a00000, 0x00000000c0a00000| Untracked 
|  11|0x00000000c0b00000, 0x00000000c0c00000, 0x00000000c0c00000|100%| O|  |TAMS 0x00000000c0b00000, 0x00000000c0b00000| Untracked 
|  12|0x00000000c0c00000, 0x00000000c0d00000, 0x00000000c0d00000|100%| O|  |TAMS 0x00000000c0c00000, 0x00000000c0c00000| Untracked 
|  13|0x00000000c0d00000, 0x00000000c0e00000, 0x00000000c0e00000|100%| O|  |TAMS 0x00000000c0d00000, 0x00000000c0d00000| Untracked 
|  14|0x00000000c0e00000, 0x00000000c0f00000, 0x00000000c0f00000|100%| O|  |TAMS 0x00000000c0e00000, 0x00000000c0e00000| Untracked 
|  15|0x00000000c0f00000, 0x00000000c0f47a00, 0x00000000c1000000| 27%| O|  |TAMS 0x00000000c0f00000, 0x00000000c0f00000| Untracked 
|  16|0x00000000c1000000, 0x00000000c1000000, 0x00000000c1100000|  0%| F|  |TAMS 0x00000000c1000000, 0x00000000c1000000| Untracked 
|  17|0x00000000c1100000, 0x00000000c1100000, 0x00000000c1200000|  0%| F|  |TAMS 0x00000000c1100000, 0x00000000c1100000| Untracked 
|  18|0x00000000c1200000, 0x00000000c1200000, 0x00000000c1300000|  0%| F|  |TAMS 0x00000000c1200000, 0x00000000c1200000| Untracked 
|  19|0x00000000c1300000, 0x00000000c1300000, 0x00000000c1400000|  0%| F|  |TAMS 0x00000000c1300000, 0x00000000c1300000| Untracked 
|  20|0x00000000c1400000, 0x00000000c1400000, 0x00000000c1500000|  0%| F|  |TAMS 0x00000000c1400000, 0x00000000c1400000| Untracked 
|  21|0x00000000c1500000, 0x00000000c1500000, 0x00000000c1600000|  0%| F|  |TAMS 0x00000000c1500000, 0x00000000c1500000| Untracked 
|  22|0x00000000c1600000, 0x00000000c1600000, 0x00000000c1700000|  0%| F|  |TAMS 0x00000000c1600000, 0x00000000c1600000| Untracked 
|  23|0x00000000c1700000, 0x00000000c1700000, 0x00000000c1800000|  0%| F|  |TAMS 0x00000000c1700000, 0x00000000c1700000| Untracked 
|  24|0x00000000c1800000, 0x00000000c1800000, 0x00000000c1900000|  0%| F|  |TAMS 0x00000000c1800000, 0x00000000c1800000| Untracked 
|  25|0x00000000c1900000, 0x00000000c1900000, 0x00000000c1a00000|  0%| F|  |TAMS 0x00000000c1900000, 0x00000000c1900000| Untracked 
|  26|0x00000000c1a00000, 0x00000000c1a00000, 0x00000000c1b00000|  0%| F|  |TAMS 0x00000000c1a00000, 0x00000000c1a00000| Untracked 
|  27|0x00000000c1b00000, 0x00000000c1b00000, 0x00000000c1c00000|  0%| F|  |TAMS 0x00000000c1b00000, 0x00000000c1b00000| Untracked 
|  28|0x00000000c1c00000, 0x00000000c1c00000, 0x00000000c1d00000|  0%| F|  |TAMS 0x00000000c1c00000, 0x00000000c1c00000| Untracked 
|  29|0x00000000c1d00000, 0x00000000c1d00000, 0x00000000c1e00000|  0%| F|  |TAMS 0x00000000c1d00000, 0x00000000c1d00000| Untracked 
|  30|0x00000000c1e00000, 0x00000000c1e00000, 0x00000000c1f00000|  0%| F|  |TAMS 0x00000000c1e00000, 0x00000000c1e00000| Untracked 
|  31|0x00000000c1f00000, 0x00000000c1f00000, 0x00000000c2000000|  0%| F|  |TAMS 0x00000000c1f00000, 0x00000000c1f00000| Untracked 
|  32|0x00000000c2000000, 0x00000000c2000000, 0x00000000c2100000|  0%| F|  |TAMS 0x00000000c2000000, 0x00000000c2000000| Untracked 
|  33|0x00000000c2100000, 0x00000000c2100000, 0x00000000c2200000|  0%| F|  |TAMS 0x00000000c2100000, 0x00000000c2100000| Untracked 
|  34|0x00000000c2200000, 0x00000000c2200000, 0x00000000c2300000|  0%| F|  |TAMS 0x00000000c2200000, 0x00000000c2200000| Untracked 
|  35|0x00000000c2300000, 0x00000000c2300000, 0x00000000c2400000|  0%| F|  |TAMS 0x00000000c2300000, 0x00000000c2300000| Untracked 
|  36|0x00000000c2400000, 0x00000000c2400000, 0x00000000c2500000|  0%| F|  |TAMS 0x00000000c2400000, 0x00000000c2400000| Untracked 
|  37|0x00000000c2500000, 0x00000000c2500000, 0x00000000c2600000|  0%| F|  |TAMS 0x00000000c2500000, 0x00000000c2500000| Untracked 
|  38|0x00000000c2600000, 0x00000000c2600000, 0x00000000c2700000|  0%| F|  |TAMS 0x00000000c2600000, 0x00000000c2600000| Untracked 
|  39|0x00000000c2700000, 0x00000000c2700000, 0x00000000c2800000|  0%| F|  |TAMS 0x00000000c2700000, 0x00000000c2700000| Untracked 
|  40|0x00000000c2800000, 0x00000000c2800000, 0x00000000c2900000|  0%| F|  |TAMS 0x00000000c2800000, 0x00000000c2800000| Untracked 
|  41|0x00000000c2900000, 0x00000000c2900000, 0x00000000c2a00000|  0%| F|  |TAMS 0x00000000c2900000, 0x00000000c2900000| Untracked 
|  42|0x00000000c2a00000, 0x00000000c2a00000, 0x00000000c2b00000|  0%| F|  |TAMS 0x00000000c2a00000, 0x00000000c2a00000| Untracked 
|  43|0x00000000c2b00000, 0x00000000c2b00000, 0x00000000c2c00000|  0%| F|  |TAMS 0x00000000c2b00000, 0x00000000c2b00000| Untracked 
|  44|0x00000000c2c00000, 0x00000000c2c00000, 0x00000000c2d00000|  0%| F|  |TAMS 0x00000000c2c00000, 0x00000000c2c00000| Untracked 
|  45|0x00000000c2d00000, 0x00000000c2d00000, 0x00000000c2e00000|  0%| F|  |TAMS 0x00000000c2d00000, 0x00000000c2d00000| Untracked 
|  46|0x00000000c2e00000, 0x00000000c2e00000, 0x00000000c2f00000|  0%| F|  |TAMS 0x00000000c2e00000, 0x00000000c2e00000| Untracked 
|  47|0x00000000c2f00000, 0x00000000c2f00000, 0x00000000c3000000|  0%| F|  |TAMS 0x00000000c2f00000, 0x00000000c2f00000| Untracked 
|  48|0x00000000c3000000, 0x00000000c3000000, 0x00000000c3100000|  0%| F|  |TAMS 0x00000000c3000000, 0x00000000c3000000| Untracked 
|  49|0x00000000c3100000, 0x00000000c3100000, 0x00000000c3200000|  0%| F|  |TAMS 0x00000000c3100000, 0x00000000c3100000| Untracked 
|  50|0x00000000c3200000, 0x00000000c3200000, 0x00000000c3300000|  0%| F|  |TAMS 0x00000000c3200000, 0x00000000c3200000| Untracked 
|  51|0x00000000c3300000, 0x00000000c3300000, 0x00000000c3400000|  0%| F|  |TAMS 0x00000000c3300000, 0x00000000c3300000| Untracked 
|  52|0x00000000c3400000, 0x00000000c3400000, 0x00000000c3500000|  0%| F|  |TAMS 0x00000000c3400000, 0x00000000c3400000| Untracked 
|  53|0x00000000c3500000, 0x00000000c3500000, 0x00000000c3600000|  0%| F|  |TAMS 0x00000000c3500000, 0x00000000c3500000| Untracked 
|  54|0x00000000c3600000, 0x00000000c3600000, 0x00000000c3700000|  0%| F|  |TAMS 0x00000000c3600000, 0x00000000c3600000| Untracked 
|  55|0x00000000c3700000, 0x00000000c3700000, 0x00000000c3800000|  0%| F|  |TAMS 0x00000000c3700000, 0x00000000c3700000| Untracked 
|  56|0x00000000c3800000, 0x00000000c3800000, 0x00000000c3900000|  0%| F|  |TAMS 0x00000000c3800000, 0x00000000c3800000| Untracked 
|  57|0x00000000c3900000, 0x00000000c3900000, 0x00000000c3a00000|  0%| F|  |TAMS 0x00000000c3900000, 0x00000000c3900000| Untracked 
|  58|0x00000000c3a00000, 0x00000000c3a00000, 0x00000000c3b00000|  0%| F|  |TAMS 0x00000000c3a00000, 0x00000000c3a00000| Untracked 
|  59|0x00000000c3b00000, 0x00000000c3b00000, 0x00000000c3c00000|  0%| F|  |TAMS 0x00000000c3b00000, 0x00000000c3b00000| Untracked 
|  60|0x00000000c3c00000, 0x00000000c3c00000, 0x00000000c3d00000|  0%| F|  |TAMS 0x00000000c3c00000, 0x00000000c3c00000| Untracked 
|  61|0x00000000c3d00000, 0x00000000c3d00000, 0x00000000c3e00000|  0%| F|  |TAMS 0x00000000c3d00000, 0x00000000c3d00000| Untracked 
|  62|0x00000000c3e00000, 0x00000000c3e00000, 0x00000000c3f00000|  0%| F|  |TAMS 0x00000000c3e00000, 0x00000000c3e00000| Untracked 
|  63|0x00000000c3f00000, 0x00000000c3f00000, 0x00000000c4000000|  0%| F|  |TAMS 0x00000000c3f00000, 0x00000000c3f00000| Untracked 
|  64|0x00000000c4000000, 0x00000000c4000000, 0x00000000c4100000|  0%| F|  |TAMS 0x00000000c4000000, 0x00000000c4000000| Untracked 
|  65|0x00000000c4100000, 0x00000000c4100000, 0x00000000c4200000|  0%| F|  |TAMS 0x00000000c4100000, 0x00000000c4100000| Untracked 
|  66|0x00000000c4200000, 0x00000000c4200000, 0x00000000c4300000|  0%| F|  |TAMS 0x00000000c4200000, 0x00000000c4200000| Untracked 
|  67|0x00000000c4300000, 0x00000000c4300000, 0x00000000c4400000|  0%| F|  |TAMS 0x00000000c4300000, 0x00000000c4300000| Untracked 
|  68|0x00000000c4400000, 0x00000000c4400000, 0x00000000c4500000|  0%| F|  |TAMS 0x00000000c4400000, 0x00000000c4400000| Untracked 
|  69|0x00000000c4500000, 0x00000000c4500000, 0x00000000c4600000|  0%| F|  |TAMS 0x00000000c4500000, 0x00000000c4500000| Untracked 
|  70|0x00000000c4600000, 0x00000000c4600000, 0x00000000c4700000|  0%| F|  |TAMS 0x00000000c4600000, 0x00000000c4600000| Untracked 
|  71|0x00000000c4700000, 0x00000000c4700000, 0x00000000c4800000|  0%| F|  |TAMS 0x00000000c4700000, 0x00000000c4700000| Untracked 
|  72|0x00000000c4800000, 0x00000000c4800000, 0x00000000c4900000|  0%| F|  |TAMS 0x00000000c4800000, 0x00000000c4800000| Untracked 
|  73|0x00000000c4900000, 0x00000000c4900000, 0x00000000c4a00000|  0%| F|  |TAMS 0x00000000c4900000, 0x00000000c4900000| Untracked 
|  74|0x00000000c4a00000, 0x00000000c4a00000, 0x00000000c4b00000|  0%| F|  |TAMS 0x00000000c4a00000, 0x00000000c4a00000| Untracked 
|  75|0x00000000c4b00000, 0x00000000c4b00000, 0x00000000c4c00000|  0%| F|  |TAMS 0x00000000c4b00000, 0x00000000c4b00000| Untracked 
|  76|0x00000000c4c00000, 0x00000000c4c00000, 0x00000000c4d00000|  0%| F|  |TAMS 0x00000000c4c00000, 0x00000000c4c00000| Untracked 
|  77|0x00000000c4d00000, 0x00000000c4d00000, 0x00000000c4e00000|  0%| F|  |TAMS 0x00000000c4d00000, 0x00000000c4d00000| Untracked 
|  78|0x00000000c4e00000, 0x00000000c4e00000, 0x00000000c4f00000|  0%| F|  |TAMS 0x00000000c4e00000, 0x00000000c4e00000| Untracked 
|  79|0x00000000c4f00000, 0x00000000c4f00000, 0x00000000c5000000|  0%| F|  |TAMS 0x00000000c4f00000, 0x00000000c4f00000| Untracked 
|  80|0x00000000c5000000, 0x00000000c5000000, 0x00000000c5100000|  0%| F|  |TAMS 0x00000000c5000000, 0x00000000c5000000| Untracked 
|  81|0x00000000c5100000, 0x00000000c5100000, 0x00000000c5200000|  0%| F|  |TAMS 0x00000000c5100000, 0x00000000c5100000| Untracked 
|  82|0x00000000c5200000, 0x00000000c5200000, 0x00000000c5300000|  0%| F|  |TAMS 0x00000000c5200000, 0x00000000c5200000| Untracked 
|  83|0x00000000c5300000, 0x00000000c5300000, 0x00000000c5400000|  0%| F|  |TAMS 0x00000000c5300000, 0x00000000c5300000| Untracked 
|  84|0x00000000c5400000, 0x00000000c5400000, 0x00000000c5500000|  0%| F|  |TAMS 0x00000000c5400000, 0x00000000c5400000| Untracked 
|  85|0x00000000c5500000, 0x00000000c5500000, 0x00000000c5600000|  0%| F|  |TAMS 0x00000000c5500000, 0x00000000c5500000| Untracked 
|  86|0x00000000c5600000, 0x00000000c5600000, 0x00000000c5700000|  0%| F|  |TAMS 0x00000000c5600000, 0x00000000c5600000| Untracked 
|  87|0x00000000c5700000, 0x00000000c5700000, 0x00000000c5800000|  0%| F|  |TAMS 0x00000000c5700000, 0x00000000c5700000| Untracked 
|  88|0x00000000c5800000, 0x00000000c58c3008, 0x00000000c5900000| 76%| S|CS|TAMS 0x00000000c5800000, 0x00000000c5800000| Complete 
|  89|0x00000000c5900000, 0x00000000c5a00000, 0x00000000c5a00000|100%| S|CS|TAMS 0x00000000c5900000, 0x00000000c5900000| Complete 
|  90|0x00000000c5a00000, 0x00000000c5a00000, 0x00000000c5b00000|  0%| F|  |TAMS 0x00000000c5a00000, 0x00000000c5a00000| Untracked 
|  91|0x00000000c5b00000, 0x00000000c5b00000, 0x00000000c5c00000|  0%| F|  |TAMS 0x00000000c5b00000, 0x00000000c5b00000| Untracked 
|  92|0x00000000c5c00000, 0x00000000c5c00000, 0x00000000c5d00000|  0%| F|  |TAMS 0x00000000c5c00000, 0x00000000c5c00000| Untracked 
|  93|0x00000000c5d00000, 0x00000000c5d00000, 0x00000000c5e00000|  0%| F|  |TAMS 0x00000000c5d00000, 0x00000000c5d00000| Untracked 
|  94|0x00000000c5e00000, 0x00000000c5e00000, 0x00000000c5f00000|  0%| F|  |TAMS 0x00000000c5e00000, 0x00000000c5e00000| Untracked 
|  95|0x00000000c5f00000, 0x00000000c5f44d58, 0x00000000c6000000| 26%| E|  |TAMS 0x00000000c5f00000, 0x00000000c5f00000| Complete 
|  96|0x00000000c6000000, 0x00000000c6100000, 0x00000000c6100000|100%| E|CS|TAMS 0x00000000c6000000, 0x00000000c6000000| Complete 
|  97|0x00000000c6100000, 0x00000000c6200000, 0x00000000c6200000|100%| E|CS|TAMS 0x00000000c6100000, 0x00000000c6100000| Complete 
|  98|0x00000000c6200000, 0x00000000c6300000, 0x00000000c6300000|100%| E|CS|TAMS 0x00000000c6200000, 0x00000000c6200000| Complete 
|  99|0x00000000c6300000, 0x00000000c6400000, 0x00000000c6400000|100%| E|CS|TAMS 0x00000000c6300000, 0x00000000c6300000| Complete 
| 100|0x00000000c6400000, 0x00000000c6500000, 0x00000000c6500000|100%| E|CS|TAMS 0x00000000c6400000, 0x00000000c6400000| Complete 
| 101|0x00000000c6500000, 0x00000000c6600000, 0x00000000c6600000|100%| E|CS|TAMS 0x00000000c6500000, 0x00000000c6500000| Complete 
| 102|0x00000000c6600000, 0x00000000c6700000, 0x00000000c6700000|100%| E|CS|TAMS 0x00000000c6600000, 0x00000000c6600000| Complete 
| 103|0x00000000c6700000, 0x00000000c6800000, 0x00000000c6800000|100%| E|CS|TAMS 0x00000000c6700000, 0x00000000c6700000| Complete 
| 104|0x00000000c6800000, 0x00000000c6900000, 0x00000000c6900000|100%| E|CS|TAMS 0x00000000c6800000, 0x00000000c6800000| Complete 
| 105|0x00000000c6900000, 0x00000000c6a00000, 0x00000000c6a00000|100%| E|CS|TAMS 0x00000000c6900000, 0x00000000c6900000| Complete 
| 106|0x00000000c6a00000, 0x00000000c6b00000, 0x00000000c6b00000|100%| E|CS|TAMS 0x00000000c6a00000, 0x00000000c6a00000| Complete 
| 107|0x00000000c6b00000, 0x00000000c6c00000, 0x00000000c6c00000|100%| E|CS|TAMS 0x00000000c6b00000, 0x00000000c6b00000| Complete 
| 108|0x00000000c6c00000, 0x00000000c6d00000, 0x00000000c6d00000|100%| E|CS|TAMS 0x00000000c6c00000, 0x00000000c6c00000| Complete 
| 109|0x00000000c6d00000, 0x00000000c6e00000, 0x00000000c6e00000|100%| E|CS|TAMS 0x00000000c6d00000, 0x00000000c6d00000| Complete 
| 110|0x00000000c6e00000, 0x00000000c6f00000, 0x00000000c6f00000|100%| E|CS|TAMS 0x00000000c6e00000, 0x00000000c6e00000| Complete 
| 111|0x00000000c6f00000, 0x00000000c7000000, 0x00000000c7000000|100%| E|CS|TAMS 0x00000000c6f00000, 0x00000000c6f00000| Complete 
| 112|0x00000000c7000000, 0x00000000c7100000, 0x00000000c7100000|100%| E|CS|TAMS 0x00000000c7000000, 0x00000000c7000000| Complete 
| 113|0x00000000c7100000, 0x00000000c7200000, 0x00000000c7200000|100%| E|CS|TAMS 0x00000000c7100000, 0x00000000c7100000| Complete 
| 114|0x00000000c7200000, 0x00000000c7300000, 0x00000000c7300000|100%| E|CS|TAMS 0x00000000c7200000, 0x00000000c7200000| Complete 
| 115|0x00000000c7300000, 0x00000000c7400000, 0x00000000c7400000|100%| E|CS|TAMS 0x00000000c7300000, 0x00000000c7300000| Complete 

Card table byte_map: [0x0000018e416d0000,0x0000018e418d0000] _byte_map_base: 0x0000018e410d0000

Marking Bits (Prev, Next): (CMBitMap*) 0x0000018e3b76d800, (CMBitMap*) 0x0000018e3b76d840
 Prev Bits: [0x0000018e41ad0000, 0x0000018e42ad0000)
 Next Bits: [0x0000018e42ad0000, 0x0000018e43ad0000)

Polling page: 0x0000018e39720000

Metaspace:

Usage:
  Non-class:     15.97 MB used.
      Class:      2.27 MB used.
       Both:     18.23 MB used.

Virtual space:
  Non-class space:       64.00 MB reserved,      16.06 MB ( 25%) committed,  1 nodes.
      Class space:        1.00 GB reserved,       2.38 MB ( <1%) committed,  1 nodes.
             Both:        1.06 GB reserved,      18.44 MB (  2%) committed. 

Chunk freelists:
   Non-Class:  15.30 MB
       Class:  13.48 MB
        Both:  28.78 MB

MaxMetaspaceSize: unlimited
CompressedClassSpaceSize: 1.00 GB
Initial GC threshold: 21.00 MB
Current GC threshold: 21.00 MB
CDS: off
MetaspaceReclaimPolicy: balanced
 - commit_granule_bytes: 65536.
 - commit_granule_words: 8192.
 - virtual_space_node_default_size: 8388608.
 - enlarge_chunks_in_place: 1.
 - new_chunks_are_fully_committed: 0.
 - uncommit_free_chunks: 1.
 - use_allocation_guard: 0.
 - handle_deallocations: 1.


Internal statistics:

num_allocs_failed_limit: 0.
num_arena_births: 210.
num_arena_deaths: 0.
num_vsnodes_births: 2.
num_vsnodes_deaths: 0.
num_space_committed: 295.
num_space_uncommitted: 0.
num_chunks_returned_to_freelist: 0.
num_chunks_taken_from_freelist: 572.
num_chunk_merges: 0.
num_chunk_splits: 376.
num_chunks_enlarged: 291.
num_inconsistent_stats: 0.

CodeCache: size=49152Kb used=5474Kb max_used=5474Kb free=43677Kb
 bounds [0x0000018e3e3c0000, 0x0000018e3e920000, 0x0000018e413c0000]
 total_blobs=2216 nmethods=1769 adapters=371
 compilation: enabled
              stopped_count=0, restarted_count=0
 full_count=0

Compilation events (20 events):
Event: 1.437 Thread 0x0000018e468be010 1760       1       java.lang.invoke.LambdaFormEditor::bindArgumentType (101 bytes)
Event: 1.437 Thread 0x0000018e468acb40 1761       1       java.util.concurrent.ConcurrentHashMap$BaseIterator::<init> (21 bytes)
Event: 1.437 Thread 0x0000018e4bc393d0 1762       1       java.lang.invoke.LambdaFormEditor::bindArgumentForm (269 bytes)
Event: 1.437 Thread 0x0000018e468be010 nmethod 1760 0x0000018e3e914510 code [0x0000018e3e9146a0, 0x0000018e3e914788]
Event: 1.437 Thread 0x0000018e468acb40 nmethod 1761 0x0000018e3e914890 code [0x0000018e3e914a40, 0x0000018e3e914b98]
Event: 1.437 Thread 0x0000018e468be010 1763       1       java.util.Collections$UnmodifiableCollection$1::next (10 bytes)
Event: 1.438 Thread 0x0000018e468be010 nmethod 1763 0x0000018e3e914c90 code [0x0000018e3e914e20, 0x0000018e3e914f08]
Event: 1.438 Thread 0x0000018e466a0080 1764       1       java.lang.invoke.MemberName$Factory::resolveOrNull (54 bytes)
Event: 1.439 Thread 0x0000018e4bc393d0 nmethod 1762 0x0000018e3e914f90 code [0x0000018e3e9152a0, 0x0000018e3e915ee8]
Event: 1.439 Thread 0x0000018e466a0080 nmethod 1764 0x0000018e3e916710 code [0x0000018e3e9168c0, 0x0000018e3e916a08]
Event: 1.440 Thread 0x0000018e4bc393d0 1765       1       java.lang.reflect.Constructor::getRoot (5 bytes)
Event: 1.440 Thread 0x0000018e4bc393d0 nmethod 1765 0x0000018e3e916b10 code [0x0000018e3e916ca0, 0x0000018e3e916d78]
Event: 1.444 Thread 0x0000018e466a0080 1766       1       java.util.WeakHashMap::getTable (9 bytes)
Event: 1.444 Thread 0x0000018e466a0080 nmethod 1766 0x0000018e3e916e10 code [0x0000018e3e916fa0, 0x0000018e3e917088]
Event: 1.446 Thread 0x0000018e468be010 1767       1       java.util.WeakHashMap::matchesKey (33 bytes)
Event: 1.446 Thread 0x0000018e468be010 nmethod 1767 0x0000018e3e917110 code [0x0000018e3e9172c0, 0x0000018e3e917478]
Event: 1.448 Thread 0x0000018e4bc393d0 1768       1       java.util.WeakHashMap::remove (131 bytes)
Event: 1.449 Thread 0x0000018e4bc393d0 nmethod 1768 0x0000018e3e917590 code [0x0000018e3e917780, 0x0000018e3e917bf8]
Event: 1.462 Thread 0x0000018e468acb40 1769       1       java.util.WeakHashMap::put (160 bytes)
Event: 1.463 Thread 0x0000018e468acb40 nmethod 1769 0x0000018e3e917e90 code [0x0000018e3e9180a0, 0x0000018e3e918768]

GC Heap History (4 events):
Event: 0.676 GC heap before
{Heap before GC invocations=0 (full 0):
 garbage-first heap   total 118784K, used 28672K [0x00000000c0000000, 0x0000000100000000)
  region size 1024K, 23 young (23552K), 0 survivors (0K)
 Metaspace       used 8089K, committed 8320K, reserved 1114112K
  class space    used 900K, committed 1024K, reserved 1048576K
}
Event: 0.685 GC heap after
{Heap after GC invocations=1 (full 0):
 garbage-first heap   total 118784K, used 15584K [0x00000000c0000000, 0x0000000100000000)
  region size 1024K, 3 young (3072K), 3 survivors (3072K)
 Metaspace       used 8089K, committed 8320K, reserved 1114112K
  class space    used 900K, committed 1024K, reserved 1048576K
}
Event: 1.136 GC heap before
{Heap before GC invocations=1 (full 0):
 garbage-first heap   total 118784K, used 39136K [0x00000000c0000000, 0x0000000100000000)
  region size 1024K, 26 young (26624K), 3 survivors (3072K)
 Metaspace       used 14050K, committed 14272K, reserved 1114112K
  class space    used 1741K, committed 1856K, reserved 1048576K
}
Event: 1.142 GC heap after
{Heap after GC invocations=2 (full 0):
 garbage-first heap   total 118784K, used 17450K [0x00000000c0000000, 0x0000000100000000)
  region size 1024K, 2 young (2048K), 2 survivors (2048K)
 Metaspace       used 14050K, committed 14272K, reserved 1114112K
  class space    used 1741K, committed 1856K, reserved 1048576K
}

Dll operation events (5 events):
Event: 0.006 Loaded shared library c:\Users\Admin\.vscode\extensions\redhat.java-1.28.1-win32-x64\jre\17.0.10-win32-x86_64\bin\java.dll
Event: 0.264 Loaded shared library C:\Users\Admin\.vscode\extensions\redhat.java-1.28.1-win32-x64\jre\17.0.10-win32-x86_64\bin\net.dll
Event: 0.265 Loaded shared library C:\Users\Admin\.vscode\extensions\redhat.java-1.28.1-win32-x64\jre\17.0.10-win32-x86_64\bin\nio.dll
Event: 0.271 Loaded shared library C:\Users\Admin\.vscode\extensions\redhat.java-1.28.1-win32-x64\jre\17.0.10-win32-x86_64\bin\zip.dll
Event: 0.455 Loaded shared library C:\Users\Admin\.vscode\extensions\redhat.java-1.28.1-win32-x64\jre\17.0.10-win32-x86_64\bin\jimage.dll

Deoptimization events (0 events):
No events

Classes unloaded (0 events):
No events

Classes redefined (0 events):
No events

Internal exceptions (20 events):
Event: 1.351 Thread 0x0000018e3b72e9b0 Exception <a 'java/lang/NoSuchMethodError'{0x00000000c6a98a10}: 'java.lang.Object java.lang.invoke.DirectMethodHandle$Holder.invokeSpecial(java.lang.Object, java.lang.Object, java.lang.Object, int, java.lang.Object)'> (0x00000000c6a98a10) 
thrown [s\src\hotspot\share\interpreter\linkResolver.cpp, line 759]
Event: 1.351 Thread 0x0000018e3b72e9b0 Exception <a 'java/lang/NoSuchMethodError'{0x00000000c6aa4020}: 'java.lang.Object java.lang.invoke.DirectMethodHandle$Holder.newInvokeSpecial(java.lang.Object, java.lang.Object, java.lang.Object, int, java.lang.Object)'> (0x00000000c6aa4020) 
thrown [s\src\hotspot\share\interpreter\linkResolver.cpp, line 759]
Event: 1.353 Thread 0x0000018e3b72e9b0 Exception <a 'java/lang/NoSuchMethodError'{0x00000000c6abd4c8}: 'java.lang.Object java.lang.invoke.DirectMethodHandle$Holder.newInvokeSpecial(java.lang.Object, int, java.lang.Object)'> (0x00000000c6abd4c8) 
thrown [s\src\hotspot\share\interpreter\linkResolver.cpp, line 759]
Event: 1.353 Thread 0x0000018e3b72e9b0 Exception <a 'java/lang/NoSuchMethodError'{0x00000000c6ac2228}: 'int java.lang.invoke.DirectMethodHandle$Holder.invokeSpecialIFC(java.lang.Object, java.lang.Object, java.lang.Object, java.lang.Object)'> (0x00000000c6ac2228) 
thrown [s\src\hotspot\share\interpreter\linkResolver.cpp, line 759]
Event: 1.365 Thread 0x0000018e3b72e9b0 Exception <a 'java/lang/NoSuchMethodError'{0x00000000c6995830}: 'void java.lang.invoke.DirectMethodHandle$Holder.invokeInterface(java.lang.Object, java.lang.Object, java.lang.Object)'> (0x00000000c6995830) 
thrown [s\src\hotspot\share\interpreter\linkResolver.cpp, line 759]
Event: 1.375 Thread 0x0000018e3b72e9b0 Exception <a 'java/lang/NoSuchMethodError'{0x00000000c69f63e0}: 'void java.lang.invoke.DirectMethodHandle$Holder.invokeStaticInit(java.lang.Object, java.lang.Object, java.lang.Object)'> (0x00000000c69f63e0) 
thrown [s\src\hotspot\share\interpreter\linkResolver.cpp, line 759]
Event: 1.378 Thread 0x0000018e3b72e9b0 Exception <a 'java/lang/NoSuchMethodError'{0x00000000c68143f0}: 'java.lang.Object java.lang.invoke.DirectMethodHandle$Holder.invokeStaticInit(java.lang.Object)'> (0x00000000c68143f0) 
thrown [s\src\hotspot\share\interpreter\linkResolver.cpp, line 759]
Event: 1.379 Thread 0x0000018e3b72e9b0 Exception <a 'java/lang/NoSuchMethodError'{0x00000000c681a968}: 'java.lang.Object java.lang.invoke.DirectMethodHandle$Holder.invokeStatic(java.lang.Object, java.lang.Object, long, java.lang.Object)'> (0x00000000c681a968) 
thrown [s\src\hotspot\share\interpreter\linkResolver.cpp, line 759]
Event: 1.379 Thread 0x0000018e3b72e9b0 Exception <a 'java/lang/NoSuchMethodError'{0x00000000c681e400}: 'java.lang.Object java.lang.invoke.DirectMethodHandle$Holder.invokeStaticInit(java.lang.Object, java.lang.Object, long, java.lang.Object)'> (0x00000000c681e400) 
thrown [s\src\hotspot\share\interpreter\linkResolver.cpp, line 759]
Event: 1.379 Thread 0x0000018e3b72e9b0 Exception <a 'java/lang/NoSuchMethodError'{0x00000000c6824b80}: 'java.lang.Object java.lang.invoke.DirectMethodHandle$Holder.newInvokeSpecial(java.lang.Object, java.lang.Object, long)'> (0x00000000c6824b80) 
thrown [s\src\hotspot\share\interpreter\linkResolver.cpp, line 759]
Event: 1.379 Thread 0x0000018e3b72e9b0 Exception <a 'java/lang/NoSuchMethodError'{0x00000000c68286f0}: 'java.lang.Object java.lang.invoke.Invokers$Holder.linkToTargetMethod(java.lang.Object, long, java.lang.Object)'> (0x00000000c68286f0) 
thrown [s\src\hotspot\share\interpreter\linkResolver.cpp, line 759]
Event: 1.390 Thread 0x0000018e3b72e9b0 Exception <a 'java/lang/NoSuchMethodError'{0x00000000c6891c38}: 'void java.lang.invoke.DirectMethodHandle$Holder.invokeSpecial(java.lang.Object, java.lang.Object, java.lang.Object, java.lang.Object, java.lang.Object, java.lang.Object)'> (0x00000000c6891c38) 
thrown [s\src\hotspot\share\interpreter\linkResolver.cpp, line 759]
Event: 1.390 Thread 0x0000018e3b72e9b0 Exception <a 'java/lang/NoSuchMethodError'{0x00000000c689a0e0}: 'java.lang.Object java.lang.invoke.DirectMethodHandle$Holder.newInvokeSpecial(java.lang.Object, java.lang.Object, java.lang.Object, java.lang.Object, java.lang.Object, java.lang.Object)'> (0x00000000c689a0e0) 
thrown [s\src\hotspot\share\interpreter\linkResolver.cpp, line 759]
Event: 1.397 Thread 0x0000018e3b72e9b0 Exception <a 'java/lang/NoSuchMethodError'{0x00000000c68fab50}: 'void java.lang.invoke.DirectMethodHandle$Holder.invokeSpecial(java.lang.Object, java.lang.Object, java.lang.Object, java.lang.Object, java.lang.Object)'> (0x00000000c68fab50) 
thrown [s\src\hotspot\share\interpreter\linkResolver.cpp, line 759]
Event: 1.401 Thread 0x0000018e3b72e9b0 Exception <a 'java/lang/NoSuchMethodError'{0x00000000c671f668}: 'void java.lang.invoke.DirectMethodHandle$Holder.invokeSpecial(java.lang.Object, java.lang.Object, java.lang.Object)'> (0x00000000c671f668) 
thrown [s\src\hotspot\share\interpreter\linkResolver.cpp, line 759]
Event: 1.406 Thread 0x0000018e3b72e9b0 Exception <a 'java/lang/NoSuchMethodError'{0x00000000c674fb70}: 'void java.lang.invoke.DirectMethodHandle$Holder.invokeStatic(java.lang.Object, java.lang.Object, int)'> (0x00000000c674fb70) 
thrown [s\src\hotspot\share\interpreter\linkResolver.cpp, line 759]
Event: 1.412 Thread 0x0000018e4bc38c30 Exception <a 'java/lang/NoClassDefFoundError'{0x00000000c679f140}: jakarta/validation/Validation> (0x00000000c679f140) 
thrown [s\src\hotspot\share\classfile\systemDictionary.cpp, line 245]
Event: 1.421 Thread 0x0000018e3b72e9b0 Exception <a 'java/lang/NoSuchMethodError'{0x00000000c6689928}: 'java.lang.Object java.lang.invoke.DirectMethodHandle$Holder.invokeStatic(java.lang.Object, java.lang.Object, int)'> (0x00000000c6689928) 
thrown [s\src\hotspot\share\interpreter\linkResolver.cpp, line 759]
Event: 1.421 Thread 0x0000018e3b72e9b0 Exception <a 'java/lang/NoSuchMethodError'{0x00000000c6695098}: 'void java.lang.invoke.DelegatingMethodHandle$Holder.delegate(java.lang.Object, java.lang.Object, int, java.lang.Object)'> (0x00000000c6695098) 
thrown [s\src\hotspot\share\interpreter\linkResolver.cpp, line 759]
Event: 1.438 Thread 0x0000018e3b72e9b0 Exception <a 'java/lang/IncompatibleClassChangeError'{0x00000000c6305a78}: Found class java.lang.Object, but interface was expected> (0x00000000c6305a78) 
thrown [s\src\hotspot\share\interpreter\linkResolver.cpp, line 826]

VM Operations (20 events):
Event: 0.820 Executing VM operation: HandshakeAllThreads
Event: 0.820 Executing VM operation: HandshakeAllThreads done
Event: 0.825 Executing VM operation: HandshakeAllThreads
Event: 0.825 Executing VM operation: HandshakeAllThreads done
Event: 0.873 Executing VM operation: HandshakeAllThreads
Event: 0.873 Executing VM operation: HandshakeAllThreads done
Event: 1.034 Executing VM operation: HandshakeAllThreads
Event: 1.034 Executing VM operation: HandshakeAllThreads done
Event: 1.136 Executing VM operation: G1CollectForAllocation
Event: 1.142 Executing VM operation: G1CollectForAllocation done
Event: 1.239 Executing VM operation: HandshakeAllThreads
Event: 1.239 Executing VM operation: HandshakeAllThreads done
Event: 1.241 Executing VM operation: HandshakeAllThreads
Event: 1.241 Executing VM operation: HandshakeAllThreads done
Event: 1.332 Executing VM operation: HandshakeAllThreads
Event: 1.332 Executing VM operation: HandshakeAllThreads done
Event: 1.420 Executing VM operation: HandshakeAllThreads
Event: 1.420 Executing VM operation: HandshakeAllThreads done
Event: 1.425 Executing VM operation: ICBufferFull
Event: 1.425 Executing VM operation: ICBufferFull done

Events (20 events):
Event: 1.427 loading class java/beans/FeatureDescriptor done
Event: 1.427 loading class java/beans/EventSetDescriptor done
Event: 1.427 loading class java/beans/Introspector$1
Event: 1.427 loading class jdk/internal/access/JavaBeansAccess
Event: 1.427 loading class jdk/internal/access/JavaBeansAccess done
Event: 1.427 loading class java/beans/Introspector$1 done
Event: 1.430 loading class sun/reflect/generics/scope/MethodScope
Event: 1.430 loading class sun/reflect/generics/scope/MethodScope done
Event: 1.431 loading class sun/reflect/generics/repository/MethodRepository
Event: 1.431 loading class sun/reflect/generics/repository/MethodRepository done
Event: 1.431 loading class java/util/AbstractList$ListItr
Event: 1.431 loading class java/util/AbstractList$Itr
Event: 1.431 loading class java/util/AbstractList$Itr done
Event: 1.431 loading class java/util/AbstractList$ListItr done
Event: 1.449 loading class java/text/DateFormat
Event: 1.449 loading class java/text/Format
Event: 1.449 loading class java/text/Format done
Event: 1.449 loading class java/text/DateFormat done
Event: 1.449 loading class java/text/SimpleDateFormat
Event: 1.450 loading class java/text/SimpleDateFormat done


Dynamic libraries:
0x00007ff6e7040000 - 0x00007ff6e704e000 	c:\Users\Admin\.vscode\extensions\redhat.java-1.28.1-win32-x64\jre\17.0.10-win32-x86_64\bin\java.exe
0x00007ffea7890000 - 0x00007ffea7a88000 	C:\WINDOWS\SYSTEM32\ntdll.dll
0x00007ffe80570000 - 0x00007ffe80589000 	C:\Program Files\Avast Software\Avast\aswhook.dll
0x00007ffea5ad0000 - 0x00007ffea5b8d000 	C:\WINDOWS\System32\KERNEL32.DLL
0x00007ffea52c0000 - 0x00007ffea55b6000 	C:\WINDOWS\System32\KERNELBASE.dll
0x00007ffea5030000 - 0x00007ffea5130000 	C:\WINDOWS\System32\ucrtbase.dll
0x00007ffe9c3c0000 - 0x00007ffe9c3d7000 	c:\Users\Admin\.vscode\extensions\redhat.java-1.28.1-win32-x64\jre\17.0.10-win32-x86_64\bin\jli.dll
0x00007ffe9b4f0000 - 0x00007ffe9b50b000 	c:\Users\Admin\.vscode\extensions\redhat.java-1.28.1-win32-x64\jre\17.0.10-win32-x86_64\bin\VCRUNTIME140.dll
0x00007ffea69b0000 - 0x00007ffea6b4e000 	C:\WINDOWS\System32\USER32.dll
0x00007ffea5670000 - 0x00007ffea5692000 	C:\WINDOWS\System32\win32u.dll
0x00007ffe80aa0000 - 0x00007ffe80d3a000 	C:\WINDOWS\WinSxS\amd64_microsoft.windows.common-controls_6595b64144ccf1df_6.0.19041.3636_none_60b6a03d71f818d5\COMCTL32.dll
0x00007ffea5f60000 - 0x00007ffea5f8b000 	C:\WINDOWS\System32\GDI32.dll
0x00007ffea5730000 - 0x00007ffea5847000 	C:\WINDOWS\System32\gdi32full.dll
0x00007ffea6d00000 - 0x00007ffea6d9e000 	C:\WINDOWS\System32\msvcrt.dll
0x00007ffea4f40000 - 0x00007ffea4fdd000 	C:\WINDOWS\System32\msvcp_win.dll
0x00007ffea77b0000 - 0x00007ffea77e2000 	C:\WINDOWS\System32\IMM32.DLL
0x00007ffea06c0000 - 0x00007ffea06cc000 	c:\Users\Admin\.vscode\extensions\redhat.java-1.28.1-win32-x64\jre\17.0.10-win32-x86_64\bin\vcruntime140_1.dll
0x00007ffe8db90000 - 0x00007ffe8dc1d000 	c:\Users\Admin\.vscode\extensions\redhat.java-1.28.1-win32-x64\jre\17.0.10-win32-x86_64\bin\msvcp140.dll
0x00007ffe56f50000 - 0x00007ffe57bb2000 	c:\Users\Admin\.vscode\extensions\redhat.java-1.28.1-win32-x64\jre\17.0.10-win32-x86_64\bin\server\jvm.dll
0x00007ffea6900000 - 0x00007ffea69b0000 	C:\WINDOWS\System32\ADVAPI32.dll
0x00007ffea6bc0000 - 0x00007ffea6c60000 	C:\WINDOWS\System32\sechost.dll
0x00007ffea6060000 - 0x00007ffea6185000 	C:\WINDOWS\System32\RPCRT4.dll
0x00007ffea5130000 - 0x00007ffea5157000 	C:\WINDOWS\System32\bcrypt.dll
0x00007ffe93dc0000 - 0x00007ffe93dc9000 	C:\WINDOWS\SYSTEM32\WSOCK32.dll
0x00007ffea45f0000 - 0x00007ffea463b000 	C:\WINDOWS\SYSTEM32\POWRPROF.dll
0x00007ffea6b50000 - 0x00007ffea6bbb000 	C:\WINDOWS\System32\WS2_32.dll
0x00007ffe9ba50000 - 0x00007ffe9ba5a000 	C:\WINDOWS\SYSTEM32\VERSION.dll
0x00007ffea06f0000 - 0x00007ffea0717000 	C:\WINDOWS\SYSTEM32\WINMM.dll
0x00007ffea45b0000 - 0x00007ffea45c2000 	C:\WINDOWS\SYSTEM32\UMPDC.dll
0x00007ffea3780000 - 0x00007ffea3792000 	C:\WINDOWS\SYSTEM32\kernel.appcore.dll
0x00007ffe9bfc0000 - 0x00007ffe9bfca000 	c:\Users\Admin\.vscode\extensions\redhat.java-1.28.1-win32-x64\jre\17.0.10-win32-x86_64\bin\jimage.dll
0x00007ffea2cd0000 - 0x00007ffea2eb4000 	C:\WINDOWS\SYSTEM32\DBGHELP.DLL
0x00007ffea0720000 - 0x00007ffea0754000 	C:\WINDOWS\SYSTEM32\dbgcore.DLL
0x00007ffea56a0000 - 0x00007ffea5722000 	C:\WINDOWS\System32\bcryptPrimitives.dll
0x00007ffe98500000 - 0x00007ffe98525000 	c:\Users\Admin\.vscode\extensions\redhat.java-1.28.1-win32-x64\jre\17.0.10-win32-x86_64\bin\java.dll
0x00007ffe986d0000 - 0x00007ffe986e8000 	c:\Users\Admin\.vscode\extensions\redhat.java-1.28.1-win32-x64\jre\17.0.10-win32-x86_64\bin\zip.dll
0x00007ffea6190000 - 0x00007ffea68fb000 	C:\WINDOWS\System32\SHELL32.dll
0x00007ffea2fd0000 - 0x00007ffea376e000 	C:\WINDOWS\SYSTEM32\windows.storage.dll
0x00007ffea73f0000 - 0x00007ffea7743000 	C:\WINDOWS\System32\combase.dll
0x00007ffea4970000 - 0x00007ffea499e000 	C:\WINDOWS\SYSTEM32\Wldp.dll
0x00007ffea5f90000 - 0x00007ffea605d000 	C:\WINDOWS\System32\OLEAUT32.dll
0x00007ffea7340000 - 0x00007ffea73ed000 	C:\WINDOWS\System32\SHCORE.dll
0x00007ffea5d40000 - 0x00007ffea5d95000 	C:\WINDOWS\System32\shlwapi.dll
0x00007ffea4e70000 - 0x00007ffea4e95000 	C:\WINDOWS\SYSTEM32\profapi.dll
0x00007ffe983f0000 - 0x00007ffe98409000 	C:\Users\Admin\.vscode\extensions\redhat.java-1.28.1-win32-x64\jre\17.0.10-win32-x86_64\bin\net.dll
0x00007ffe99b20000 - 0x00007ffe99c2a000 	C:\WINDOWS\SYSTEM32\WINHTTP.dll
0x00007ffea46d0000 - 0x00007ffea473a000 	C:\WINDOWS\system32\mswsock.dll
0x00007ffe98020000 - 0x00007ffe98036000 	C:\Users\Admin\.vscode\extensions\redhat.java-1.28.1-win32-x64\jre\17.0.10-win32-x86_64\bin\nio.dll

dbghelp: loaded successfully - version: 4.0.5 - missing functions: none
symbol engine: initialized successfully - sym options: 0x614 - pdb path: .;c:\Users\Admin\.vscode\extensions\redhat.java-1.28.1-win32-x64\jre\17.0.10-win32-x86_64\bin;C:\WINDOWS\SYSTEM32;C:\Program Files\Avast Software\Avast;C:\WINDOWS\WinSxS\amd64_microsoft.windows.common-controls_6595b64144ccf1df_6.0.19041.3636_none_60b6a03d71f818d5;c:\Users\Admin\.vscode\extensions\redhat.java-1.28.1-win32-x64\jre\17.0.10-win32-x86_64\bin\server

VM Arguments:
jvm_args: -XX:+HeapDumpOnOutOfMemoryError -Xmx1024m -Dsts.lsp.client=vscode -Dsts.log.file=/dev/null -XX:TieredStopAtLevel=1 -Xlog:jni+resolve=off -Dspring.config.location=file:c:\Users\Admin\.vscode\extensions\vmware.vscode-spring-boot-1.53.0\language-server\BOOT-INF\classes\application.properties 
java_command: org.springframework.ide.vscode.boot.app.BootLanguageServerBootApp
java_class_path (initial): c:\Users\Admin\.vscode\extensions\vmware.vscode-spring-boot-1.53.0\language-server\BOOT-INF\classes;c:\Users\Admin\.vscode\extensions\vmware.vscode-spring-boot-1.53.0\language-server\BOOT-INF\lib\annotations-24.1.0.jar;c:\Users\Admin\.vscode\extensions\vmware.vscode-spring-boot-1.53.0\language-server\BOOT-INF\lib\antlr4-runtime-4.11.1.jar;c:\Users\Admin\.vscode\extensions\vmware.vscode-spring-boot-1.53.0\language-server\BOOT-INF\lib\asm-9.6.jar;c:\Users\Admin\.vscode\extensions\vmware.vscode-spring-boot-1.53.0\language-server\BOOT-INF\lib\asm-analysis-9.6.jar;c:\Users\Admin\.vscode\extensions\vmware.vscode-spring-boot-1.53.0\language-server\BOOT-INF\lib\asm-tree-9.6.jar;c:\Users\Admin\.vscode\extensions\vmware.vscode-spring-boot-1.53.0\language-server\BOOT-INF\lib\asm-util-9.6.jar;c:\Users\Admin\.vscode\extensions\vmware.vscode-spring-boot-1.53.0\language-server\BOOT-INF\lib\caffeine-3.1.8.jar;c:\Users\Admin\.vscode\extensions\vmware.vscode-spring-boot-1.53.0\language-server\BOOT-INF\lib\checker-qual-3.12.0.jar;c:\Users\Admin\.vscode\extensions\vmware.vscode-spring-boot-1.53.0\language-server\BOOT-INF\lib\classgraph-4.8.149.jar;c:\Users\Admin\.vscode\extensions\vmware.vscode-spring-boot-1.53.0\language-server\BOOT-INF\lib\commons-codec-1.16.1.jar;c:\Users\Admin\.vscode\extensions\vmware.vscode-spring-boot-1.53.0\language-server\BOOT-INF\lib\commons-compress-1.26.0.jar;c:\Users\Admin\.vscode\extensions\vmware.vscode-spring-boot-1.53.0\language-server\BOOT-INF\lib\commons-io-2.4.jar;c:\Users\Admin\.vscode\extensions\vmware.vscode-spring-boot-1.53.0\language-server\BOOT-INF\lib\commons-java-1.53.0-SNAPSHOT.jar;c:\Users\Admin\.vscode\extensions\vmware.vscode-spring-boot-1.53.0\language-server\BOOT-INF\lib\commons-lang3-3.13.0.jar;c:\Users\Admin\.vscode\extensions\vmware.vscode-spring-boot-1.53.0\language-server\BOOT-INF\lib\commons-language-server-1.53.0-SNAPSHOT.jar;c:\Users\Admin\.vscode\extensions\vmware.vscode-spring-boot-1.53.0\language
Launcher Type: SUN_STANDARD

[Global flags]
     intx CICompilerCount                          = 4                                         {product} {ergonomic}
     uint ConcGCThreads                            = 2                                         {product} {ergonomic}
     uint G1ConcRefinementThreads                  = 8                                         {product} {ergonomic}
   size_t G1HeapRegionSize                         = 1048576                                   {product} {ergonomic}
    uintx GCDrainStackTargetSize                   = 64                                        {product} {ergonomic}
     bool HeapDumpOnOutOfMemoryError               = true                                   {manageable} {command line}
   size_t InitialHeapSize                          = 121634816                                 {product} {ergonomic}
   size_t MarkStackSize                            = 4194304                                   {product} {ergonomic}
   size_t MaxHeapSize                              = 1073741824                                {product} {command line}
   size_t MaxNewSize                               = 643825664                                 {product} {ergonomic}
   size_t MinHeapDeltaBytes                        = 1048576                                   {product} {ergonomic}
   size_t MinHeapSize                              = 8388608                                   {product} {ergonomic}
    uintx NonProfiledCodeHeapSize                  = 0                                      {pd product} {ergonomic}
     bool ProfileInterpreter                       = false                                  {pd product} {command line}
    uintx ProfiledCodeHeapSize                     = 0                                      {pd product} {ergonomic}
   size_t SoftMaxHeapSize                          = 1073741824                             {manageable} {ergonomic}
     intx TieredStopAtLevel                        = 1                                         {product} {command line}
     bool UseCompressedClassPointers               = true                           {product lp64_product} {ergonomic}
     bool UseCompressedOops                        = true                           {product lp64_product} {ergonomic}
     bool UseG1GC                                  = true                                      {product} {ergonomic}
     bool UseLargePagesIndividualAllocation        = false                                  {pd product} {ergonomic}

Logging:
Log output configuration:
 #0: stdout all=warning,jni+resolve=off uptime,level,tags
 #1: stderr all=off uptime,level,tags

Environment Variables:
PATH=C:\Program Files\Common Files\Oracle\Java\javapath;C:\Program Files (x86)\Common Files\Oracle\Java\javapath;C:\WINDOWS\system32;C:\WINDOWS;C:\WINDOWS\System32\Wbem;C:\WINDOWS\System32\WindowsPowerShell\v1.0\;C:\WINDOWS\System32\OpenSSH\;C:\Program Files\Git\cmd;C:\Program Files\nodejs\;C:\Program Files\PuTTY\;C:\Users\Admin\AppData\Local\Programs\Python\Python311\Scripts\;C:\Users\Admin\AppData\Local\Programs\Python\Python311\;C:\Program Files\MySQL\MySQL Shell 8.0\bin\;C:\Users\Admin\AppData\Local\Microsoft\WindowsApps;;C:\Users\Admin\AppData\Local\Programs\Microsoft VS Code\bin;C:\Users\Admin\AppData\Roaming\npm
USERNAME=Admin
OS=Windows_NT
PROCESSOR_IDENTIFIER=Intel64 Family 6 Model 142 Stepping 12, GenuineIntel
TMP=C:\Users\Admin\AppData\Local\Temp
TEMP=C:\Users\Admin\AppData\Local\Temp



Periodic native trim disabled


---------------  S Y S T E M  ---------------

OS:
 Windows 10 , 64 bit Build 19041 (10.0.19041.3636)
OS uptime: 2 days 17:17 hours

CPU: total 8 (initial active 8) (4 cores per cpu, 2 threads per core) family 6 model 142 stepping 12 microcode 0xca, cx8, cmov, fxsr, ht, mmx, 3dnowpref, sse, sse2, sse3, ssse3, sse4.1, sse4.2, popcnt, lzcnt, tsc, tscinvbit, avx, avx2, aes, erms, clmul, bmi1, bmi2, adx, fma, vzeroupper, clflush, clflushopt
Processor Information for processor 0
  Max Mhz: 2101, Current Mhz: 2101, Mhz Limit: 2101
Processor Information for processor 1
  Max Mhz: 2101, Current Mhz: 2101, Mhz Limit: 2101
Processor Information for processor 2
  Max Mhz: 2101, Current Mhz: 2101, Mhz Limit: 2101
Processor Information for processor 3
  Max Mhz: 2101, Current Mhz: 2101, Mhz Limit: 2101
Processor Information for processor 4
  Max Mhz: 2101, Current Mhz: 1500, Mhz Limit: 2101
Processor Information for processor 5
  Max Mhz: 2101, Current Mhz: 2101, Mhz Limit: 2101
Processor Information for processor 6
  Max Mhz: 2101, Current Mhz: 2101, Mhz Limit: 2101
Processor Information for processor 7
  Max Mhz: 2101, Current Mhz: 2101, Mhz Limit: 2101

Memory: 4k page, system-wide physical 7416M (698M free)
TotalPageFile size 10576M (AvailPageFile size 147M)
current process WorkingSet (physical memory assigned to process): 100M, peak: 100M
current process commit charge ("private bytes"): 218M, peak: 218M

vm_info: OpenJDK 64-Bit Server VM (17.0.10+7) for windows-amd64 JRE (17.0.10+7), built on Jan 16 2024 23:25:11 by "admin" with MS VC++ 16.10 / 16.11 (VS2019)

END.
