#
# There is insufficient memory for the Java Runtime Environment to continue.
# Native memory allocation (malloc) failed to allocate 2097152 bytes for AllocateHeap
# Possible reasons:
#   The system is out of physical RAM or swap space
#   The process is running with CompressedOops enabled, and the Java Heap may be blocking the growth of the native heap
# Possible solutions:
#   Reduce memory load on the system
#   Increase physical memory or swap space
#   Check if swap backing store is full
#   Decrease Java heap size (-Xmx/-Xms)
#   Decrease number of Java threads
#   Decrease Java thread stack sizes (-Xss)
#   Set larger code cache with -XX:ReservedCodeCacheSize=
#   JVM is running with Unscaled Compressed Oops mode in which the Java heap is
#     placed in the first 4GB address space. The Java Heap base address is the
#     maximum limit for the native heap growth. Please use -XX:HeapBaseMinAddress
#     to set the Java Heap base and to place the Java Heap above 4GB virtual address.
# This output file may be truncated or incomplete.
#
#  Out of Memory Error (allocation.cpp:44), pid=23192, tid=18332
#
# JRE version: OpenJDK Runtime Environment Temurin-17.0.10+7 (17.0.10+7) (build 17.0.10+7)
# Java VM: OpenJDK 64-Bit Server VM Temurin-17.0.10+7 (17.0.10+7, mixed mode, emulated-client, tiered, compressed oops, compressed class ptrs, g1 gc, windows-amd64)
# No core dump will be written. Minidumps are not enabled by default on client versions of Windows
#

---------------  S U M M A R Y ------------

Command Line: -XX:+HeapDumpOnOutOfMemoryError -Xmx1024m -Dsts.lsp.client=vscode -Dsts.log.file=/dev/null -XX:TieredStopAtLevel=1 -Xlog:jni+resolve=off -Dspring.config.location=file:c:\Users\Admin\.vscode\extensions\vmware.vscode-spring-boot-1.53.0\language-server\BOOT-INF\classes\application.properties org.springframework.ide.vscode.boot.app.BootLanguageServerBootApp

Host: Intel(R) Core(TM) i5-10210U CPU @ 1.60GHz, 8 cores, 7G,  Windows 10 , 64 bit Build 19041 (10.0.19041.3636)
Time: Wed Mar 20 14:17:17 2024 India Standard Time elapsed time: 55.133649 seconds (0d 0h 0m 55s)

---------------  T H R E A D  ---------------

Current thread (0x000001fdae0c9910):  VMThread "VM Thread" [stack: 0x0000008ec7a00000,0x0000008ec7b00000] [id=18332]

Stack: [0x0000008ec7a00000,0x0000008ec7b00000]
Native frames: (J=compiled Java code, j=interpreted, Vv=VM code, C=native code)
V  [jvm.dll+0x67d2c9]
V  [jvm.dll+0x834afa]
V  [jvm.dll+0x8365be]
V  [jvm.dll+0x836c23]
V  [jvm.dll+0x2477ff]
V  [jvm.dll+0xa6c93]
V  [jvm.dll+0x2f86f1]
V  [jvm.dll+0x2f42e0]
V  [jvm.dll+0x2dc8c7]
V  [jvm.dll+0x31fb87]
V  [jvm.dll+0x83b11b]
V  [jvm.dll+0x83be61]
V  [jvm.dll+0x83c37d]
V  [jvm.dll+0x83c754]
V  [jvm.dll+0x83c820]
V  [jvm.dll+0x7e3fba]
V  [jvm.dll+0x67c1b5]
C  [ucrtbase.dll+0x21bb2]
C  [KERNEL32.DLL+0x17344]
C  [ntdll.dll+0x526b1]

VM_Operation (0x0000008ec92fec80): G1CollectFull, mode: safepoint, requested by thread 0x000001fdb3b5a2b0


---------------  P R O C E S S  ---------------

Threads class SMR info:
_java_thread_list=0x000001fdb3c92810, length=28, elements={
0x000001fdae0dd380, 0x000001fdae0de200, 0x000001fdae1107e0, 0x000001fdae111570,
0x000001fdae113050, 0x000001fdae115930, 0x000001fdae116200, 0x000001fdae116b10,
0x000001fdae330d00, 0x000001fdae347710, 0x000001fdb3c1c310, 0x000001fdb3b5a2b0,
0x000001fdb3c6c850, 0x000001fda326e420, 0x000001fdb38f6090, 0x000001fdb3d584b0,
0x000001fdb3d51330, 0x000001fdb3d51810, 0x000001fdb3d52570, 0x000001fdb3d52a50,
0x000001fdb3d83230, 0x000001fdb3d81df0, 0x000001fdb3d82300, 0x000001fdb3d82810,
0x000001fdb3d82d20, 0x000001fdb3d83740, 0x000001fdb3db3b90, 0x000001fdb3dbaaf0
}

Java Threads: ( => current thread )
  0x000001fdae0dd380 JavaThread "Reference Handler" daemon [_thread_blocked, id=2540, stack(0x0000008ec7b00000,0x0000008ec7c00000)]
  0x000001fdae0de200 JavaThread "Finalizer" daemon [_thread_blocked, id=8136, stack(0x0000008ec7c00000,0x0000008ec7d00000)]
  0x000001fdae1107e0 JavaThread "Signal Dispatcher" daemon [_thread_blocked, id=21232, stack(0x0000008ec7d00000,0x0000008ec7e00000)]
  0x000001fdae111570 JavaThread "Attach Listener" daemon [_thread_blocked, id=23632, stack(0x0000008ec7e00000,0x0000008ec7f00000)]
  0x000001fdae113050 JavaThread "Service Thread" daemon [_thread_blocked, id=9424, stack(0x0000008ec7f00000,0x0000008ec8000000)]
  0x000001fdae115930 JavaThread "Monitor Deflation Thread" daemon [_thread_blocked, id=16840, stack(0x0000008ec8000000,0x0000008ec8100000)]
  0x000001fdae116200 JavaThread "C1 CompilerThread0" daemon [_thread_blocked, id=23676, stack(0x0000008ec8100000,0x0000008ec8200000)]
  0x000001fdae116b10 JavaThread "Sweeper thread" daemon [_thread_blocked, id=10452, stack(0x0000008ec8200000,0x0000008ec8300000)]
  0x000001fdae330d00 JavaThread "Notification Thread" daemon [_thread_blocked, id=22580, stack(0x0000008ec8500000,0x0000008ec8600000)]
  0x000001fdae347710 JavaThread "Common-Cleaner" daemon [_thread_blocked, id=22740, stack(0x0000008ec8700000,0x0000008ec8800000)]
  0x000001fdb3c1c310 JavaThread "boundedElastic-evictor-1" daemon [_thread_blocked, id=11460, stack(0x0000008ec8d00000,0x0000008ec8e00000)]
  0x000001fdb3b5a2b0 JavaThread "pool-13-thread-1" [_thread_blocked, id=23588, stack(0x0000008ec9200000,0x0000008ec9300000)]
  0x000001fdb3c6c850 JavaThread "LanguageServerApp-lifecycle" [_thread_blocked, id=24488, stack(0x0000008ec9300000,0x0000008ec9400000)]
  0x000001fda326e420 JavaThread "DestroyJavaVM" [_thread_blocked, id=24408, stack(0x0000008ec7400000,0x0000008ec7500000)]
  0x000001fdb38f6090 JavaThread "pool-14-thread-1" [_thread_in_native, id=9624, stack(0x0000008ec9400000,0x0000008ec9500000)]
  0x000001fdb3d584b0 JavaThread "Simple-Language-Server main thread" daemon [_thread_blocked, id=22572, stack(0x0000008ec9500000,0x0000008ec9600000)]
  0x000001fdb3d51330 JavaThread "pool-8-thread-1" [_thread_blocked, id=16704, stack(0x0000008ec9600000,0x0000008ec9700000)]
  0x000001fdb3d51810 JavaThread "parallel-1" daemon [_thread_blocked, id=23164, stack(0x0000008ec9700000,0x0000008ec9800000)]
  0x000001fdb3d52570 JavaThread "parallel-2" daemon [_thread_blocked, id=23000, stack(0x0000008ec9800000,0x0000008ec9900000)]
  0x000001fdb3d52a50 JavaThread "parallel-3" daemon [_thread_blocked, id=20208, stack(0x0000008ec9900000,0x0000008ec9a00000)]
  0x000001fdb3d83230 JavaThread "pool-6-thread-1" [_thread_blocked, id=20400, stack(0x0000008ec9a00000,0x0000008ec9b00000)]
  0x000001fdb3d81df0 JavaThread "pool-5-thread-1" [_thread_blocked, id=14720, stack(0x0000008ec9b00000,0x0000008ec9c00000)]
  0x000001fdb3d82300 JavaThread "parallel-4" daemon [_thread_blocked, id=16256, stack(0x0000008ec9c00000,0x0000008ec9d00000)]
  0x000001fdb3d82810 JavaThread "parallel-5" daemon [_thread_blocked, id=9320, stack(0x0000008ec9d00000,0x0000008ec9e00000)]
  0x000001fdb3d82d20 JavaThread "parallel-6" daemon [_thread_blocked, id=24100, stack(0x0000008ec9e00000,0x0000008ec9f00000)]
  0x000001fdb3d83740 JavaThread "ForkJoinPool.commonPool-worker-1" daemon [_thread_blocked, id=19452, stack(0x0000008ec9f00000,0x0000008eca000000)]
  0x000001fdb3db3b90 JavaThread "pool-5-thread-2" [_thread_blocked, id=17712, stack(0x0000008eca000000,0x0000008eca100000)]
  0x000001fdb3dbaaf0 JavaThread "Reconciler-1" daemon [_thread_blocked, id=22912, stack(0x0000008eca100000,0x0000008eca200000)]

Other Threads:
=>0x000001fdae0c9910 VMThread "VM Thread" [stack: 0x0000008ec7a00000,0x0000008ec7b00000] [id=18332]
  0x000001fdae3331f0 WatcherThread [stack: 0x0000008ec8600000,0x0000008ec8700000] [id=22760]
  0x000001fda32ac860 GCTaskThread "GC Thread#0" [stack: 0x0000008ec7500000,0x0000008ec7600000] [id=14820]
  0x000001fdb311cb40 GCTaskThread "GC Thread#1" [stack: 0x0000008ec8800000,0x0000008ec8900000] [id=21964]
  0x000001fdb317cd80 GCTaskThread "GC Thread#2" [stack: 0x0000008ec8900000,0x0000008ec8a00000] [id=22952]
  0x000001fdb317d040 GCTaskThread "GC Thread#3" [stack: 0x0000008ec8a00000,0x0000008ec8b00000] [id=23940]
  0x000001fdb31bdcf0 GCTaskThread "GC Thread#4" [stack: 0x0000008ec8b00000,0x0000008ec8c00000] [id=23580]
  0x000001fdb31f9020 GCTaskThread "GC Thread#5" [stack: 0x0000008ec8c00000,0x0000008ec8d00000] [id=22540]
  0x000001fdb3638a80 GCTaskThread "GC Thread#6" [stack: 0x0000008ec8f00000,0x0000008ec9000000] [id=24096]
  0x000001fdb3638d40 GCTaskThread "GC Thread#7" [stack: 0x0000008ec9000000,0x0000008ec9100000] [id=24572]
  0x000001fda32b57b0 ConcurrentGCThread "G1 Main Marker" [stack: 0x0000008ec7600000,0x0000008ec7700000] [id=9952]
  0x000001fda32b6a40 ConcurrentGCThread "G1 Conc#0" [stack: 0x0000008ec7700000,0x0000008ec7800000] [id=24420]
  0x000001fdb3639000 ConcurrentGCThread "G1 Conc#1" [stack: 0x0000008ec9100000,0x0000008ec9200000] [id=15824]
  0x000001fdadf38d50 ConcurrentGCThread "G1 Refine#0" [stack: 0x0000008ec7800000,0x0000008ec7900000] [id=14940]
  0x000001fdadf39590 ConcurrentGCThread "G1 Service" [stack: 0x0000008ec7900000,0x0000008ec7a00000] [id=23736]

Threads with active compile tasks:

VM state: at safepoint (normal execution)

VM Mutex/Monitor currently owned by a thread:  ([mutex/lock_event])
[0x000001fda1060360] Threads_lock - owner thread: 0x000001fdae0c9910
[0x000001fda111d500] Heap_lock - owner thread: 0x000001fdb3b5a2b0

Heap address: 0x00000000c0000000, size: 1024 MB, Compressed Oops mode: 32-bit

CDS archive(s) not mapped
Compressed class space mapped at: 0x0000000100000000-0x0000000140000000, reserved size: 1073741824
Narrow klass base: 0x0000000000000000, Narrow klass shift: 3, Narrow klass range: 0x140000000

GC Precious Log:
 CPUs: 8 total, 8 available
 Memory: 7416M
 Large Page Support: Disabled
 NUMA Support: Disabled
 Compressed Oops: Enabled (32-bit)
 Heap Region Size: 1M
 Heap Min Capacity: 8M
 Heap Initial Capacity: 116M
 Heap Max Capacity: 1G
 Pre-touch: Disabled
 Parallel Workers: 8
 Concurrent Workers: 2
 Concurrent Refinement Workers: 8
 Periodic GC: Disabled

Heap:
 garbage-first heap   total 78848K, used 27842K [0x00000000c0000000, 0x0000000100000000)
  region size 1024K, 1 young (1024K), 0 survivors (0K)
 Metaspace       used 39655K, committed 40192K, reserved 1114112K
  class space    used 5259K, committed 5504K, reserved 1048576K

Heap Regions: E=young(eden), S=young(survivor), O=old, HS=humongous(starts), HC=humongous(continues), CS=collection set, F=free, OA=open archive, CA=closed archive, TAMS=top-at-mark-start (previous, next)
|   0|0x00000000c0000000, 0x00000000c0100000, 0x00000000c0100000|100%|HS|  |TAMS 0x00000000c0100000, 0x00000000c0000000| Untracked 
|   1|0x00000000c0100000, 0x00000000c0200000, 0x00000000c0200000|100%|HC|  |TAMS 0x00000000c0200000, 0x00000000c0100000| Untracked 
|   2|0x00000000c0200000, 0x00000000c0300000, 0x00000000c0300000|100%|HC|  |TAMS 0x00000000c0300000, 0x00000000c0200000| Untracked 
|   3|0x00000000c0300000, 0x00000000c0400000, 0x00000000c0400000|100%|HC|  |TAMS 0x00000000c0400000, 0x00000000c0300000| Untracked 
|   4|0x00000000c0400000, 0x00000000c0500000, 0x00000000c0500000|100%|HS|  |TAMS 0x00000000c0500000, 0x00000000c0400000| Untracked 
|   5|0x00000000c0500000, 0x00000000c0600000, 0x00000000c0600000|100%|HC|  |TAMS 0x00000000c0600000, 0x00000000c0500000| Untracked 
|   6|0x00000000c0600000, 0x00000000c06fff50, 0x00000000c0700000| 99%| O|  |TAMS 0x00000000c0600000, 0x00000000c0600000| Untracked 
|   7|0x00000000c0700000, 0x00000000c0800000, 0x00000000c0800000|100%| O|  |TAMS 0x00000000c0800000, 0x00000000c0700000| Untracked 
|   8|0x00000000c0800000, 0x00000000c0900000, 0x00000000c0900000|100%| O|  |TAMS 0x00000000c0900000, 0x00000000c0800000| Untracked 
|   9|0x00000000c0900000, 0x00000000c0a00000, 0x00000000c0a00000|100%| O|  |TAMS 0x00000000c0a00000, 0x00000000c0900000| Untracked 
|  10|0x00000000c0a00000, 0x00000000c0af68c0, 0x00000000c0b00000| 96%| O|  |TAMS 0x00000000c0a00000, 0x00000000c0a00000| Untracked 
|  11|0x00000000c0b00000, 0x00000000c0c00000, 0x00000000c0c00000|100%| O|  |TAMS 0x00000000c0c00000, 0x00000000c0b00000| Untracked 
|  12|0x00000000c0c00000, 0x00000000c0cfffe8, 0x00000000c0d00000| 99%| O|  |TAMS 0x00000000c0c00000, 0x00000000c0c00000| Untracked 
|  13|0x00000000c0d00000, 0x00000000c0dfffe8, 0x00000000c0e00000| 99%| O|  |TAMS 0x00000000c0d00000, 0x00000000c0d00000| Untracked 
|  14|0x00000000c0e00000, 0x00000000c0f00000, 0x00000000c0f00000|100%| O|  |TAMS 0x00000000c0f00000, 0x00000000c0e00000| Untracked 
|  15|0x00000000c0f00000, 0x00000000c1000000, 0x00000000c1000000|100%| O|  |TAMS 0x00000000c1000000, 0x00000000c0f00000| Untracked 
|  16|0x00000000c1000000, 0x00000000c10fff70, 0x00000000c1100000| 99%| O|  |TAMS 0x00000000c1000000, 0x00000000c1000000| Untracked 
|  17|0x00000000c1100000, 0x00000000c11fffd8, 0x00000000c1200000| 99%| O|  |TAMS 0x00000000c1100000, 0x00000000c1100000| Untracked 
|  18|0x00000000c1200000, 0x00000000c12ffff8, 0x00000000c1300000| 99%| O|  |TAMS 0x00000000c1200000, 0x00000000c1200000| Untracked 
|  19|0x00000000c1300000, 0x00000000c1400000, 0x00000000c1400000|100%| O|  |TAMS 0x00000000c1400000, 0x00000000c1300000| Untracked 
|  20|0x00000000c1400000, 0x00000000c1500000, 0x00000000c1500000|100%| O|  |TAMS 0x00000000c1500000, 0x00000000c1400000| Untracked 
|  21|0x00000000c1500000, 0x00000000c15fffe8, 0x00000000c1600000| 99%| O|  |TAMS 0x00000000c1500000, 0x00000000c1500000| Untracked 
|  22|0x00000000c1600000, 0x00000000c1700000, 0x00000000c1700000|100%| O|  |TAMS 0x00000000c1700000, 0x00000000c1600000| Untracked 
|  23|0x00000000c1700000, 0x00000000c1800000, 0x00000000c1800000|100%| O|  |TAMS 0x00000000c1700000, 0x00000000c1700000| Untracked 
|  24|0x00000000c1800000, 0x00000000c1900000, 0x00000000c1900000|100%| O|  |TAMS 0x00000000c1900000, 0x00000000c1800000| Untracked 
|  25|0x00000000c1900000, 0x00000000c19c8df8, 0x00000000c1a00000| 78%| O|  |TAMS 0x00000000c1900000, 0x00000000c1900000| Untracked 
|  26|0x00000000c1a00000, 0x00000000c1a71550, 0x00000000c1b00000| 44%| O|  |TAMS 0x00000000c1a00000, 0x00000000c1a00000| Untracked 
|  27|0x00000000c1b00000, 0x00000000c1b00000, 0x00000000c1c00000|  0%| F|  |TAMS 0x00000000c1b00000, 0x00000000c1b00000| Untracked 
|  28|0x00000000c1c00000, 0x00000000c1c00000, 0x00000000c1d00000|  0%| F|  |TAMS 0x00000000c1c00000, 0x00000000c1c00000| Untracked 
|  29|0x00000000c1d00000, 0x00000000c1d00000, 0x00000000c1e00000|  0%| F|  |TAMS 0x00000000c1d00000, 0x00000000c1d00000| Untracked 
|  30|0x00000000c1e00000, 0x00000000c1e00000, 0x00000000c1f00000|  0%| F|  |TAMS 0x00000000c1e00000, 0x00000000c1e00000| Untracked 
|  31|0x00000000c1f00000, 0x00000000c1f00000, 0x00000000c2000000|  0%| F|  |TAMS 0x00000000c1f00000, 0x00000000c1f00000| Untracked 
|  32|0x00000000c2000000, 0x00000000c2000000, 0x00000000c2100000|  0%| F|  |TAMS 0x00000000c2000000, 0x00000000c2000000| Untracked 
|  33|0x00000000c2100000, 0x00000000c2100000, 0x00000000c2200000|  0%| F|  |TAMS 0x00000000c2100000, 0x00000000c2100000| Untracked 
|  34|0x00000000c2200000, 0x00000000c2200000, 0x00000000c2300000|  0%| F|  |TAMS 0x00000000c2200000, 0x00000000c2200000| Untracked 
|  35|0x00000000c2300000, 0x00000000c2300000, 0x00000000c2400000|  0%| F|  |TAMS 0x00000000c2300000, 0x00000000c2300000| Untracked 
|  36|0x00000000c2400000, 0x00000000c2400000, 0x00000000c2500000|  0%| F|  |TAMS 0x00000000c2400000, 0x00000000c2400000| Untracked 
|  37|0x00000000c2500000, 0x00000000c2500000, 0x00000000c2600000|  0%| F|  |TAMS 0x00000000c2500000, 0x00000000c2500000| Untracked 
|  38|0x00000000c2600000, 0x00000000c2600000, 0x00000000c2700000|  0%| F|  |TAMS 0x00000000c2600000, 0x00000000c2600000| Untracked 
|  39|0x00000000c2700000, 0x00000000c2700000, 0x00000000c2800000|  0%| F|  |TAMS 0x00000000c2700000, 0x00000000c2700000| Untracked 
|  40|0x00000000c2800000, 0x00000000c2800000, 0x00000000c2900000|  0%| F|  |TAMS 0x00000000c2800000, 0x00000000c2800000| Untracked 
|  41|0x00000000c2900000, 0x00000000c2900000, 0x00000000c2a00000|  0%| F|  |TAMS 0x00000000c2900000, 0x00000000c2900000| Untracked 
|  42|0x00000000c2a00000, 0x00000000c2a00000, 0x00000000c2b00000|  0%| F|  |TAMS 0x00000000c2a00000, 0x00000000c2a00000| Untracked 
|  43|0x00000000c2b00000, 0x00000000c2b00000, 0x00000000c2c00000|  0%| F|  |TAMS 0x00000000c2b00000, 0x00000000c2b00000| Untracked 
|  44|0x00000000c2c00000, 0x00000000c2c00000, 0x00000000c2d00000|  0%| F|  |TAMS 0x00000000c2c00000, 0x00000000c2c00000| Untracked 
|  45|0x00000000c2d00000, 0x00000000c2d00000, 0x00000000c2e00000|  0%| F|  |TAMS 0x00000000c2d00000, 0x00000000c2d00000| Untracked 
|  46|0x00000000c2e00000, 0x00000000c2e00000, 0x00000000c2f00000|  0%| F|  |TAMS 0x00000000c2e00000, 0x00000000c2e00000| Untracked 
|  47|0x00000000c2f00000, 0x00000000c2f00000, 0x00000000c3000000|  0%| F|  |TAMS 0x00000000c2f00000, 0x00000000c2f00000| Untracked 
|  48|0x00000000c3000000, 0x00000000c3000000, 0x00000000c3100000|  0%| F|  |TAMS 0x00000000c3000000, 0x00000000c3000000| Untracked 
|  49|0x00000000c3100000, 0x00000000c3100000, 0x00000000c3200000|  0%| F|  |TAMS 0x00000000c3100000, 0x00000000c3100000| Untracked 
|  50|0x00000000c3200000, 0x00000000c3200000, 0x00000000c3300000|  0%| F|  |TAMS 0x00000000c3200000, 0x00000000c3200000| Untracked 
|  51|0x00000000c3300000, 0x00000000c3300000, 0x00000000c3400000|  0%| F|  |TAMS 0x00000000c3300000, 0x00000000c3300000| Untracked 
|  52|0x00000000c3400000, 0x00000000c3400000, 0x00000000c3500000|  0%| F|  |TAMS 0x00000000c3400000, 0x00000000c3400000| Untracked 
|  53|0x00000000c3500000, 0x00000000c3500000, 0x00000000c3600000|  0%| F|  |TAMS 0x00000000c3500000, 0x00000000c3500000| Untracked 
|  54|0x00000000c3600000, 0x00000000c3600000, 0x00000000c3700000|  0%| F|  |TAMS 0x00000000c3600000, 0x00000000c3600000| Untracked 
|  55|0x00000000c3700000, 0x00000000c3700000, 0x00000000c3800000|  0%| F|  |TAMS 0x00000000c3700000, 0x00000000c3700000| Untracked 
|  56|0x00000000c3800000, 0x00000000c3900000, 0x00000000c3900000|100%| O|  |TAMS 0x00000000c3900000, 0x00000000c3800000| Untracked 
|  57|0x00000000c3900000, 0x00000000c3900000, 0x00000000c3a00000|  0%| F|  |TAMS 0x00000000c3900000, 0x00000000c3900000| Untracked 
|  58|0x00000000c3a00000, 0x00000000c3a00000, 0x00000000c3b00000|  0%| F|  |TAMS 0x00000000c3a00000, 0x00000000c3a00000| Untracked 
|  59|0x00000000c3b00000, 0x00000000c3b00000, 0x00000000c3c00000|  0%| F|  |TAMS 0x00000000c3b00000, 0x00000000c3b00000| Untracked 
|  60|0x00000000c3c00000, 0x00000000c3c00000, 0x00000000c3d00000|  0%| F|  |TAMS 0x00000000c3c00000, 0x00000000c3c00000| Untracked 
|  61|0x00000000c3d00000, 0x00000000c3d00000, 0x00000000c3e00000|  0%| F|  |TAMS 0x00000000c3d00000, 0x00000000c3d00000| Untracked 
|  62|0x00000000c3e00000, 0x00000000c3e00000, 0x00000000c3f00000|  0%| F|  |TAMS 0x00000000c3e00000, 0x00000000c3e00000| Untracked 
|  63|0x00000000c3f00000, 0x00000000c3f00000, 0x00000000c4000000|  0%| F|  |TAMS 0x00000000c3f00000, 0x00000000c3f00000| Untracked 
|  64|0x00000000c4000000, 0x00000000c4000000, 0x00000000c4100000|  0%| F|  |TAMS 0x00000000c4000000, 0x00000000c4000000| Untracked 
|  65|0x00000000c4100000, 0x00000000c4100000, 0x00000000c4200000|  0%| F|  |TAMS 0x00000000c4100000, 0x00000000c4100000| Untracked 
|  66|0x00000000c4200000, 0x00000000c4200000, 0x00000000c4300000|  0%| F|  |TAMS 0x00000000c4200000, 0x00000000c4200000| Untracked 
|  67|0x00000000c4300000, 0x00000000c4300000, 0x00000000c4400000|  0%| F|  |TAMS 0x00000000c4300000, 0x00000000c4300000| Untracked 
|  68|0x00000000c4400000, 0x00000000c4400000, 0x00000000c4500000|  0%| F|  |TAMS 0x00000000c4400000, 0x00000000c4400000| Untracked 
|  69|0x00000000c4500000, 0x00000000c4500000, 0x00000000c4600000|  0%| F|  |TAMS 0x00000000c4500000, 0x00000000c4500000| Untracked 
|  77|0x00000000c4d00000, 0x00000000c4d00000, 0x00000000c4e00000|  0%| F|  |TAMS 0x00000000c4d00000, 0x00000000c4d00000| Untracked 
|  78|0x00000000c4e00000, 0x00000000c4e00000, 0x00000000c4f00000|  0%| F|  |TAMS 0x00000000c4e00000, 0x00000000c4e00000| Untracked 
|  79|0x00000000c4f00000, 0x00000000c4f00000, 0x00000000c5000000|  0%| F|  |TAMS 0x00000000c4f00000, 0x00000000c4f00000| Untracked 
|  80|0x00000000c5000000, 0x00000000c5000000, 0x00000000c5100000|  0%| F|  |TAMS 0x00000000c5000000, 0x00000000c5000000| Untracked 
|  81|0x00000000c5100000, 0x00000000c5100000, 0x00000000c5200000|  0%| F|  |TAMS 0x00000000c5100000, 0x00000000c5100000| Untracked 
| 114|0x00000000c7200000, 0x00000000c7200000, 0x00000000c7300000|  0%| F|  |TAMS 0x00000000c7200000, 0x00000000c7200000| Untracked 
| 115|0x00000000c7300000, 0x00000000c7319ff8, 0x00000000c7400000| 10%| E|  |TAMS 0x00000000c7300000, 0x00000000c7300000| Complete 

Card table byte_map: [0x000001fda9210000,0x000001fda9410000] _byte_map_base: 0x000001fda8c10000

Marking Bits (Prev, Next): (CMBitMap*) 0x000001fda32acec0, (CMBitMap*) 0x000001fda32ace80
 Prev Bits: [0x000001fdaa610000, 0x000001fdab610000)
 Next Bits: [0x000001fda9610000, 0x000001fdaa610000)

Polling page: 0x000001fda1260000

Metaspace:

Usage:
  Non-class:     33.59 MB used.
      Class:      5.14 MB used.
       Both:     38.73 MB used.

Virtual space:
  Non-class space:       64.00 MB reserved,      33.88 MB ( 53%) committed,  1 nodes.
      Class space:        1.00 GB reserved,       5.38 MB ( <1%) committed,  1 nodes.
             Both:        1.06 GB reserved,      39.25 MB (  4%) committed. 

Chunk freelists:
   Non-Class:  14.18 MB
       Class:  10.62 MB
        Both:  24.81 MB

MaxMetaspaceSize: unlimited
CompressedClassSpaceSize: 1.00 GB
Initial GC threshold: 21.00 MB
Current GC threshold: 65.44 MB
CDS: off
MetaspaceReclaimPolicy: balanced
 - commit_granule_bytes: 65536.
 - commit_granule_words: 8192.
 - virtual_space_node_default_size: 8388608.
 - enlarge_chunks_in_place: 1.
 - new_chunks_are_fully_committed: 0.
 - uncommit_free_chunks: 1.
 - use_allocation_guard: 0.
 - handle_deallocations: 1.


Internal statistics:

num_allocs_failed_limit: 8.
num_arena_births: 502.
num_arena_deaths: 0.
num_vsnodes_births: 2.
num_vsnodes_deaths: 0.
num_space_committed: 628.
num_space_uncommitted: 0.
num_chunks_returned_to_freelist: 8.
num_chunks_taken_from_freelist: 1682.
num_chunk_merges: 8.
num_chunk_splits: 1176.
num_chunks_enlarged: 893.
num_inconsistent_stats: 0.

CodeCache: size=49152Kb used=6653Kb max_used=8300Kb free=42498Kb
 bounds [0x000001fda5f00000, 0x000001fda6720000, 0x000001fda8f00000]
 total_blobs=4120 nmethods=3573 adapters=473
 compilation: enabled
              stopped_count=0, restarted_count=0
 full_count=0

Compilation events (20 events):
Event: 5.821 Thread 0x000001fdae116200 3563       1       java.lang.Math::getExponent (17 bytes)
Event: 5.822 Thread 0x000001fdae116200 nmethod 3563 0x000001fda646bb90 code [0x000001fda646bd20, 0x000001fda646bdf8]
Event: 5.822 Thread 0x000001fdae116200 3561       1       org.antlr.v4.runtime.Recognizer::setState (6 bytes)
Event: 5.822 Thread 0x000001fdae116200 nmethod 3561 0x000001fda646b890 code [0x000001fda646ba20, 0x000001fda646baf8]
Event: 5.822 Thread 0x000001fdae116200 3564       1       org.antlr.v4.runtime.BufferedTokenStream::lazyInit (13 bytes)
Event: 5.822 Thread 0x000001fdae116200 nmethod 3564 0x000001fda646b490 code [0x000001fda646b640, 0x000001fda646b778]
Event: 5.822 Thread 0x000001fdae116200 3565       1       org.antlr.v4.runtime.CommonTokenStream::LT (75 bytes)
Event: 5.823 Thread 0x000001fdae116200 nmethod 3565 0x000001fda646ae10 code [0x000001fda646b000, 0x000001fda646b318]
Event: 5.823 Thread 0x000001fdae116200 3566       1       org.antlr.v4.runtime.ANTLRInputStream::index (5 bytes)
Event: 5.823 Thread 0x000001fdae116200 nmethod 3566 0x000001fda646ab10 code [0x000001fda646aca0, 0x000001fda646ad78]
Event: 5.824 Thread 0x000001fdae116200 3567       1       org.antlr.v4.runtime.misc.MurmurHash::initialize (2 bytes)
Event: 5.824 Thread 0x000001fdae116200 nmethod 3567 0x000001fda646a810 code [0x000001fda646a9a0, 0x000001fda646aa58]
Event: 5.824 Thread 0x000001fdae116200 3569       1       java.util.ArrayList$Itr::<init> (26 bytes)
Event: 5.824 Thread 0x000001fdae116200 nmethod 3569 0x000001fda646a490 code [0x000001fda646a620, 0x000001fda646a738]
Event: 5.824 Thread 0x000001fdae116200 3568       1       org.antlr.v4.runtime.misc.MurmurHash::finish (39 bytes)
Event: 5.824 Thread 0x000001fdae116200 nmethod 3568 0x000001fda646a190 code [0x000001fda646a320, 0x000001fda646a3f8]
Event: 5.829 Thread 0x000001fdae116200 3570       1       java.net.URI$Parser::scan (41 bytes)
Event: 5.829 Thread 0x000001fdae116200 nmethod 3570 0x000001fda6469a10 code [0x000001fda6469be0, 0x000001fda6469ed8]
Event: 44.591 Thread 0x000001fdae116200 3571       1       java.lang.invoke.StringConcatFactory::parseRecipe (198 bytes)
Event: 44.598 Thread 0x000001fdae116200 nmethod 3571 0x000001fda6468110 code [0x000001fda64683e0, 0x000001fda6469138]

GC Heap History (16 events):
Event: 0.570 GC heap before
{Heap before GC invocations=0 (full 0):
 garbage-first heap   total 118784K, used 28672K [0x00000000c0000000, 0x0000000100000000)
  region size 1024K, 23 young (23552K), 0 survivors (0K)
 Metaspace       used 8070K, committed 8256K, reserved 1114112K
  class space    used 896K, committed 960K, reserved 1048576K
}
Event: 0.577 GC heap after
{Heap after GC invocations=1 (full 0):
 garbage-first heap   total 118784K, used 15648K [0x00000000c0000000, 0x0000000100000000)
  region size 1024K, 3 young (3072K), 3 survivors (3072K)
 Metaspace       used 8070K, committed 8256K, reserved 1114112K
  class space    used 896K, committed 960K, reserved 1048576K
}
Event: 1.225 GC heap before
{Heap before GC invocations=1 (full 0):
 garbage-first heap   total 118784K, used 39200K [0x00000000c0000000, 0x0000000100000000)
  region size 1024K, 26 young (26624K), 3 survivors (3072K)
 Metaspace       used 14041K, committed 14272K, reserved 1114112K
  class space    used 1739K, committed 1856K, reserved 1048576K
}
Event: 1.232 GC heap after
{Heap after GC invocations=2 (full 0):
 garbage-first heap   total 118784K, used 17469K [0x00000000c0000000, 0x0000000100000000)
  region size 1024K, 2 young (2048K), 2 survivors (2048K)
 Metaspace       used 14041K, committed 14272K, reserved 1114112K
  class space    used 1739K, committed 1856K, reserved 1048576K
}
Event: 2.036 GC heap before
{Heap before GC invocations=2 (full 0):
 garbage-first heap   total 118784K, used 48189K [0x00000000c0000000, 0x0000000100000000)
  region size 1024K, 34 young (34816K), 2 survivors (2048K)
 Metaspace       used 21298K, committed 21504K, reserved 1114112K
  class space    used 2617K, committed 2752K, reserved 1048576K
}
Event: 2.049 GC heap after
{Heap after GC invocations=3 (full 0):
 garbage-first heap   total 118784K, used 20450K [0x00000000c0000000, 0x0000000100000000)
  region size 1024K, 5 young (5120K), 5 survivors (5120K)
 Metaspace       used 21298K, committed 21504K, reserved 1114112K
  class space    used 2617K, committed 2752K, reserved 1048576K
}
Event: 3.162 GC heap before
{Heap before GC invocations=4 (full 0):
 garbage-first heap   total 78848K, used 60386K [0x00000000c0000000, 0x0000000100000000)
  region size 1024K, 46 young (47104K), 5 survivors (5120K)
 Metaspace       used 28278K, committed 28544K, reserved 1114112K
  class space    used 3532K, committed 3648K, reserved 1048576K
}
Event: 3.170 GC heap after
{Heap after GC invocations=5 (full 0):
 garbage-first heap   total 78848K, used 23576K [0x00000000c0000000, 0x0000000100000000)
  region size 1024K, 6 young (6144K), 6 survivors (6144K)
 Metaspace       used 28278K, committed 28544K, reserved 1114112K
  class space    used 3532K, committed 3648K, reserved 1048576K
}
Event: 3.225 GC heap before
{Heap before GC invocations=5 (full 0):
 garbage-first heap   total 78848K, used 24600K [0x00000000c0000000, 0x0000000100000000)
  region size 1024K, 7 young (7168K), 6 survivors (6144K)
 Metaspace       used 28409K, committed 28672K, reserved 1114112K
  class space    used 3549K, committed 3648K, reserved 1048576K
}
Event: 3.236 GC heap after
{Heap after GC invocations=6 (full 0):
 garbage-first heap   total 78848K, used 24576K [0x00000000c0000000, 0x0000000100000000)
  region size 1024K, 1 young (1024K), 1 survivors (1024K)
 Metaspace       used 28409K, committed 28672K, reserved 1114112K
  class space    used 3549K, committed 3648K, reserved 1048576K
}
Event: 3.765 GC heap before
{Heap before GC invocations=6 (full 0):
 garbage-first heap   total 78848K, used 51200K [0x00000000c0000000, 0x0000000100000000)
  region size 1024K, 28 young (28672K), 1 survivors (1024K)
 Metaspace       used 32363K, committed 32768K, reserved 1114112K
  class space    used 4109K, committed 4288K, reserved 1048576K
}
Event: 3.771 GC heap after
{Heap after GC invocations=7 (full 0):
 garbage-first heap   total 78848K, used 26317K [0x00000000c0000000, 0x0000000100000000)
  region size 1024K, 3 young (3072K), 3 survivors (3072K)
 Metaspace       used 32363K, committed 32768K, reserved 1114112K
  class space    used 4109K, committed 4288K, reserved 1048576K
}
Event: 4.541 GC heap before
{Heap before GC invocations=7 (full 0):
 garbage-first heap   total 78848K, used 45773K [0x00000000c0000000, 0x0000000100000000)
  region size 1024K, 23 young (23552K), 3 survivors (3072K)
 Metaspace       used 36015K, committed 36416K, reserved 1114112K
  class space    used 4646K, committed 4800K, reserved 1048576K
}
Event: 4.548 GC heap after
{Heap after GC invocations=8 (full 0):
 garbage-first heap   total 78848K, used 28163K [0x00000000c0000000, 0x0000000100000000)
  region size 1024K, 2 young (2048K), 2 survivors (2048K)
 Metaspace       used 36015K, committed 36416K, reserved 1114112K
  class space    used 4646K, committed 4800K, reserved 1048576K
}
Event: 44.929 GC heap before
{Heap before GC invocations=9 (full 0):
 garbage-first heap   total 78848K, used 49667K [0x00000000c0000000, 0x0000000100000000)
  region size 1024K, 24 young (24576K), 2 survivors (2048K)
 Metaspace       used 39655K, committed 40192K, reserved 1114112K
  class space    used 5259K, committed 5504K, reserved 1048576K
}
Event: 44.990 GC heap after
{Heap after GC invocations=10 (full 1):
 garbage-first heap   total 78848K, used 27842K [0x00000000c0000000, 0x0000000100000000)
  region size 1024K, 0 young (0K), 0 survivors (0K)
 Metaspace       used 39655K, committed 40192K, reserved 1114112K
  class space    used 5259K, committed 5504K, reserved 1048576K
}

Dll operation events (8 events):
Event: 0.005 Loaded shared library c:\Users\Admin\.vscode\extensions\redhat.java-1.28.1-win32-x64\jre\17.0.10-win32-x86_64\bin\java.dll
Event: 0.176 Loaded shared library C:\Users\Admin\.vscode\extensions\redhat.java-1.28.1-win32-x64\jre\17.0.10-win32-x86_64\bin\net.dll
Event: 0.177 Loaded shared library C:\Users\Admin\.vscode\extensions\redhat.java-1.28.1-win32-x64\jre\17.0.10-win32-x86_64\bin\nio.dll
Event: 0.183 Loaded shared library C:\Users\Admin\.vscode\extensions\redhat.java-1.28.1-win32-x64\jre\17.0.10-win32-x86_64\bin\zip.dll
Event: 0.366 Loaded shared library C:\Users\Admin\.vscode\extensions\redhat.java-1.28.1-win32-x64\jre\17.0.10-win32-x86_64\bin\jimage.dll
Event: 1.921 Loaded shared library c:\Users\Admin\.vscode\extensions\redhat.java-1.28.1-win32-x64\jre\17.0.10-win32-x86_64\bin\verify.dll
Event: 4.575 Loaded shared library C:\Users\Admin\.vscode\extensions\redhat.java-1.28.1-win32-x64\jre\17.0.10-win32-x86_64\bin\management.dll
Event: 4.577 Loaded shared library C:\Users\Admin\.vscode\extensions\redhat.java-1.28.1-win32-x64\jre\17.0.10-win32-x86_64\bin\management_ext.dll

Deoptimization events (4 events):
Event: 5.107 Thread 0x000001fdb38f6090 DEOPT PACKING pc=0x000001fda64b7701 sp=0x0000008ec94fdc00
Event: 5.107 Thread 0x000001fdb38f6090 DEOPT UNPACKING pc=0x000001fda5f57143 sp=0x0000008ec94fd090 mode 3
Event: 5.111 Thread 0x000001fdb3d51330 DEOPT PACKING pc=0x000001fda6495197 sp=0x0000008ec96ff1b0
Event: 5.111 Thread 0x000001fdb3d51330 DEOPT UNPACKING pc=0x000001fda5f57143 sp=0x0000008ec96fe608 mode 3

Classes unloaded (0 events):
No events

Classes redefined (0 events):
No events

Internal exceptions (20 events):
Event: 3.389 Thread 0x000001fda326e420 Exception <a 'java/lang/NoSuchMethodError'{0x00000000c452e1b0}: 'java.lang.Object java.lang.invoke.DirectMethodHandle$Holder.invokeSpecial(java.lang.Object, java.lang.Object, int, java.lang.Object, java.lang.Object)'> (0x00000000c452e1b0) 
thrown [s\src\hotspot\share\interpreter\linkResolver.cpp, line 759]
Event: 3.389 Thread 0x000001fda326e420 Exception <a 'java/lang/NoSuchMethodError'{0x00000000c4531e58}: 'java.lang.Object java.lang.invoke.DelegatingMethodHandle$Holder.delegate(java.lang.Object, int, java.lang.Object, java.lang.Object)'> (0x00000000c4531e58) 
thrown [s\src\hotspot\share\interpreter\linkResolver.cpp, line 759]
Event: 3.391 Thread 0x000001fda326e420 Exception <a 'java/lang/NoSuchMethodError'{0x00000000c4542ce0}: 'int java.lang.invoke.Invokers$Holder.linkToTargetMethod(java.lang.Object, java.lang.Object, java.lang.Object)'> (0x00000000c4542ce0) 
thrown [s\src\hotspot\share\interpreter\linkResolver.cpp, line 759]
Event: 3.497 Thread 0x000001fda326e420 Exception <a 'java/lang/NoSuchMethodError'{0x00000000c41c4748}: 'java.lang.Object java.lang.invoke.DirectMethodHandle$Holder.invokeStaticInit(java.lang.Object, int, int, int, int)'> (0x00000000c41c4748) 
thrown [s\src\hotspot\share\interpreter\linkResolver.cpp, line 759]
Event: 3.537 Thread 0x000001fda326e420 Exception <a 'java/lang/NoSuchMethodError'{0x00000000c4001c88}: 'java.lang.Object java.lang.invoke.DirectMethodHandle$Holder.invokeStaticInit(java.lang.Object, java.lang.Object, int, int, int, int)'> (0x00000000c4001c88) 
thrown [s\src\hotspot\share\interpreter\linkResolver.cpp, line 759]
Event: 3.680 Thread 0x000001fda326e420 Exception <a 'java/lang/NoSuchMethodError'{0x00000000c383e130}: 'void java.lang.invoke.DirectMethodHandle$Holder.invokeSpecialIFC(java.lang.Object, java.lang.Object, java.lang.Object)'> (0x00000000c383e130) 
thrown [s\src\hotspot\share\interpreter\linkResolver.cpp, line 759]
Event: 4.204 Thread 0x000001fda326e420 Exception <a 'java/lang/NoSuchMethodError'{0x00000000c44ff7c8}: 'int java.lang.invoke.DirectMethodHandle$Holder.invokeStaticInit(java.lang.Object, java.lang.Object, int, java.lang.Object)'> (0x00000000c44ff7c8) 
thrown [s\src\hotspot\share\interpreter\linkResolver.cpp, line 759]
Event: 4.244 Thread 0x000001fda326e420 Exception <a 'java/lang/NoSuchMethodError'{0x00000000c4212708}: 'void java.lang.invoke.DirectMethodHandle$Holder.invokeSpecial(java.lang.Object, java.lang.Object, java.lang.Object, java.lang.Object, java.lang.Object, java.lang.Object, java.lang.Object)'> (0x00000000c4212708) 
thrown [s\src\hotspot\share\interpreter\linkResolver.cpp, line 759]
Event: 4.405 Thread 0x000001fda326e420 Exception <a 'java/lang/NoSuchMethodError'{0x00000000c3ea3670}: 'java.lang.Object java.lang.invoke.DirectMethodHandle$Holder.invokeInterface(java.lang.Object, java.lang.Object, int)'> (0x00000000c3ea3670) 
thrown [s\src\hotspot\share\interpreter\linkResolver.cpp, line 759]
Event: 4.407 Thread 0x000001fda326e420 Exception <a 'java/lang/IncompatibleClassChangeError'{0x00000000c3eb9f38}: Found class java.lang.Object, but interface was expected> (0x00000000c3eb9f38) 
thrown [s\src\hotspot\share\interpreter\linkResolver.cpp, line 826]
Event: 4.567 Thread 0x000001fda326e420 Exception <a 'java/lang/NoSuchMethodError'{0x00000000c72020b8}: 'java.lang.Object java.lang.invoke.DirectMethodHandle$Holder.newInvokeSpecial(java.lang.Object, java.lang.Object, int, java.lang.Object, java.lang.Object)'> (0x00000000c72020b8) 
thrown [s\src\hotspot\share\interpreter\linkResolver.cpp, line 759]
Event: 4.568 Thread 0x000001fda326e420 Exception <a 'java/lang/NoSuchMethodError'{0x00000000c72151d8}: 'java.lang.Object java.lang.invoke.DirectMethodHandle$Holder.invokeSpecial(java.lang.Object, java.lang.Object, int, java.lang.Object, int, java.lang.Object)'> (0x00000000c72151d8) 
thrown [s\src\hotspot\share\interpreter\linkResolver.cpp, line 759]
Event: 4.568 Thread 0x000001fda326e420 Exception <a 'java/lang/NoSuchMethodError'{0x00000000c721cfe0}: 'java.lang.Object java.lang.invoke.DirectMethodHandle$Holder.newInvokeSpecial(java.lang.Object, java.lang.Object, int, java.lang.Object, int)'> (0x00000000c721cfe0) 
thrown [s\src\hotspot\share\interpreter\linkResolver.cpp, line 759]
Event: 4.569 Thread 0x000001fda326e420 Exception <a 'java/lang/NoSuchMethodError'{0x00000000c72210e0}: 'java.lang.Object java.lang.invoke.DirectMethodHandle$Holder.invokeSpecial(java.lang.Object, java.lang.Object, java.lang.Object, int, java.lang.Object, int)'> (0x00000000c72210e0) 
thrown [s\src\hotspot\share\interpreter\linkResolver.cpp, line 759]
Event: 5.042 Thread 0x000001fdb3d584b0 Exception <a 'java/lang/NoSuchMethodError'{0x00000000c41b7df8}: 'java.lang.Object java.lang.invoke.DirectMethodHandle$Holder.invokeStatic(java.lang.Object, int, java.lang.Object)'> (0x00000000c41b7df8) 
thrown [s\src\hotspot\share\interpreter\linkResolver.cpp, line 759]
Event: 5.059 Thread 0x000001fdb38f6090 Exception <a 'java/lang/NoSuchMethodError'{0x00000000c4021fa0}: 'java.lang.Object java.lang.invoke.DirectMethodHandle$Holder.invokeStatic(java.lang.Object, java.lang.Object, java.lang.Object, int, java.lang.Object, java.lang.Object)'> (0x00000000c4021fa0) 
thrown [s\src\hotspot\share\interpreter\linkResolver.cpp, line 759]
Event: 5.771 Thread 0x000001fdb3dbaaf0 Exception <a 'java/lang/NoSuchMethodError'{0x00000000c3922fc0}: 'int java.lang.invoke.DirectMethodHandle$Holder.invokeStatic(java.lang.Object)'> (0x00000000c3922fc0) 
thrown [s\src\hotspot\share\interpreter\linkResolver.cpp, line 759]
Event: 5.771 Thread 0x000001fdb3dbaaf0 Exception <a 'java/lang/NoSuchMethodError'{0x00000000c39263c0}: 'int java.lang.invoke.DirectMethodHandle$Holder.invokeStaticInit(java.lang.Object)'> (0x00000000c39263c0) 
thrown [s\src\hotspot\share\interpreter\linkResolver.cpp, line 759]
Event: 44.606 Thread 0x000001fdb3b5a2b0 Exception <a 'java/lang/NoSuchMethodError'{0x00000000c7388c28}: 'void java.lang.invoke.DirectMethodHandle$Holder.invokeStatic(java.lang.Object, long)'> (0x00000000c7388c28) 
thrown [s\src\hotspot\share\interpreter\linkResolver.cpp, line 759]
Event: 44.608 Thread 0x000001fdb3b5a2b0 Exception <a 'java/lang/NoSuchMethodError'{0x00000000c738dfd0}: 'java.lang.Object java.lang.invoke.DirectMethodHandle$Holder.newInvokeSpecial(java.lang.Object, long)'> (0x00000000c738dfd0) 
thrown [s\src\hotspot\share\interpreter\linkResolver.cpp, line 759]

VM Operations (20 events):
Event: 4.560 Executing VM operation: G1PauseRemark done
Event: 4.566 Executing VM operation: G1PauseCleanup
Event: 4.566 Executing VM operation: G1PauseCleanup done
Event: 4.584 Executing VM operation: HandshakeAllThreads
Event: 4.584 Executing VM operation: HandshakeAllThreads done
Event: 5.139 Executing VM operation: HandshakeAllThreads
Event: 5.168 Executing VM operation: HandshakeAllThreads done
Event: 5.798 Executing VM operation: HandshakeAllThreads
Event: 5.798 Executing VM operation: HandshakeAllThreads done
Event: 5.798 Executing VM operation: Cleanup
Event: 5.798 Executing VM operation: Cleanup done
Event: 6.819 Executing VM operation: Cleanup
Event: 6.820 Executing VM operation: Cleanup done
Event: 44.611 Executing VM operation: HandshakeAllThreads
Event: 44.611 Executing VM operation: HandshakeAllThreads done
Event: 44.611 Executing VM operation: Cleanup
Event: 44.611 Executing VM operation: Cleanup done
Event: 44.928 Executing VM operation: G1CollectFull
Event: 44.990 Executing VM operation: G1CollectFull done
Event: 55.124 Executing VM operation: G1CollectFull

Events (20 events):
Event: 5.786 loading class java/util/EmptyStackException
Event: 5.786 loading class java/util/EmptyStackException done
Event: 5.795 loading class java/io/InvalidClassException
Event: 5.795 loading class java/io/InvalidClassException done
Event: 5.798 loading class java/util/ArrayList$ListItr
Event: 5.798 loading class java/util/ArrayList$ListItr done
Event: 5.823 loading class java/util/regex/Pattern$1
Event: 5.823 loading class java/util/regex/Pattern$1 done
Event: 44.592 loading class java/lang/ProcessBuilder
Event: 44.593 loading class java/lang/ProcessBuilder done
Event: 44.593 loading class java/lang/ProcessImpl
Event: 44.595 loading class java/lang/ProcessImpl done
Event: 44.609 loading class java/lang/ProcessImpl$2
Event: 44.609 loading class java/lang/ProcessImpl$2 done
Event: 44.609 loading class java/lang/Process$PipeInputStream
Event: 44.610 loading class java/lang/Process$PipeInputStream done
Event: 44.611 loading class jdk/internal/event/ProcessStartEvent
Event: 44.611 loading class jdk/internal/event/ProcessStartEvent done
Event: 44.928 loading class java/io/FileOutputStream$1
Event: 44.928 loading class java/io/FileOutputStream$1 done


Dynamic libraries:
0x00007ff6e7040000 - 0x00007ff6e704e000 	c:\Users\Admin\.vscode\extensions\redhat.java-1.28.1-win32-x64\jre\17.0.10-win32-x86_64\bin\java.exe
0x00007ffea7890000 - 0x00007ffea7a88000 	C:\WINDOWS\SYSTEM32\ntdll.dll
0x00007ffe80570000 - 0x00007ffe80589000 	C:\Program Files\Avast Software\Avast\aswhook.dll
0x00007ffea5ad0000 - 0x00007ffea5b8d000 	C:\WINDOWS\System32\KERNEL32.DLL
0x00007ffea52c0000 - 0x00007ffea55b6000 	C:\WINDOWS\System32\KERNELBASE.dll
0x00007ffea5030000 - 0x00007ffea5130000 	C:\WINDOWS\System32\ucrtbase.dll
0x00007ffe9c3c0000 - 0x00007ffe9c3d7000 	c:\Users\Admin\.vscode\extensions\redhat.java-1.28.1-win32-x64\jre\17.0.10-win32-x86_64\bin\jli.dll
0x00007ffe9b4f0000 - 0x00007ffe9b50b000 	c:\Users\Admin\.vscode\extensions\redhat.java-1.28.1-win32-x64\jre\17.0.10-win32-x86_64\bin\VCRUNTIME140.dll
0x00007ffea69b0000 - 0x00007ffea6b4e000 	C:\WINDOWS\System32\USER32.dll
0x00007ffea5670000 - 0x00007ffea5692000 	C:\WINDOWS\System32\win32u.dll
0x00007ffe80aa0000 - 0x00007ffe80d3a000 	C:\WINDOWS\WinSxS\amd64_microsoft.windows.common-controls_6595b64144ccf1df_6.0.19041.3636_none_60b6a03d71f818d5\COMCTL32.dll
0x00007ffea5f60000 - 0x00007ffea5f8b000 	C:\WINDOWS\System32\GDI32.dll
0x00007ffea6d00000 - 0x00007ffea6d9e000 	C:\WINDOWS\System32\msvcrt.dll
0x00007ffea5730000 - 0x00007ffea5847000 	C:\WINDOWS\System32\gdi32full.dll
0x00007ffea4f40000 - 0x00007ffea4fdd000 	C:\WINDOWS\System32\msvcp_win.dll
0x00007ffea77b0000 - 0x00007ffea77e2000 	C:\WINDOWS\System32\IMM32.DLL
0x00007ffea06c0000 - 0x00007ffea06cc000 	c:\Users\Admin\.vscode\extensions\redhat.java-1.28.1-win32-x64\jre\17.0.10-win32-x86_64\bin\vcruntime140_1.dll
0x00007ffe8db90000 - 0x00007ffe8dc1d000 	c:\Users\Admin\.vscode\extensions\redhat.java-1.28.1-win32-x64\jre\17.0.10-win32-x86_64\bin\msvcp140.dll
0x00007ffe56f50000 - 0x00007ffe57bb2000 	c:\Users\Admin\.vscode\extensions\redhat.java-1.28.1-win32-x64\jre\17.0.10-win32-x86_64\bin\server\jvm.dll
0x00007ffea6900000 - 0x00007ffea69b0000 	C:\WINDOWS\System32\ADVAPI32.dll
0x00007ffea6bc0000 - 0x00007ffea6c60000 	C:\WINDOWS\System32\sechost.dll
0x00007ffea6060000 - 0x00007ffea6185000 	C:\WINDOWS\System32\RPCRT4.dll
0x00007ffea5130000 - 0x00007ffea5157000 	C:\WINDOWS\System32\bcrypt.dll
0x00007ffe93dc0000 - 0x00007ffe93dc9000 	C:\WINDOWS\SYSTEM32\WSOCK32.dll
0x00007ffea06f0000 - 0x00007ffea0717000 	C:\WINDOWS\SYSTEM32\WINMM.dll
0x00007ffea45f0000 - 0x00007ffea463b000 	C:\WINDOWS\SYSTEM32\POWRPROF.dll
0x00007ffe9ba50000 - 0x00007ffe9ba5a000 	C:\WINDOWS\SYSTEM32\VERSION.dll
0x00007ffea6b50000 - 0x00007ffea6bbb000 	C:\WINDOWS\System32\WS2_32.dll
0x00007ffea45b0000 - 0x00007ffea45c2000 	C:\WINDOWS\SYSTEM32\UMPDC.dll
0x00007ffea3780000 - 0x00007ffea3792000 	C:\WINDOWS\SYSTEM32\kernel.appcore.dll
0x00007ffe9bfc0000 - 0x00007ffe9bfca000 	c:\Users\Admin\.vscode\extensions\redhat.java-1.28.1-win32-x64\jre\17.0.10-win32-x86_64\bin\jimage.dll
0x00007ffea2cd0000 - 0x00007ffea2eb4000 	C:\WINDOWS\SYSTEM32\DBGHELP.DLL
0x00007ffea0720000 - 0x00007ffea0754000 	C:\WINDOWS\SYSTEM32\dbgcore.DLL
0x00007ffea56a0000 - 0x00007ffea5722000 	C:\WINDOWS\System32\bcryptPrimitives.dll
0x00007ffe98500000 - 0x00007ffe98525000 	c:\Users\Admin\.vscode\extensions\redhat.java-1.28.1-win32-x64\jre\17.0.10-win32-x86_64\bin\java.dll
0x00007ffe986d0000 - 0x00007ffe986e8000 	c:\Users\Admin\.vscode\extensions\redhat.java-1.28.1-win32-x64\jre\17.0.10-win32-x86_64\bin\zip.dll
0x00007ffea6190000 - 0x00007ffea68fb000 	C:\WINDOWS\System32\SHELL32.dll
0x00007ffea2fd0000 - 0x00007ffea376e000 	C:\WINDOWS\SYSTEM32\windows.storage.dll
0x00007ffea73f0000 - 0x00007ffea7743000 	C:\WINDOWS\System32\combase.dll
0x00007ffea4970000 - 0x00007ffea499e000 	C:\WINDOWS\SYSTEM32\Wldp.dll
0x00007ffea5f90000 - 0x00007ffea605d000 	C:\WINDOWS\System32\OLEAUT32.dll
0x00007ffea7340000 - 0x00007ffea73ed000 	C:\WINDOWS\System32\SHCORE.dll
0x00007ffea5d40000 - 0x00007ffea5d95000 	C:\WINDOWS\System32\shlwapi.dll
0x00007ffea4e70000 - 0x00007ffea4e95000 	C:\WINDOWS\SYSTEM32\profapi.dll
0x00007ffe983f0000 - 0x00007ffe98409000 	C:\Users\Admin\.vscode\extensions\redhat.java-1.28.1-win32-x64\jre\17.0.10-win32-x86_64\bin\net.dll
0x00007ffe99b20000 - 0x00007ffe99c2a000 	C:\WINDOWS\SYSTEM32\WINHTTP.dll
0x00007ffea46d0000 - 0x00007ffea473a000 	C:\WINDOWS\system32\mswsock.dll
0x00007ffe98020000 - 0x00007ffe98036000 	C:\Users\Admin\.vscode\extensions\redhat.java-1.28.1-win32-x64\jre\17.0.10-win32-x86_64\bin\nio.dll
0x00007ffe9b400000 - 0x00007ffe9b410000 	c:\Users\Admin\.vscode\extensions\redhat.java-1.28.1-win32-x64\jre\17.0.10-win32-x86_64\bin\verify.dll
0x00007ffea48c0000 - 0x00007ffea48d8000 	C:\WINDOWS\SYSTEM32\CRYPTSP.dll
0x00007ffea3f90000 - 0x00007ffea3fc4000 	C:\WINDOWS\system32\rsaenh.dll
0x00007ffea4df0000 - 0x00007ffea4e1e000 	C:\WINDOWS\SYSTEM32\USERENV.dll
0x00007ffea48e0000 - 0x00007ffea48ec000 	C:\WINDOWS\SYSTEM32\CRYPTBASE.dll
0x00007ffea4350000 - 0x00007ffea438b000 	C:\WINDOWS\SYSTEM32\IPHLPAPI.DLL
0x00007ffea58c0000 - 0x00007ffea58c8000 	C:\WINDOWS\System32\NSI.dll
0x00007ffe9a190000 - 0x00007ffe9a1a7000 	C:\WINDOWS\SYSTEM32\dhcpcsvc6.DLL
0x00007ffe9b0d0000 - 0x00007ffe9b0ed000 	C:\WINDOWS\SYSTEM32\dhcpcsvc.DLL
0x00007ffea4390000 - 0x00007ffea445b000 	C:\WINDOWS\SYSTEM32\DNSAPI.dll
0x00007ffe9ad80000 - 0x00007ffe9ad89000 	C:\Users\Admin\.vscode\extensions\redhat.java-1.28.1-win32-x64\jre\17.0.10-win32-x86_64\bin\management.dll
0x00007ffe9a540000 - 0x00007ffe9a54b000 	C:\Users\Admin\.vscode\extensions\redhat.java-1.28.1-win32-x64\jre\17.0.10-win32-x86_64\bin\management_ext.dll
0x00007ffea5e20000 - 0x00007ffea5e28000 	C:\WINDOWS\System32\PSAPI.DLL

dbghelp: loaded successfully - version: 4.0.5 - missing functions: none
symbol engine: initialized successfully - sym options: 0x614 - pdb path: .;c:\Users\Admin\.vscode\extensions\redhat.java-1.28.1-win32-x64\jre\17.0.10-win32-x86_64\bin;C:\WINDOWS\SYSTEM32;C:\Program Files\Avast Software\Avast;C:\WINDOWS\WinSxS\amd64_microsoft.windows.common-controls_6595b64144ccf1df_6.0.19041.3636_none_60b6a03d71f818d5;c:\Users\Admin\.vscode\extensions\redhat.java-1.28.1-win32-x64\jre\17.0.10-win32-x86_64\bin\server

VM Arguments:
jvm_args: -XX:+HeapDumpOnOutOfMemoryError -Xmx1024m -Dsts.lsp.client=vscode -Dsts.log.file=/dev/null -XX:TieredStopAtLevel=1 -Xlog:jni+resolve=off -Dspring.config.location=file:c:\Users\Admin\.vscode\extensions\vmware.vscode-spring-boot-1.53.0\language-server\BOOT-INF\classes\application.properties 
java_command: org.springframework.ide.vscode.boot.app.BootLanguageServerBootApp
java_class_path (initial): c:\Users\Admin\.vscode\extensions\vmware.vscode-spring-boot-1.53.0\language-server\BOOT-INF\classes;c:\Users\Admin\.vscode\extensions\vmware.vscode-spring-boot-1.53.0\language-server\BOOT-INF\lib\annotations-24.1.0.jar;c:\Users\Admin\.vscode\extensions\vmware.vscode-spring-boot-1.53.0\language-server\BOOT-INF\lib\antlr4-runtime-4.11.1.jar;c:\Users\Admin\.vscode\extensions\vmware.vscode-spring-boot-1.53.0\language-server\BOOT-INF\lib\asm-9.6.jar;c:\Users\Admin\.vscode\extensions\vmware.vscode-spring-boot-1.53.0\language-server\BOOT-INF\lib\asm-analysis-9.6.jar;c:\Users\Admin\.vscode\extensions\vmware.vscode-spring-boot-1.53.0\language-server\BOOT-INF\lib\asm-tree-9.6.jar;c:\Users\Admin\.vscode\extensions\vmware.vscode-spring-boot-1.53.0\language-server\BOOT-INF\lib\asm-util-9.6.jar;c:\Users\Admin\.vscode\extensions\vmware.vscode-spring-boot-1.53.0\language-server\BOOT-INF\lib\caffeine-3.1.8.jar;c:\Users\Admin\.vscode\extensions\vmware.vscode-spring-boot-1.53.0\language-server\BOOT-INF\lib\checker-qual-3.12.0.jar;c:\Users\Admin\.vscode\extensions\vmware.vscode-spring-boot-1.53.0\language-server\BOOT-INF\lib\classgraph-4.8.149.jar;c:\Users\Admin\.vscode\extensions\vmware.vscode-spring-boot-1.53.0\language-server\BOOT-INF\lib\commons-codec-1.16.1.jar;c:\Users\Admin\.vscode\extensions\vmware.vscode-spring-boot-1.53.0\language-server\BOOT-INF\lib\commons-compress-1.26.0.jar;c:\Users\Admin\.vscode\extensions\vmware.vscode-spring-boot-1.53.0\language-server\BOOT-INF\lib\commons-io-2.4.jar;c:\Users\Admin\.vscode\extensions\vmware.vscode-spring-boot-1.53.0\language-server\BOOT-INF\lib\commons-java-1.53.0-SNAPSHOT.jar;c:\Users\Admin\.vscode\extensions\vmware.vscode-spring-boot-1.53.0\language-server\BOOT-INF\lib\commons-lang3-3.13.0.jar;c:\Users\Admin\.vscode\extensions\vmware.vscode-spring-boot-1.53.0\language-server\BOOT-INF\lib\commons-language-server-1.53.0-SNAPSHOT.jar;c:\Users\Admin\.vscode\extensions\vmware.vscode-spring-boot-1.53.0\language
Launcher Type: SUN_STANDARD

[Global flags]
     intx CICompilerCount                          = 4                                         {product} {ergonomic}
     uint ConcGCThreads                            = 2                                         {product} {ergonomic}
     uint G1ConcRefinementThreads                  = 8                                         {product} {ergonomic}
   size_t G1HeapRegionSize                         = 1048576                                   {product} {ergonomic}
    uintx GCDrainStackTargetSize                   = 64                                        {product} {ergonomic}
     bool HeapDumpOnOutOfMemoryError               = true                                   {manageable} {command line}
   size_t InitialHeapSize                          = 121634816                                 {product} {ergonomic}
   size_t MarkStackSize                            = 4194304                                   {product} {ergonomic}
   size_t MaxHeapSize                              = 1073741824                                {product} {command line}
   size_t MaxNewSize                               = 643825664                                 {product} {ergonomic}
   size_t MinHeapDeltaBytes                        = 1048576                                   {product} {ergonomic}
   size_t MinHeapSize                              = 8388608                                   {product} {ergonomic}
    uintx NonProfiledCodeHeapSize                  = 0                                      {pd product} {ergonomic}
     bool ProfileInterpreter                       = false                                  {pd product} {command line}
    uintx ProfiledCodeHeapSize                     = 0                                      {pd product} {ergonomic}
   size_t SoftMaxHeapSize                          = 1073741824                             {manageable} {ergonomic}
     intx TieredStopAtLevel                        = 1                                         {product} {command line}
     bool UseCompressedClassPointers               = true                           {product lp64_product} {ergonomic}
     bool UseCompressedOops                        = true                           {product lp64_product} {ergonomic}
     bool UseG1GC                                  = true                                      {product} {ergonomic}
     bool UseLargePagesIndividualAllocation        = false                                  {pd product} {ergonomic}

Logging:
Log output configuration:
 #0: stdout all=warning,jni+resolve=off uptime,level,tags
 #1: stderr all=off uptime,level,tags

Environment Variables:
PATH=C:\Program Files\Common Files\Oracle\Java\javapath;C:\Program Files (x86)\Common Files\Oracle\Java\javapath;C:\WINDOWS\system32;C:\WINDOWS;C:\WINDOWS\System32\Wbem;C:\WINDOWS\System32\WindowsPowerShell\v1.0\;C:\WINDOWS\System32\OpenSSH\;C:\Program Files\Git\cmd;C:\Program Files\nodejs\;C:\Program Files\PuTTY\;C:\Users\Admin\AppData\Local\Programs\Python\Python311\Scripts\;C:\Users\Admin\AppData\Local\Programs\Python\Python311\;C:\Program Files\MySQL\MySQL Shell 8.0\bin\;C:\Users\Admin\AppData\Local\Microsoft\WindowsApps;;C:\Users\Admin\AppData\Local\Programs\Microsoft VS Code\bin;C:\Users\Admin\AppData\Roaming\npm
USERNAME=Admin
OS=Windows_NT
PROCESSOR_IDENTIFIER=Intel64 Family 6 Model 142 Stepping 12, GenuineIntel
TMP=C:\Users\Admin\AppData\Local\Temp
TEMP=C:\Users\Admin\AppData\Local\Temp



Periodic native trim disabled


---------------  S Y S T E M  ---------------

OS:
 Windows 10 , 64 bit Build 19041 (10.0.19041.3636)
OS uptime: 2 days 17:17 hours

CPU: total 8 (initial active 8) (4 cores per cpu, 2 threads per core) family 6 model 142 stepping 12 microcode 0xca, cx8, cmov, fxsr, ht, mmx, 3dnowpref, sse, sse2, sse3, ssse3, sse4.1, sse4.2, popcnt, lzcnt, tsc, tscinvbit, avx, avx2, aes, erms, clmul, bmi1, bmi2, adx, fma, vzeroupper, clflush, clflushopt
Processor Information for all 8 processors :
  Max Mhz: 2101, Current Mhz: 1500, Mhz Limit: 2101

Memory: 4k page, system-wide physical 7416M (553M free)
TotalPageFile size 10576M (AvailPageFile size 5M)
current process WorkingSet (physical memory assigned to process): 171M, peak: 171M
current process commit charge ("private bytes"): 212M, peak: 222M

vm_info: OpenJDK 64-Bit Server VM (17.0.10+7) for windows-amd64 JRE (17.0.10+7), built on Jan 16 2024 23:25:11 by "admin" with MS VC++ 16.10 / 16.11 (VS2019)

END.
