#
# There is insufficient memory for the Java Runtime Environment to continue.
# Native memory allocation (malloc) failed to allocate 1048576 bytes for AllocateHeap
# Possible reasons:
#   The system is out of physical RAM or swap space
#   The process is running with CompressedOops enabled, and the Java Heap may be blocking the growth of the native heap
# Possible solutions:
#   Reduce memory load on the system
#   Increase physical memory or swap space
#   Check if swap backing store is full
#   Decrease Java heap size (-Xmx/-Xms)
#   Decrease number of Java threads
#   Decrease Java thread stack sizes (-Xss)
#   Set larger code cache with -XX:ReservedCodeCacheSize=
#   JVM is running with Unscaled Compressed Oops mode in which the Java heap is
#     placed in the first 4GB address space. The Java Heap base address is the
#     maximum limit for the native heap growth. Please use -XX:HeapBaseMinAddress
#     to set the Java Heap base and to place the Java Heap above 4GB virtual address.
# This output file may be truncated or incomplete.
#
#  Out of Memory Error (allocation.cpp:44), pid=16916, tid=14108
#
# JRE version: OpenJDK Runtime Environment Temurin-17.0.10+7 (17.0.10+7) (build 17.0.10+7)
# Java VM: OpenJDK 64-Bit Server VM Temurin-17.0.10+7 (17.0.10+7, mixed mode, emulated-client, tiered, compressed oops, compressed class ptrs, g1 gc, windows-amd64)
# No core dump will be written. Minidumps are not enabled by default on client versions of Windows
#

---------------  S U M M A R Y ------------

Command Line: -XX:+HeapDumpOnOutOfMemoryError -Xmx1024m -Dsts.lsp.client=vscode -Dsts.log.file=/dev/null -XX:TieredStopAtLevel=1 -Xlog:jni+resolve=off -Dspring.config.location=file:c:\Users\Admin\.vscode\extensions\vmware.vscode-spring-boot-1.53.0\language-server\BOOT-INF\classes\application.properties org.springframework.ide.vscode.boot.app.BootLanguageServerBootApp

Host: Intel(R) Core(TM) i5-10210U CPU @ 1.60GHz, 8 cores, 7G,  Windows 10 , 64 bit Build 19041 (10.0.19041.3636)
Time: Wed Mar 20 14:16:22 2024 India Standard Time elapsed time: 15049.304890 seconds (0d 4h 10m 49s)

---------------  T H R E A D  ---------------

Current thread (0x00000264ec835610):  VMThread "VM Thread" [stack: 0x000000b723f00000,0x000000b724000000] [id=14108]

Stack: [0x000000b723f00000,0x000000b724000000]
Native frames: (J=compiled Java code, j=interpreted, Vv=VM code, C=native code)
V  [jvm.dll+0x67d2c9]
V  [jvm.dll+0x834afa]
V  [jvm.dll+0x8365be]
V  [jvm.dll+0x836c23]
V  [jvm.dll+0x2477ff]
V  [jvm.dll+0xa6c93]
V  [jvm.dll+0x2f8663]
V  [jvm.dll+0x2f42e0]
V  [jvm.dll+0x2dc8c7]
V  [jvm.dll+0x31fb87]
V  [jvm.dll+0x83b11b]
V  [jvm.dll+0x83be61]
V  [jvm.dll+0x83c37d]
V  [jvm.dll+0x83c754]
V  [jvm.dll+0x83c820]
V  [jvm.dll+0x7e3fba]
V  [jvm.dll+0x67c1b5]
C  [ucrtbase.dll+0x21bb2]
C  [KERNEL32.DLL+0x17344]
C  [ntdll.dll+0x526b1]

VM_Operation (0x000000b7257fef30): G1CollectFull, mode: safepoint, requested by thread 0x00000264f24bd580


---------------  P R O C E S S  ---------------

Threads class SMR info:
_java_thread_list=0x00000264fa639250, length=27, elements={
0x00000264ec851e50, 0x00000264ec8364e0, 0x00000264ec9994a0, 0x00000264ec99a320,
0x00000264ec99e200, 0x00000264ec99fae0, 0x00000264ec8703c0, 0x00000264ec878ce0,
0x00000264ecb8b800, 0x00000264ecba1020, 0x00000264f2415810, 0x00000264f24bd580,
0x00000264f24e5840, 0x00000264dfa1ed60, 0x00000264f2501c80, 0x00000264f253dbd0,
0x00000264f2552d30, 0x00000264f2552820, 0x00000264f2554170, 0x00000264fa838740,
0x00000264fa837d20, 0x00000264fa835ec0, 0x00000264fa837300, 0x00000264fa8354a0,
0x00000264fa834060, 0x00000264fa838c50, 0x00000264fa837810
}

Java Threads: ( => current thread )
  0x00000264ec851e50 JavaThread "Reference Handler" daemon [_thread_blocked, id=17796, stack(0x000000b724000000,0x000000b724100000)]
  0x00000264ec8364e0 JavaThread "Finalizer" daemon [_thread_blocked, id=18912, stack(0x000000b724100000,0x000000b724200000)]
  0x00000264ec9994a0 JavaThread "Signal Dispatcher" daemon [_thread_blocked, id=10440, stack(0x000000b724200000,0x000000b724300000)]
  0x00000264ec99a320 JavaThread "Attach Listener" daemon [_thread_blocked, id=12952, stack(0x000000b724300000,0x000000b724400000)]
  0x00000264ec99e200 JavaThread "Service Thread" daemon [_thread_blocked, id=13540, stack(0x000000b724400000,0x000000b724500000)]
  0x00000264ec99fae0 JavaThread "Monitor Deflation Thread" daemon [_thread_blocked, id=15272, stack(0x000000b724500000,0x000000b724600000)]
  0x00000264ec8703c0 JavaThread "C1 CompilerThread0" daemon [_thread_blocked, id=21920, stack(0x000000b724600000,0x000000b724700000)]
  0x00000264ec878ce0 JavaThread "Sweeper thread" daemon [_thread_blocked, id=10428, stack(0x000000b724700000,0x000000b724800000)]
  0x00000264ecb8b800 JavaThread "Notification Thread" daemon [_thread_blocked, id=21748, stack(0x000000b724a00000,0x000000b724b00000)]
  0x00000264ecba1020 JavaThread "Common-Cleaner" daemon [_thread_blocked, id=10556, stack(0x000000b724c00000,0x000000b724d00000)]
  0x00000264f2415810 JavaThread "boundedElastic-evictor-1" daemon [_thread_blocked, id=22216, stack(0x000000b725200000,0x000000b725300000)]
  0x00000264f24bd580 JavaThread "pool-13-thread-1" [_thread_blocked, id=16888, stack(0x000000b725700000,0x000000b725800000)]
  0x00000264f24e5840 JavaThread "LanguageServerApp-lifecycle" [_thread_blocked, id=11544, stack(0x000000b725800000,0x000000b725900000)]
  0x00000264dfa1ed60 JavaThread "DestroyJavaVM" [_thread_blocked, id=20584, stack(0x000000b723900000,0x000000b723a00000)]
  0x00000264f2501c80 JavaThread "pool-14-thread-1" [_thread_in_native, id=11696, stack(0x000000b725900000,0x000000b725a00000)]
  0x00000264f253dbd0 JavaThread "Simple-Language-Server main thread" daemon [_thread_blocked, id=21532, stack(0x000000b725a00000,0x000000b725b00000)]
  0x00000264f2552d30 JavaThread "pool-6-thread-1" [_thread_blocked, id=4260, stack(0x000000b725e00000,0x000000b725f00000)]
  0x00000264f2552820 JavaThread "parallel-1" daemon [_thread_blocked, id=4504, stack(0x000000b725f00000,0x000000b726000000)]
  0x00000264f2554170 JavaThread "parallel-2" daemon [_thread_blocked, id=8916, stack(0x000000b726000000,0x000000b726100000)]
  0x00000264fa838740 JavaThread "pool-8-thread-1" [_thread_blocked, id=5588, stack(0x000000b723600000,0x000000b723700000)]
  0x00000264fa837d20 JavaThread "parallel-3" daemon [_thread_blocked, id=3092, stack(0x000000b723700000,0x000000b723800000)]
  0x00000264fa835ec0 JavaThread "Reconciler-1" daemon [_thread_blocked, id=16656, stack(0x000000b726500000,0x000000b726600000)]
  0x00000264fa837300 JavaThread "parallel-4" daemon [_thread_blocked, id=21132, stack(0x000000b725b00000,0x000000b725c00000)]
  0x00000264fa8354a0 JavaThread "parallel-5" daemon [_thread_blocked, id=8168, stack(0x000000b725c00000,0x000000b725d00000)]
  0x00000264fa834060 JavaThread "parallel-6" daemon [_thread_blocked, id=18492, stack(0x000000b723800000,0x000000b723900000)]
  0x00000264fa838c50 JavaThread "parallel-7" daemon [_thread_blocked, id=20808, stack(0x000000b726100000,0x000000b726200000)]
  0x00000264fa837810 JavaThread "parallel-8" daemon [_thread_blocked, id=2232, stack(0x000000b726300000,0x000000b726400000)]

Other Threads:
=>0x00000264ec835610 VMThread "VM Thread" [stack: 0x000000b723f00000,0x000000b724000000] [id=14108]
  0x00000264ecb8e0f0 WatcherThread [stack: 0x000000b724b00000,0x000000b724c00000] [id=10620]
  0x00000264dfa5b260 GCTaskThread "GC Thread#0" [stack: 0x000000b723a00000,0x000000b723b00000] [id=14200]
  0x00000264f19053f0 GCTaskThread "GC Thread#1" [stack: 0x000000b724900000,0x000000b724a00000] [id=20748]
  0x00000264f192a3d0 GCTaskThread "GC Thread#2" [stack: 0x000000b724d00000,0x000000b724e00000] [id=14748]
  0x00000264f192a690 GCTaskThread "GC Thread#3" [stack: 0x000000b724e00000,0x000000b724f00000] [id=18184]
  0x00000264f1b5c8e0 GCTaskThread "GC Thread#4" [stack: 0x000000b725000000,0x000000b725100000] [id=9160]
  0x00000264f1b5cba0 GCTaskThread "GC Thread#5" [stack: 0x000000b725100000,0x000000b725200000] [id=1416]
  0x00000264f1e5fac0 GCTaskThread "GC Thread#6" [stack: 0x000000b725400000,0x000000b725500000] [id=14476]
  0x00000264f1e63d90 GCTaskThread "GC Thread#7" [stack: 0x000000b725500000,0x000000b725600000] [id=19616]
  0x00000264dfa64280 ConcurrentGCThread "G1 Main Marker" [stack: 0x000000b723b00000,0x000000b723c00000] [id=13712]
  0x00000264dfa65440 ConcurrentGCThread "G1 Conc#0" [stack: 0x000000b723c00000,0x000000b723d00000] [id=21908]
  0x00000264f1e22050 ConcurrentGCThread "G1 Conc#1" [stack: 0x000000b725600000,0x000000b725700000] [id=21792]
  0x00000264dfacd5d0 ConcurrentGCThread "G1 Refine#0" [stack: 0x000000b723d00000,0x000000b723e00000] [id=2204]
  0x00000264dface000 ConcurrentGCThread "G1 Service" [stack: 0x000000b723e00000,0x000000b723f00000] [id=21020]

Threads with active compile tasks:

VM state: at safepoint (normal execution)

VM Mutex/Monitor currently owned by a thread:  ([mutex/lock_event])
[0x00000264df9aaeb0] Threads_lock - owner thread: 0x00000264ec835610
[0x00000264df9ab4e0] Heap_lock - owner thread: 0x00000264f24bd580

Heap address: 0x00000000c0000000, size: 1024 MB, Compressed Oops mode: 32-bit

CDS archive(s) not mapped
Compressed class space mapped at: 0x0000000100000000-0x0000000140000000, reserved size: 1073741824
Narrow klass base: 0x0000000000000000, Narrow klass shift: 3, Narrow klass range: 0x140000000

GC Precious Log:
 CPUs: 8 total, 8 available
 Memory: 7416M
 Large Page Support: Disabled
 NUMA Support: Disabled
 Compressed Oops: Enabled (32-bit)
 Heap Region Size: 1M
 Heap Min Capacity: 8M
 Heap Initial Capacity: 116M
 Heap Max Capacity: 1G
 Pre-touch: Disabled
 Parallel Workers: 8
 Concurrent Workers: 2
 Concurrent Refinement Workers: 8
 Periodic GC: Disabled

Heap:
 garbage-first heap   total 102400K, used 38096K [0x00000000c0000000, 0x0000000100000000)
  region size 1024K, 1 young (1024K), 0 survivors (0K)
 Metaspace       used 59675K, committed 60096K, reserved 1114112K
  class space    used 7438K, committed 7616K, reserved 1048576K

Heap Regions: E=young(eden), S=young(survivor), O=old, HS=humongous(starts), HC=humongous(continues), CS=collection set, F=free, OA=open archive, CA=closed archive, TAMS=top-at-mark-start (previous, next)
|   0|0x00000000c0000000, 0x00000000c0100000, 0x00000000c0100000|100%|HS|  |TAMS 0x00000000c0100000, 0x00000000c0000000| Untracked 
|   1|0x00000000c0100000, 0x00000000c0200000, 0x00000000c0200000|100%|HC|  |TAMS 0x00000000c0200000, 0x00000000c0100000| Untracked 
|   2|0x00000000c0200000, 0x00000000c0300000, 0x00000000c0300000|100%|HC|  |TAMS 0x00000000c0300000, 0x00000000c0200000| Untracked 
|   3|0x00000000c0300000, 0x00000000c0400000, 0x00000000c0400000|100%|HC|  |TAMS 0x00000000c0400000, 0x00000000c0300000| Untracked 
|   4|0x00000000c0400000, 0x00000000c0500000, 0x00000000c0500000|100%|HS|  |TAMS 0x00000000c0500000, 0x00000000c0400000| Untracked 
|   5|0x00000000c0500000, 0x00000000c0600000, 0x00000000c0600000|100%|HC|  |TAMS 0x00000000c0600000, 0x00000000c0500000| Untracked 
|   6|0x00000000c0600000, 0x00000000c0700000, 0x00000000c0700000|100%| O|  |TAMS 0x00000000c0700000, 0x00000000c0600000| Untracked 
|   7|0x00000000c0700000, 0x00000000c0800000, 0x00000000c0800000|100%| O|  |TAMS 0x00000000c0800000, 0x00000000c0700000| Untracked 
|   8|0x00000000c0800000, 0x00000000c0900000, 0x00000000c0900000|100%| O|  |TAMS 0x00000000c0900000, 0x00000000c0800000| Untracked 
|   9|0x00000000c0900000, 0x00000000c0a00000, 0x00000000c0a00000|100%| O|  |TAMS 0x00000000c0a00000, 0x00000000c0900000| Untracked 
|  10|0x00000000c0a00000, 0x00000000c0b00000, 0x00000000c0b00000|100%| O|  |TAMS 0x00000000c0b00000, 0x00000000c0a00000| Untracked 
|  11|0x00000000c0b00000, 0x00000000c0c00000, 0x00000000c0c00000|100%| O|  |TAMS 0x00000000c0c00000, 0x00000000c0b00000| Untracked 
|  12|0x00000000c0c00000, 0x00000000c0d00000, 0x00000000c0d00000|100%| O|  |TAMS 0x00000000c0d00000, 0x00000000c0c00000| Untracked 
|  13|0x00000000c0d00000, 0x00000000c0e00000, 0x00000000c0e00000|100%| O|  |TAMS 0x00000000c0e00000, 0x00000000c0d00000| Untracked 
|  14|0x00000000c0e00000, 0x00000000c0f00000, 0x00000000c0f00000|100%| O|  |TAMS 0x00000000c0f00000, 0x00000000c0e00000| Untracked 
|  15|0x00000000c0f00000, 0x00000000c0ffffe8, 0x00000000c1000000| 99%| O|  |TAMS 0x00000000c0ffffe8, 0x00000000c0f00000| Untracked 
|  16|0x00000000c1000000, 0x00000000c10fffe0, 0x00000000c1100000| 99%| O|  |TAMS 0x00000000c10fffe0, 0x00000000c1000000| Untracked 
|  17|0x00000000c1100000, 0x00000000c1200000, 0x00000000c1200000|100%| O|  |TAMS 0x00000000c1200000, 0x00000000c1100000| Untracked 
|  18|0x00000000c1200000, 0x00000000c12fffd8, 0x00000000c1300000| 99%| O|  |TAMS 0x00000000c12fffd8, 0x00000000c1200000| Untracked 
|  19|0x00000000c1300000, 0x00000000c13fffe8, 0x00000000c1400000| 99%| O|  |TAMS 0x00000000c13fffe8, 0x00000000c1300000| Untracked 
|  20|0x00000000c1400000, 0x00000000c1500000, 0x00000000c1500000|100%| O|  |TAMS 0x00000000c1500000, 0x00000000c1400000| Untracked 
|  21|0x00000000c1500000, 0x00000000c1600000, 0x00000000c1600000|100%| O|  |TAMS 0x00000000c1600000, 0x00000000c1500000| Untracked 
|  22|0x00000000c1600000, 0x00000000c16ffff0, 0x00000000c1700000| 99%| O|  |TAMS 0x00000000c16ffff0, 0x00000000c1600000| Untracked 
|  23|0x00000000c1700000, 0x00000000c17ffff0, 0x00000000c1800000| 99%| O|  |TAMS 0x00000000c17ffff0, 0x00000000c1700000| Untracked 
|  24|0x00000000c1800000, 0x00000000c18ffed8, 0x00000000c1900000| 99%| O|  |TAMS 0x00000000c18ffed8, 0x00000000c1800000| Untracked 
|  25|0x00000000c1900000, 0x00000000c19fce80, 0x00000000c1a00000| 98%| O|  |TAMS 0x00000000c19fce80, 0x00000000c1900000| Untracked 
|  26|0x00000000c1a00000, 0x00000000c1afff20, 0x00000000c1b00000| 99%| O|  |TAMS 0x00000000c1afff20, 0x00000000c1a00000| Untracked 
|  27|0x00000000c1b00000, 0x00000000c1bfffe8, 0x00000000c1c00000| 99%| O|  |TAMS 0x00000000c1bfffe8, 0x00000000c1b00000| Untracked 
|  28|0x00000000c1c00000, 0x00000000c1d00000, 0x00000000c1d00000|100%| O|  |TAMS 0x00000000c1d00000, 0x00000000c1c00000| Untracked 
|  29|0x00000000c1d00000, 0x00000000c1dff470, 0x00000000c1e00000| 99%| O|  |TAMS 0x00000000c1dff470, 0x00000000c1d00000| Untracked 
|  30|0x00000000c1e00000, 0x00000000c1f00000, 0x00000000c1f00000|100%|HS|  |TAMS 0x00000000c1f00000, 0x00000000c1e00000| Untracked 
|  31|0x00000000c1f00000, 0x00000000c1ffffd8, 0x00000000c2000000| 99%| O|  |TAMS 0x00000000c1ffffd8, 0x00000000c1f00000| Untracked 
|  32|0x00000000c2000000, 0x00000000c20ffff8, 0x00000000c2100000| 99%| O|  |TAMS 0x00000000c20ffff8, 0x00000000c2000000| Untracked 
|  33|0x00000000c2100000, 0x00000000c21fffe0, 0x00000000c2200000| 99%| O|  |TAMS 0x00000000c21fffe0, 0x00000000c2100000| Untracked 
|  34|0x00000000c2200000, 0x00000000c2238238, 0x00000000c2300000| 21%| O|  |TAMS 0x00000000c2200000, 0x00000000c2200000| Untracked 
|  35|0x00000000c2300000, 0x00000000c23000d0, 0x00000000c2400000|  0%| O|  |TAMS 0x00000000c2300000, 0x00000000c2300000| Untracked 
|  36|0x00000000c2400000, 0x00000000c2400000, 0x00000000c2500000|  0%| F|  |TAMS 0x00000000c2400000, 0x00000000c2400000| Untracked 
|  37|0x00000000c2500000, 0x00000000c2500000, 0x00000000c2600000|  0%| F|  |TAMS 0x00000000c2500000, 0x00000000c2500000| Untracked 
|  38|0x00000000c2600000, 0x00000000c2600000, 0x00000000c2700000|  0%| F|  |TAMS 0x00000000c2600000, 0x00000000c2600000| Untracked 
|  39|0x00000000c2700000, 0x00000000c2700000, 0x00000000c2800000|  0%| F|  |TAMS 0x00000000c2700000, 0x00000000c2700000| Untracked 
|  40|0x00000000c2800000, 0x00000000c2800000, 0x00000000c2900000|  0%| F|  |TAMS 0x00000000c2800000, 0x00000000c2800000| Untracked 
|  41|0x00000000c2900000, 0x00000000c2900000, 0x00000000c2a00000|  0%| F|  |TAMS 0x00000000c2900000, 0x00000000c2900000| Untracked 
|  42|0x00000000c2a00000, 0x00000000c2a00000, 0x00000000c2b00000|  0%| F|  |TAMS 0x00000000c2a00000, 0x00000000c2a00000| Untracked 
|  43|0x00000000c2b00000, 0x00000000c2b00000, 0x00000000c2c00000|  0%| F|  |TAMS 0x00000000c2b00000, 0x00000000c2b00000| Untracked 
|  44|0x00000000c2c00000, 0x00000000c2c00000, 0x00000000c2d00000|  0%| F|  |TAMS 0x00000000c2c00000, 0x00000000c2c00000| Untracked 
|  45|0x00000000c2d00000, 0x00000000c2d00000, 0x00000000c2e00000|  0%| F|  |TAMS 0x00000000c2d00000, 0x00000000c2d00000| Untracked 
|  46|0x00000000c2e00000, 0x00000000c2e00000, 0x00000000c2f00000|  0%| F|  |TAMS 0x00000000c2e00000, 0x00000000c2e00000| Untracked 
|  47|0x00000000c2f00000, 0x00000000c2f00000, 0x00000000c3000000|  0%| F|  |TAMS 0x00000000c2f00000, 0x00000000c2f00000| Untracked 
|  48|0x00000000c3000000, 0x00000000c3000000, 0x00000000c3100000|  0%| F|  |TAMS 0x00000000c3000000, 0x00000000c3000000| Untracked 
|  49|0x00000000c3100000, 0x00000000c3100000, 0x00000000c3200000|  0%| F|  |TAMS 0x00000000c3100000, 0x00000000c3100000| Untracked 
|  50|0x00000000c3200000, 0x00000000c3200000, 0x00000000c3300000|  0%| F|  |TAMS 0x00000000c3200000, 0x00000000c3200000| Untracked 
|  51|0x00000000c3300000, 0x00000000c3300000, 0x00000000c3400000|  0%| F|  |TAMS 0x00000000c3300000, 0x00000000c3300000| Untracked 
|  52|0x00000000c3400000, 0x00000000c3400000, 0x00000000c3500000|  0%| F|  |TAMS 0x00000000c3400000, 0x00000000c3400000| Untracked 
|  53|0x00000000c3500000, 0x00000000c3500000, 0x00000000c3600000|  0%| F|  |TAMS 0x00000000c3500000, 0x00000000c3500000| Untracked 
|  54|0x00000000c3600000, 0x00000000c3600000, 0x00000000c3700000|  0%| F|  |TAMS 0x00000000c3600000, 0x00000000c3600000| Untracked 
|  55|0x00000000c3700000, 0x00000000c3700000, 0x00000000c3800000|  0%| F|  |TAMS 0x00000000c3700000, 0x00000000c3700000| Untracked 
|  56|0x00000000c3800000, 0x00000000c3800000, 0x00000000c3900000|  0%| F|  |TAMS 0x00000000c3800000, 0x00000000c3800000| Untracked 
|  57|0x00000000c3900000, 0x00000000c3900000, 0x00000000c3a00000|  0%| F|  |TAMS 0x00000000c3900000, 0x00000000c3900000| Untracked 
|  58|0x00000000c3a00000, 0x00000000c3a00000, 0x00000000c3b00000|  0%| F|  |TAMS 0x00000000c3a00000, 0x00000000c3a00000| Untracked 
|  59|0x00000000c3b00000, 0x00000000c3b00000, 0x00000000c3c00000|  0%| F|  |TAMS 0x00000000c3b00000, 0x00000000c3b00000| Untracked 
|  60|0x00000000c3c00000, 0x00000000c3c00000, 0x00000000c3d00000|  0%| F|  |TAMS 0x00000000c3c00000, 0x00000000c3c00000| Untracked 
|  61|0x00000000c3d00000, 0x00000000c3d00000, 0x00000000c3e00000|  0%| F|  |TAMS 0x00000000c3d00000, 0x00000000c3d00000| Untracked 
|  62|0x00000000c3e00000, 0x00000000c3e00000, 0x00000000c3f00000|  0%| F|  |TAMS 0x00000000c3e00000, 0x00000000c3e00000| Untracked 
|  63|0x00000000c3f00000, 0x00000000c3f00000, 0x00000000c4000000|  0%| F|  |TAMS 0x00000000c3f00000, 0x00000000c3f00000| Untracked 
|  64|0x00000000c4000000, 0x00000000c4000000, 0x00000000c4100000|  0%| F|  |TAMS 0x00000000c4000000, 0x00000000c4000000| Untracked 
|  65|0x00000000c4100000, 0x00000000c4100000, 0x00000000c4200000|  0%| F|  |TAMS 0x00000000c4100000, 0x00000000c4100000| Untracked 
|  66|0x00000000c4200000, 0x00000000c4200000, 0x00000000c4300000|  0%| F|  |TAMS 0x00000000c4200000, 0x00000000c4200000| Untracked 
|  67|0x00000000c4300000, 0x00000000c4300000, 0x00000000c4400000|  0%| F|  |TAMS 0x00000000c4300000, 0x00000000c4300000| Untracked 
|  68|0x00000000c4400000, 0x00000000c4400000, 0x00000000c4500000|  0%| F|  |TAMS 0x00000000c4400000, 0x00000000c4400000| Untracked 
|  69|0x00000000c4500000, 0x00000000c4500000, 0x00000000c4600000|  0%| F|  |TAMS 0x00000000c4500000, 0x00000000c4500000| Untracked 
|  70|0x00000000c4600000, 0x00000000c4600000, 0x00000000c4700000|  0%| F|  |TAMS 0x00000000c4600000, 0x00000000c4600000| Untracked 
|  71|0x00000000c4700000, 0x00000000c4700000, 0x00000000c4800000|  0%| F|  |TAMS 0x00000000c4700000, 0x00000000c4700000| Untracked 
|  72|0x00000000c4800000, 0x00000000c4800000, 0x00000000c4900000|  0%| F|  |TAMS 0x00000000c4800000, 0x00000000c4800000| Untracked 
|  73|0x00000000c4900000, 0x00000000c4900000, 0x00000000c4a00000|  0%| F|  |TAMS 0x00000000c4900000, 0x00000000c4900000| Untracked 
|  74|0x00000000c4a00000, 0x00000000c4a00000, 0x00000000c4b00000|  0%| F|  |TAMS 0x00000000c4a00000, 0x00000000c4a00000| Untracked 
|  75|0x00000000c4b00000, 0x00000000c4b00000, 0x00000000c4c00000|  0%| F|  |TAMS 0x00000000c4b00000, 0x00000000c4b00000| Untracked 
|  76|0x00000000c4c00000, 0x00000000c4c00000, 0x00000000c4d00000|  0%| F|  |TAMS 0x00000000c4c00000, 0x00000000c4c00000| Untracked 
|  77|0x00000000c4d00000, 0x00000000c4d00000, 0x00000000c4e00000|  0%| F|  |TAMS 0x00000000c4d00000, 0x00000000c4d00000| Untracked 
|  78|0x00000000c4e00000, 0x00000000c4e00000, 0x00000000c4f00000|  0%| F|  |TAMS 0x00000000c4e00000, 0x00000000c4e00000| Untracked 
|  79|0x00000000c4f00000, 0x00000000c4f00000, 0x00000000c5000000|  0%| F|  |TAMS 0x00000000c4f00000, 0x00000000c4f00000| Untracked 
|  80|0x00000000c5000000, 0x00000000c5000000, 0x00000000c5100000|  0%| F|  |TAMS 0x00000000c5000000, 0x00000000c5000000| Untracked 
|  81|0x00000000c5100000, 0x00000000c5100000, 0x00000000c5200000|  0%| F|  |TAMS 0x00000000c5100000, 0x00000000c5100000| Untracked 
|  82|0x00000000c5200000, 0x00000000c5200000, 0x00000000c5300000|  0%| F|  |TAMS 0x00000000c5200000, 0x00000000c5200000| Untracked 
|  83|0x00000000c5300000, 0x00000000c5300000, 0x00000000c5400000|  0%| F|  |TAMS 0x00000000c5300000, 0x00000000c5300000| Untracked 
|  84|0x00000000c5400000, 0x00000000c5400000, 0x00000000c5500000|  0%| F|  |TAMS 0x00000000c5400000, 0x00000000c5400000| Untracked 
|  85|0x00000000c5500000, 0x00000000c5500000, 0x00000000c5600000|  0%| F|  |TAMS 0x00000000c5500000, 0x00000000c5500000| Untracked 
|  86|0x00000000c5600000, 0x00000000c5600000, 0x00000000c5700000|  0%| F|  |TAMS 0x00000000c5600000, 0x00000000c5600000| Untracked 
|  87|0x00000000c5700000, 0x00000000c5700000, 0x00000000c5800000|  0%| F|  |TAMS 0x00000000c5700000, 0x00000000c5700000| Untracked 
|  88|0x00000000c5800000, 0x00000000c5800000, 0x00000000c5900000|  0%| F|  |TAMS 0x00000000c5800000, 0x00000000c5800000| Untracked 
|  89|0x00000000c5900000, 0x00000000c5900000, 0x00000000c5a00000|  0%| F|  |TAMS 0x00000000c5900000, 0x00000000c5900000| Untracked 
|  90|0x00000000c5a00000, 0x00000000c5a00000, 0x00000000c5b00000|  0%| F|  |TAMS 0x00000000c5a00000, 0x00000000c5a00000| Untracked 
|  91|0x00000000c5b00000, 0x00000000c5b00000, 0x00000000c5c00000|  0%| F|  |TAMS 0x00000000c5b00000, 0x00000000c5b00000| Untracked 
|  92|0x00000000c5c00000, 0x00000000c5d00000, 0x00000000c5d00000|100%| O|  |TAMS 0x00000000c5d00000, 0x00000000c5c00000| Untracked 
|  93|0x00000000c5d00000, 0x00000000c5e00000, 0x00000000c5e00000|100%| O|  |TAMS 0x00000000c5e00000, 0x00000000c5d00000| Untracked 
|  94|0x00000000c5e00000, 0x00000000c5f00000, 0x00000000c5f00000|100%| O|  |TAMS 0x00000000c5f00000, 0x00000000c5e00000| Untracked 
|  95|0x00000000c5f00000, 0x00000000c5f00000, 0x00000000c6000000|  0%| F|  |TAMS 0x00000000c5f00000, 0x00000000c5f00000| Untracked 
|  96|0x00000000c6000000, 0x00000000c6000000, 0x00000000c6100000|  0%| F|  |TAMS 0x00000000c6000000, 0x00000000c6000000| Untracked 
|  97|0x00000000c6100000, 0x00000000c6100000, 0x00000000c6200000|  0%| F|  |TAMS 0x00000000c6100000, 0x00000000c6100000| Untracked 
|  98|0x00000000c6200000, 0x00000000c6200000, 0x00000000c6300000|  0%| F|  |TAMS 0x00000000c6200000, 0x00000000c6200000| Untracked 
|  99|0x00000000c6300000, 0x00000000c63058a8, 0x00000000c6400000|  2%| E|  |TAMS 0x00000000c6300000, 0x00000000c6300000| Complete 

Card table byte_map: [0x00000264e79b0000,0x00000264e7bb0000] _byte_map_base: 0x00000264e73b0000

Marking Bits (Prev, Next): (CMBitMap*) 0x00000264dfa5b8c0, (CMBitMap*) 0x00000264dfa5b880
 Prev Bits: [0x00000264e8db0000, 0x00000264e9db0000)
 Next Bits: [0x00000264e7db0000, 0x00000264e8db0000)

Polling page: 0x00000264dfad0000

Metaspace:

Usage:
  Non-class:     51.01 MB used.
      Class:      7.26 MB used.
       Both:     58.28 MB used.

Virtual space:
  Non-class space:       64.00 MB reserved,      51.25 MB ( 80%) committed,  1 nodes.
      Class space:        1.00 GB reserved,       7.44 MB ( <1%) committed,  1 nodes.
             Both:        1.06 GB reserved,      58.69 MB (  5%) committed. 

Chunk freelists:
   Non-Class:  12.58 MB
       Class:  8.53 MB
        Both:  21.10 MB

MaxMetaspaceSize: unlimited
CompressedClassSpaceSize: 1.00 GB
Initial GC threshold: 21.00 MB
Current GC threshold: 97.81 MB
CDS: off
MetaspaceReclaimPolicy: balanced
 - commit_granule_bytes: 65536.
 - commit_granule_words: 8192.
 - virtual_space_node_default_size: 8388608.
 - enlarge_chunks_in_place: 1.
 - new_chunks_are_fully_committed: 0.
 - uncommit_free_chunks: 1.
 - use_allocation_guard: 0.
 - handle_deallocations: 1.


Internal statistics:

num_allocs_failed_limit: 6.
num_arena_births: 808.
num_arena_deaths: 318.
num_vsnodes_births: 2.
num_vsnodes_deaths: 0.
num_space_committed: 939.
num_space_uncommitted: 0.
num_chunks_returned_to_freelist: 389.
num_chunks_taken_from_freelist: 2789.
num_chunk_merges: 118.
num_chunk_splits: 1832.
num_chunks_enlarged: 1383.
num_inconsistent_stats: 0.

CodeCache: size=49152Kb used=12838Kb max_used=13598Kb free=36313Kb
 bounds [0x00000264e3eb0000, 0x00000264e4c60000, 0x00000264e6eb0000]
 total_blobs=7782 nmethods=7108 adapters=600
 compilation: enabled
              stopped_count=0, restarted_count=0
 full_count=0

Compilation events (20 events):
Event: 8487.154 Thread 0x00000264ec8703c0 7099       1       com.google.gson.internal.LinkedTreeMap::<init> (47 bytes)
Event: 8487.154 Thread 0x00000264ec8703c0 nmethod 7099 0x00000264e4c00b10 code [0x00000264e4c00cc0, 0x00000264e4c00f98]
Event: 8487.154 Thread 0x00000264ec8703c0 7100       1       com.google.gson.internal.LinkedTreeMap$Node::<init> (25 bytes)
Event: 8487.154 Thread 0x00000264ec8703c0 nmethod 7100 0x00000264e4c00790 code [0x00000264e4c00920, 0x00000264e4c00ab8]
Event: 8487.154 Thread 0x00000264ec8703c0 7101 %     1       java.lang.StringUTF16::getChars @ 16 (42 bytes)
Event: 8487.155 Thread 0x00000264ec8703c0 nmethod 7101% 0x00000264e4c00210 code [0x00000264e4c003c0, 0x00000264e4c005c8]
Event: 8487.155 Thread 0x00000264ec8703c0 7102       1       java.lang.StringUTF16::getChars (42 bytes)
Event: 8487.155 Thread 0x00000264ec8703c0 nmethod 7102 0x00000264e4bffd10 code [0x00000264e4bffec0, 0x00000264e4c00048]
Event: 8487.155 Thread 0x00000264ec8703c0 7103       1       org.springframework.ide.vscode.commons.protocol.java.JavaTypeData::<init> (5 bytes)
Event: 8487.155 Thread 0x00000264ec8703c0 nmethod 7103 0x00000264e4bffa10 code [0x00000264e4bffba0, 0x00000264e4bffc58]
Event: 8487.155 Thread 0x00000264ec8703c0 7104   !   1       jdk.internal.reflect.GeneratedConstructorAccessor50::newInstance (49 bytes)
Event: 8487.155 Thread 0x00000264ec8703c0 nmethod 7104 0x00000264e4bff410 code [0x00000264e4bff5c0, 0x00000264e4bff848]
Event: 8487.156 Thread 0x00000264ec8703c0 7105       1       com.google.gson.internal.bind.ObjectTypeAdapter::tryBeginNesting (62 bytes)
Event: 8487.156 Thread 0x00000264ec8703c0 nmethod 7105 0x00000264e4bfee10 code [0x00000264e4bfefe0, 0x00000264e4bff2e8]
Event: 8487.330 Thread 0x00000264ec8703c0 7106       1       com.google.common.cache.LocalCache::evictsBySize (15 bytes)
Event: 8487.330 Thread 0x00000264ec8703c0 nmethod 7106 0x00000264e4bfeb10 code [0x00000264e4bfeca0, 0x00000264e4bfed98]
Event: 8487.330 Thread 0x00000264ec8703c0 7107       1       com.google.common.cache.LocalCache$Segment::getLiveEntry (38 bytes)
Event: 8487.331 Thread 0x00000264ec8703c0 nmethod 7107 0x00000264e4bfe310 code [0x00000264e4bfe520, 0x00000264e4bfe878]
Event: 14955.575 Thread 0x00000264ec8703c0 7108       1       java.util.logging.Level::intValue (5 bytes)
Event: 14955.575 Thread 0x00000264ec8703c0 nmethod 7108 0x00000264e4bfe010 code [0x00000264e4bfe1a0, 0x00000264e4bfe278]

GC Heap History (20 events):
Event: 14916.420 GC heap before
{Heap before GC invocations=788 (full 769):
 garbage-first heap   total 102400K, used 38096K [0x00000000c0000000, 0x0000000100000000)
  region size 1024K, 1 young (1024K), 0 survivors (0K)
 Metaspace       used 59675K, committed 60096K, reserved 1114112K
  class space    used 7438K, committed 7616K, reserved 1048576K
}
Event: 14916.449 GC heap after
{Heap after GC invocations=789 (full 770):
 garbage-first heap   total 102400K, used 38096K [0x00000000c0000000, 0x0000000100000000)
  region size 1024K, 0 young (0K), 0 survivors (0K)
 Metaspace       used 59675K, committed 60096K, reserved 1114112K
  class space    used 7438K, committed 7616K, reserved 1048576K
}
Event: 14926.625 GC heap before
{Heap before GC invocations=789 (full 770):
 garbage-first heap   total 102400K, used 38096K [0x00000000c0000000, 0x0000000100000000)
  region size 1024K, 1 young (1024K), 0 survivors (0K)
 Metaspace       used 59675K, committed 60096K, reserved 1114112K
  class space    used 7438K, committed 7616K, reserved 1048576K
}
Event: 14926.658 GC heap after
{Heap after GC invocations=790 (full 771):
 garbage-first heap   total 102400K, used 38096K [0x00000000c0000000, 0x0000000100000000)
  region size 1024K, 0 young (0K), 0 survivors (0K)
 Metaspace       used 59675K, committed 60096K, reserved 1114112K
  class space    used 7438K, committed 7616K, reserved 1048576K
}
Event: 14936.801 GC heap before
{Heap before GC invocations=790 (full 771):
 garbage-first heap   total 102400K, used 38096K [0x00000000c0000000, 0x0000000100000000)
  region size 1024K, 1 young (1024K), 0 survivors (0K)
 Metaspace       used 59675K, committed 60096K, reserved 1114112K
  class space    used 7438K, committed 7616K, reserved 1048576K
}
Event: 14936.831 GC heap after
{Heap after GC invocations=791 (full 772):
 garbage-first heap   total 102400K, used 38096K [0x00000000c0000000, 0x0000000100000000)
  region size 1024K, 0 young (0K), 0 survivors (0K)
 Metaspace       used 59675K, committed 60096K, reserved 1114112K
  class space    used 7438K, committed 7616K, reserved 1048576K
}
Event: 14947.012 GC heap before
{Heap before GC invocations=791 (full 772):
 garbage-first heap   total 102400K, used 38096K [0x00000000c0000000, 0x0000000100000000)
  region size 1024K, 1 young (1024K), 0 survivors (0K)
 Metaspace       used 59675K, committed 60096K, reserved 1114112K
  class space    used 7438K, committed 7616K, reserved 1048576K
}
Event: 14947.042 GC heap after
{Heap after GC invocations=792 (full 773):
 garbage-first heap   total 102400K, used 38096K [0x00000000c0000000, 0x0000000100000000)
  region size 1024K, 0 young (0K), 0 survivors (0K)
 Metaspace       used 59675K, committed 60096K, reserved 1114112K
  class space    used 7438K, committed 7616K, reserved 1048576K
}
Event: 14987.358 GC heap before
{Heap before GC invocations=792 (full 773):
 garbage-first heap   total 102400K, used 38096K [0x00000000c0000000, 0x0000000100000000)
  region size 1024K, 1 young (1024K), 0 survivors (0K)
 Metaspace       used 59675K, committed 60096K, reserved 1114112K
  class space    used 7438K, committed 7616K, reserved 1048576K
}
Event: 14987.418 GC heap after
{Heap after GC invocations=793 (full 774):
 garbage-first heap   total 102400K, used 38099K [0x00000000c0000000, 0x0000000100000000)
  region size 1024K, 0 young (0K), 0 survivors (0K)
 Metaspace       used 59675K, committed 60096K, reserved 1114112K
  class space    used 7438K, committed 7616K, reserved 1048576K
}
Event: 14997.713 GC heap before
{Heap before GC invocations=793 (full 774):
 garbage-first heap   total 102400K, used 38099K [0x00000000c0000000, 0x0000000100000000)
  region size 1024K, 1 young (1024K), 0 survivors (0K)
 Metaspace       used 59675K, committed 60096K, reserved 1114112K
  class space    used 7438K, committed 7616K, reserved 1048576K
}
Event: 14997.786 GC heap after
{Heap after GC invocations=794 (full 775):
 garbage-first heap   total 102400K, used 38099K [0x00000000c0000000, 0x0000000100000000)
  region size 1024K, 0 young (0K), 0 survivors (0K)
 Metaspace       used 59675K, committed 60096K, reserved 1114112K
  class space    used 7438K, committed 7616K, reserved 1048576K
}
Event: 15008.156 GC heap before
{Heap before GC invocations=794 (full 775):
 garbage-first heap   total 102400K, used 38099K [0x00000000c0000000, 0x0000000100000000)
  region size 1024K, 1 young (1024K), 0 survivors (0K)
 Metaspace       used 59675K, committed 60096K, reserved 1114112K
  class space    used 7438K, committed 7616K, reserved 1048576K
}
Event: 15008.289 GC heap after
{Heap after GC invocations=795 (full 776):
 garbage-first heap   total 102400K, used 38099K [0x00000000c0000000, 0x0000000100000000)
  region size 1024K, 0 young (0K), 0 survivors (0K)
 Metaspace       used 59675K, committed 60096K, reserved 1114112K
  class space    used 7438K, committed 7616K, reserved 1048576K
}
Event: 15018.648 GC heap before
{Heap before GC invocations=795 (full 776):
 garbage-first heap   total 102400K, used 38099K [0x00000000c0000000, 0x0000000100000000)
  region size 1024K, 1 young (1024K), 0 survivors (0K)
 Metaspace       used 59675K, committed 60096K, reserved 1114112K
  class space    used 7438K, committed 7616K, reserved 1048576K
}
Event: 15018.733 GC heap after
{Heap after GC invocations=796 (full 777):
 garbage-first heap   total 102400K, used 38096K [0x00000000c0000000, 0x0000000100000000)
  region size 1024K, 0 young (0K), 0 survivors (0K)
 Metaspace       used 59675K, committed 60096K, reserved 1114112K
  class space    used 7438K, committed 7616K, reserved 1048576K
}
Event: 15028.862 GC heap before
{Heap before GC invocations=796 (full 777):
 garbage-first heap   total 102400K, used 38096K [0x00000000c0000000, 0x0000000100000000)
  region size 1024K, 1 young (1024K), 0 survivors (0K)
 Metaspace       used 59675K, committed 60096K, reserved 1114112K
  class space    used 7438K, committed 7616K, reserved 1048576K
}
Event: 15028.901 GC heap after
{Heap after GC invocations=797 (full 778):
 garbage-first heap   total 102400K, used 38096K [0x00000000c0000000, 0x0000000100000000)
  region size 1024K, 0 young (0K), 0 survivors (0K)
 Metaspace       used 59675K, committed 60096K, reserved 1114112K
  class space    used 7438K, committed 7616K, reserved 1048576K
}
Event: 15039.102 GC heap before
{Heap before GC invocations=797 (full 778):
 garbage-first heap   total 102400K, used 38096K [0x00000000c0000000, 0x0000000100000000)
  region size 1024K, 1 young (1024K), 0 survivors (0K)
 Metaspace       used 59675K, committed 60096K, reserved 1114112K
  class space    used 7438K, committed 7616K, reserved 1048576K
}
Event: 15039.147 GC heap after
{Heap after GC invocations=798 (full 779):
 garbage-first heap   total 102400K, used 38096K [0x00000000c0000000, 0x0000000100000000)
  region size 1024K, 0 young (0K), 0 survivors (0K)
 Metaspace       used 59675K, committed 60096K, reserved 1114112K
  class space    used 7438K, committed 7616K, reserved 1048576K
}

Dll operation events (10 events):
Event: 0.008 Loaded shared library c:\Users\Admin\.vscode\extensions\redhat.java-1.28.1-win32-x64\jre\17.0.10-win32-x86_64\bin\java.dll
Event: 0.325 Loaded shared library C:\Users\Admin\.vscode\extensions\redhat.java-1.28.1-win32-x64\jre\17.0.10-win32-x86_64\bin\net.dll
Event: 0.327 Loaded shared library C:\Users\Admin\.vscode\extensions\redhat.java-1.28.1-win32-x64\jre\17.0.10-win32-x86_64\bin\nio.dll
Event: 0.391 Loaded shared library C:\Users\Admin\.vscode\extensions\redhat.java-1.28.1-win32-x64\jre\17.0.10-win32-x86_64\bin\zip.dll
Event: 11.537 Loaded shared library C:\Users\Admin\.vscode\extensions\redhat.java-1.28.1-win32-x64\jre\17.0.10-win32-x86_64\bin\jimage.dll
Event: 16.307 Loaded shared library c:\Users\Admin\.vscode\extensions\redhat.java-1.28.1-win32-x64\jre\17.0.10-win32-x86_64\bin\verify.dll
Event: 18.058 Loaded shared library C:\Users\Admin\.vscode\extensions\redhat.java-1.28.1-win32-x64\jre\17.0.10-win32-x86_64\bin\management.dll
Event: 18.059 Loaded shared library C:\Users\Admin\.vscode\extensions\redhat.java-1.28.1-win32-x64\jre\17.0.10-win32-x86_64\bin\management_ext.dll
Event: 19.018 Loaded shared library C:\Users\Admin\.vscode\extensions\redhat.java-1.28.1-win32-x64\jre\17.0.10-win32-x86_64\bin\sunmscapi.dll
Event: 19.251 Loaded shared library C:\Users\Admin\.vscode\extensions\redhat.java-1.28.1-win32-x64\jre\17.0.10-win32-x86_64\bin\extnet.dll

Deoptimization events (8 events):
Event: 18.355 Thread 0x00000264f2501c80 DEOPT PACKING pc=0x00000264e4467701 sp=0x000000b7259fdc70
Event: 18.355 Thread 0x00000264f2501c80 DEOPT UNPACKING pc=0x00000264e3f07143 sp=0x000000b7259fd100 mode 3
Event: 18.379 Thread 0x00000264f2552d30 DEOPT PACKING pc=0x00000264e4444617 sp=0x000000b725eff2b0
Event: 18.379 Thread 0x00000264f2552d30 DEOPT UNPACKING pc=0x00000264e3f07143 sp=0x000000b725efe708 mode 3
Event: 19.074 Thread 0x00000264f2553240 DEOPT PACKING pc=0x00000264e40b760c sp=0x000000b7262fa8e0
Event: 19.074 Thread 0x00000264f2553240 DEOPT UNPACKING pc=0x00000264e3f07143 sp=0x000000b7262f9da8 mode 0
Event: 116.087 Thread 0x00000264f2501c80 DEOPT PACKING pc=0x00000264e453e4d4 sp=0x000000b7259ff170
Event: 116.087 Thread 0x00000264f2501c80 DEOPT UNPACKING pc=0x00000264e3f07143 sp=0x000000b7259fe618 mode 0

Classes unloaded (20 events):
Event: 5592.928 Thread 0x00000264ec835610 Unloading class 0x000000010074a400 'jdk/internal/reflect/GeneratedConstructorAccessor47'
Event: 5592.928 Thread 0x00000264ec835610 Unloading class 0x000000010074a000 'jdk/internal/reflect/GeneratedMethodAccessor18'
Event: 5592.928 Thread 0x00000264ec835610 Unloading class 0x0000000100749c00 'jdk/internal/reflect/GeneratedMethodAccessor17'
Event: 5592.928 Thread 0x00000264ec835610 Unloading class 0x0000000100749800 'jdk/internal/reflect/GeneratedMethodAccessor16'
Event: 8556.947 Thread 0x00000264ec835610 Unloading class 0x0000000100756800 'java/lang/invoke/LambdaForm$MH+0x0000000100756800'
Event: 8556.947 Thread 0x00000264ec835610 Unloading class 0x0000000100756400 'java/lang/invoke/LambdaForm$MH+0x0000000100756400'
Event: 8556.947 Thread 0x00000264ec835610 Unloading class 0x0000000100756000 'java/lang/invoke/LambdaForm$MH+0x0000000100756000'
Event: 8556.947 Thread 0x00000264ec835610 Unloading class 0x0000000100755c00 'java/lang/invoke/LambdaForm$MH+0x0000000100755c00'
Event: 8556.947 Thread 0x00000264ec835610 Unloading class 0x0000000100755400 'java/lang/invoke/LambdaForm$MH+0x0000000100755400'
Event: 8556.947 Thread 0x00000264ec835610 Unloading class 0x0000000100755000 'java/lang/invoke/LambdaForm$MH+0x0000000100755000'
Event: 8556.947 Thread 0x00000264ec835610 Unloading class 0x0000000100754c00 'java/lang/invoke/LambdaForm$MH+0x0000000100754c00'
Event: 8556.947 Thread 0x00000264ec835610 Unloading class 0x0000000100754800 'java/lang/invoke/LambdaForm$MH+0x0000000100754800'
Event: 8556.947 Thread 0x00000264ec835610 Unloading class 0x0000000100754400 'java/lang/invoke/LambdaForm$MH+0x0000000100754400'
Event: 8556.947 Thread 0x00000264ec835610 Unloading class 0x0000000100754000 'java/lang/invoke/LambdaForm$MH+0x0000000100754000'
Event: 8556.947 Thread 0x00000264ec835610 Unloading class 0x000000010074a800 'java/lang/invoke/LambdaForm$MH+0x000000010074a800'
Event: 8556.947 Thread 0x00000264ec835610 Unloading class 0x000000010074a400 'java/lang/invoke/LambdaForm$MH+0x000000010074a400'
Event: 8556.947 Thread 0x00000264ec835610 Unloading class 0x000000010074a000 'java/lang/invoke/LambdaForm$MH+0x000000010074a000'
Event: 8556.947 Thread 0x00000264ec835610 Unloading class 0x0000000100749c00 'java/lang/invoke/LambdaForm$MH+0x0000000100749c00'
Event: 8556.947 Thread 0x00000264ec835610 Unloading class 0x0000000100749800 'java/lang/invoke/LambdaForm$MH+0x0000000100749800'
Event: 8556.947 Thread 0x00000264ec835610 Unloading class 0x000000010074b000 'java/lang/invoke/LambdaForm$MH+0x000000010074b000'

Classes redefined (0 events):
No events

Internal exceptions (20 events):
Event: 8485.991 Thread 0x00000264fa835ec0 Exception <a 'sun/nio/fs/WindowsException'{0x00000000c626a148}> (0x00000000c626a148) 
thrown [s\src\hotspot\share\prims\jni.cpp, line 516]
Event: 8485.991 Thread 0x00000264fa835ec0 Exception <a 'sun/nio/fs/WindowsException'{0x00000000c626a920}> (0x00000000c626a920) 
thrown [s\src\hotspot\share\prims\jni.cpp, line 516]
Event: 8485.992 Thread 0x00000264fa835ec0 Exception <a 'sun/nio/fs/WindowsException'{0x00000000c626ad10}> (0x00000000c626ad10) 
thrown [s\src\hotspot\share\prims\jni.cpp, line 516]
Event: 8485.992 Thread 0x00000264fa835ec0 Exception <a 'sun/nio/fs/WindowsException'{0x00000000c626bd10}> (0x00000000c626bd10) 
thrown [s\src\hotspot\share\prims\jni.cpp, line 516]
Event: 8485.992 Thread 0x00000264fa835ec0 Exception <a 'sun/nio/fs/WindowsException'{0x00000000c626c150}> (0x00000000c626c150) 
thrown [s\src\hotspot\share\prims\jni.cpp, line 516]
Event: 8485.993 Thread 0x00000264fa835ec0 Exception <a 'sun/nio/fs/WindowsException'{0x00000000c626ced8}> (0x00000000c626ced8) 
thrown [s\src\hotspot\share\prims\jni.cpp, line 516]
Event: 8485.993 Thread 0x00000264fa835ec0 Exception <a 'sun/nio/fs/WindowsException'{0x00000000c626d6b0}> (0x00000000c626d6b0) 
thrown [s\src\hotspot\share\prims\jni.cpp, line 516]
Event: 8485.993 Thread 0x00000264fa835ec0 Exception <a 'sun/nio/fs/WindowsException'{0x00000000c626daa0}> (0x00000000c626daa0) 
thrown [s\src\hotspot\share\prims\jni.cpp, line 516]
Event: 8485.994 Thread 0x00000264fa835ec0 Exception <a 'sun/nio/fs/WindowsException'{0x00000000c626eaa8}> (0x00000000c626eaa8) 
thrown [s\src\hotspot\share\prims\jni.cpp, line 516]
Event: 8485.994 Thread 0x00000264fa835ec0 Exception <a 'sun/nio/fs/WindowsException'{0x00000000c626eee8}> (0x00000000c626eee8) 
thrown [s\src\hotspot\share\prims\jni.cpp, line 516]
Event: 8486.227 Thread 0x00000264fa835ec0 Exception <a 'sun/nio/fs/WindowsException'{0x00000000c50c6ff0}> (0x00000000c50c6ff0) 
thrown [s\src\hotspot\share\prims\jni.cpp, line 516]
Event: 8486.228 Thread 0x00000264fa835ec0 Exception <a 'sun/nio/fs/WindowsException'{0x00000000c50c7790}> (0x00000000c50c7790) 
thrown [s\src\hotspot\share\prims\jni.cpp, line 516]
Event: 8486.228 Thread 0x00000264fa835ec0 Exception <a 'sun/nio/fs/WindowsException'{0x00000000c50c7b70}> (0x00000000c50c7b70) 
thrown [s\src\hotspot\share\prims\jni.cpp, line 516]
Event: 8486.228 Thread 0x00000264fa835ec0 Exception <a 'sun/nio/fs/WindowsException'{0x00000000c50c8af8}> (0x00000000c50c8af8) 
thrown [s\src\hotspot\share\prims\jni.cpp, line 516]
Event: 8486.228 Thread 0x00000264fa835ec0 Exception <a 'sun/nio/fs/WindowsException'{0x00000000c50c8f18}> (0x00000000c50c8f18) 
thrown [s\src\hotspot\share\prims\jni.cpp, line 516]
Event: 8486.229 Thread 0x00000264fa835ec0 Exception <a 'sun/nio/fs/WindowsException'{0x00000000c50c9ce8}> (0x00000000c50c9ce8) 
thrown [s\src\hotspot\share\prims\jni.cpp, line 516]
Event: 8486.229 Thread 0x00000264fa835ec0 Exception <a 'sun/nio/fs/WindowsException'{0x00000000c50ca4c0}> (0x00000000c50ca4c0) 
thrown [s\src\hotspot\share\prims\jni.cpp, line 516]
Event: 8486.229 Thread 0x00000264fa835ec0 Exception <a 'sun/nio/fs/WindowsException'{0x00000000c50ca8b0}> (0x00000000c50ca8b0) 
thrown [s\src\hotspot\share\prims\jni.cpp, line 516]
Event: 8486.229 Thread 0x00000264fa835ec0 Exception <a 'sun/nio/fs/WindowsException'{0x00000000c50cb860}> (0x00000000c50cb860) 
thrown [s\src\hotspot\share\prims\jni.cpp, line 516]
Event: 8486.230 Thread 0x00000264fa835ec0 Exception <a 'sun/nio/fs/WindowsException'{0x00000000c50cbca0}> (0x00000000c50cbca0) 
thrown [s\src\hotspot\share\prims\jni.cpp, line 516]

VM Operations (20 events):
Event: 14916.450 Executing VM operation: G1CollectFull done
Event: 14926.625 Executing VM operation: G1CollectFull
Event: 14926.658 Executing VM operation: G1CollectFull done
Event: 14936.801 Executing VM operation: G1CollectFull
Event: 14936.831 Executing VM operation: G1CollectFull done
Event: 14947.012 Executing VM operation: G1CollectFull
Event: 14947.042 Executing VM operation: G1CollectFull done
Event: 14987.358 Executing VM operation: G1CollectFull
Event: 14987.418 Executing VM operation: G1CollectFull done
Event: 14997.713 Executing VM operation: G1CollectFull
Event: 14997.786 Executing VM operation: G1CollectFull done
Event: 15008.156 Executing VM operation: G1CollectFull
Event: 15008.289 Executing VM operation: G1CollectFull done
Event: 15018.648 Executing VM operation: G1CollectFull
Event: 15018.733 Executing VM operation: G1CollectFull done
Event: 15028.862 Executing VM operation: G1CollectFull
Event: 15028.901 Executing VM operation: G1CollectFull done
Event: 15039.102 Executing VM operation: G1CollectFull
Event: 15039.147 Executing VM operation: G1CollectFull done
Event: 15049.297 Executing VM operation: G1CollectFull

Events (20 events):
Event: 8486.070 Thread 0x00000264faae1580 Thread added: 0x00000264faae1580
Event: 8486.275 loading class java/util/EmptyStackException
Event: 8486.275 loading class java/util/EmptyStackException done
Event: 8486.283 loading class java/io/InvalidClassException
Event: 8486.283 loading class java/io/InvalidClassException done
Event: 8486.302 loading class java/util/ArrayList$ListItr
Event: 8486.303 loading class java/util/ArrayList$ListItr done
Event: 8486.362 loading class java/util/regex/Pattern$1
Event: 8486.362 loading class java/util/regex/Pattern$1 done
Event: 8487.141 Thread 0x00000264faae1580 Thread exited: 0x00000264faae1580
Event: 8535.471 Thread 0x00000264fa838230 Thread exited: 0x00000264fa838230
Event: 8545.296 Thread 0x00000264fa83a5a0 Thread exited: 0x00000264fa83a5a0
Event: 8545.649 Thread 0x00000264fa8359b0 Thread exited: 0x00000264fa8359b0
Event: 8545.919 Thread 0x00000264fa83aab0 Thread exited: 0x00000264fa83aab0
Event: 10067.590 Thread 0x00000264fa8368e0 Thread added: 0x00000264fa8368e0
Event: 10127.603 Thread 0x00000264fa8368e0 Thread exited: 0x00000264fa8368e0
Event: 14955.569 Thread 0x00000264fa8363d0 Thread added: 0x00000264fa8363d0
Event: 14955.833 Thread 0x00000264fa83a5a0 Thread added: 0x00000264fa83a5a0
Event: 15015.854 Thread 0x00000264fa83a5a0 Thread exited: 0x00000264fa83a5a0
Event: 15015.970 Thread 0x00000264fa8363d0 Thread exited: 0x00000264fa8363d0


Dynamic libraries:
0x00007ff6e7040000 - 0x00007ff6e704e000 	c:\Users\Admin\.vscode\extensions\redhat.java-1.28.1-win32-x64\jre\17.0.10-win32-x86_64\bin\java.exe
0x00007ffea7890000 - 0x00007ffea7a88000 	C:\WINDOWS\SYSTEM32\ntdll.dll
0x00007ffe80570000 - 0x00007ffe80589000 	C:\Program Files\Avast Software\Avast\aswhook.dll
0x00007ffea5ad0000 - 0x00007ffea5b8d000 	C:\WINDOWS\System32\KERNEL32.DLL
0x00007ffea52c0000 - 0x00007ffea55b6000 	C:\WINDOWS\System32\KERNELBASE.dll
0x00007ffea5030000 - 0x00007ffea5130000 	C:\WINDOWS\System32\ucrtbase.dll
0x00007ffe9c3c0000 - 0x00007ffe9c3d7000 	c:\Users\Admin\.vscode\extensions\redhat.java-1.28.1-win32-x64\jre\17.0.10-win32-x86_64\bin\jli.dll
0x00007ffe9b4f0000 - 0x00007ffe9b50b000 	c:\Users\Admin\.vscode\extensions\redhat.java-1.28.1-win32-x64\jre\17.0.10-win32-x86_64\bin\VCRUNTIME140.dll
0x00007ffea69b0000 - 0x00007ffea6b4e000 	C:\WINDOWS\System32\USER32.dll
0x00007ffea5670000 - 0x00007ffea5692000 	C:\WINDOWS\System32\win32u.dll
0x00007ffe80aa0000 - 0x00007ffe80d3a000 	C:\WINDOWS\WinSxS\amd64_microsoft.windows.common-controls_6595b64144ccf1df_6.0.19041.3636_none_60b6a03d71f818d5\COMCTL32.dll
0x00007ffea5f60000 - 0x00007ffea5f8b000 	C:\WINDOWS\System32\GDI32.dll
0x00007ffea6d00000 - 0x00007ffea6d9e000 	C:\WINDOWS\System32\msvcrt.dll
0x00007ffea5730000 - 0x00007ffea5847000 	C:\WINDOWS\System32\gdi32full.dll
0x00007ffea4f40000 - 0x00007ffea4fdd000 	C:\WINDOWS\System32\msvcp_win.dll
0x00007ffea77b0000 - 0x00007ffea77e2000 	C:\WINDOWS\System32\IMM32.DLL
0x00007ffea06c0000 - 0x00007ffea06cc000 	c:\Users\Admin\.vscode\extensions\redhat.java-1.28.1-win32-x64\jre\17.0.10-win32-x86_64\bin\vcruntime140_1.dll
0x00007ffe8db90000 - 0x00007ffe8dc1d000 	c:\Users\Admin\.vscode\extensions\redhat.java-1.28.1-win32-x64\jre\17.0.10-win32-x86_64\bin\msvcp140.dll
0x00007ffe56f50000 - 0x00007ffe57bb2000 	c:\Users\Admin\.vscode\extensions\redhat.java-1.28.1-win32-x64\jre\17.0.10-win32-x86_64\bin\server\jvm.dll
0x00007ffea6900000 - 0x00007ffea69b0000 	C:\WINDOWS\System32\ADVAPI32.dll
0x00007ffea6bc0000 - 0x00007ffea6c60000 	C:\WINDOWS\System32\sechost.dll
0x00007ffea6060000 - 0x00007ffea6185000 	C:\WINDOWS\System32\RPCRT4.dll
0x00007ffea5130000 - 0x00007ffea5157000 	C:\WINDOWS\System32\bcrypt.dll
0x00007ffea45f0000 - 0x00007ffea463b000 	C:\WINDOWS\SYSTEM32\POWRPROF.dll
0x00007ffea06f0000 - 0x00007ffea0717000 	C:\WINDOWS\SYSTEM32\WINMM.dll
0x00007ffe93dc0000 - 0x00007ffe93dc9000 	C:\WINDOWS\SYSTEM32\WSOCK32.dll
0x00007ffe9ba50000 - 0x00007ffe9ba5a000 	C:\WINDOWS\SYSTEM32\VERSION.dll
0x00007ffea6b50000 - 0x00007ffea6bbb000 	C:\WINDOWS\System32\WS2_32.dll
0x00007ffea45b0000 - 0x00007ffea45c2000 	C:\WINDOWS\SYSTEM32\UMPDC.dll
0x00007ffea3780000 - 0x00007ffea3792000 	C:\WINDOWS\SYSTEM32\kernel.appcore.dll
0x00007ffe9bfc0000 - 0x00007ffe9bfca000 	c:\Users\Admin\.vscode\extensions\redhat.java-1.28.1-win32-x64\jre\17.0.10-win32-x86_64\bin\jimage.dll
0x00007ffea2cd0000 - 0x00007ffea2eb4000 	C:\WINDOWS\SYSTEM32\DBGHELP.DLL
0x00007ffea0720000 - 0x00007ffea0754000 	C:\WINDOWS\SYSTEM32\dbgcore.DLL
0x00007ffea56a0000 - 0x00007ffea5722000 	C:\WINDOWS\System32\bcryptPrimitives.dll
0x00007ffe98500000 - 0x00007ffe98525000 	c:\Users\Admin\.vscode\extensions\redhat.java-1.28.1-win32-x64\jre\17.0.10-win32-x86_64\bin\java.dll
0x00007ffe986d0000 - 0x00007ffe986e8000 	c:\Users\Admin\.vscode\extensions\redhat.java-1.28.1-win32-x64\jre\17.0.10-win32-x86_64\bin\zip.dll
0x00007ffea6190000 - 0x00007ffea68fb000 	C:\WINDOWS\System32\SHELL32.dll
0x00007ffea2fd0000 - 0x00007ffea376e000 	C:\WINDOWS\SYSTEM32\windows.storage.dll
0x00007ffea73f0000 - 0x00007ffea7743000 	C:\WINDOWS\System32\combase.dll
0x00007ffea4970000 - 0x00007ffea499e000 	C:\WINDOWS\SYSTEM32\Wldp.dll
0x00007ffea5f90000 - 0x00007ffea605d000 	C:\WINDOWS\System32\OLEAUT32.dll
0x00007ffea7340000 - 0x00007ffea73ed000 	C:\WINDOWS\System32\SHCORE.dll
0x00007ffea5d40000 - 0x00007ffea5d95000 	C:\WINDOWS\System32\shlwapi.dll
0x00007ffea4e70000 - 0x00007ffea4e95000 	C:\WINDOWS\SYSTEM32\profapi.dll
0x00007ffe983f0000 - 0x00007ffe98409000 	C:\Users\Admin\.vscode\extensions\redhat.java-1.28.1-win32-x64\jre\17.0.10-win32-x86_64\bin\net.dll
0x00007ffe99b20000 - 0x00007ffe99c2a000 	C:\WINDOWS\SYSTEM32\WINHTTP.dll
0x00007ffea46d0000 - 0x00007ffea473a000 	C:\WINDOWS\system32\mswsock.dll
0x00007ffe98020000 - 0x00007ffe98036000 	C:\Users\Admin\.vscode\extensions\redhat.java-1.28.1-win32-x64\jre\17.0.10-win32-x86_64\bin\nio.dll
0x00007ffe9b400000 - 0x00007ffe9b410000 	c:\Users\Admin\.vscode\extensions\redhat.java-1.28.1-win32-x64\jre\17.0.10-win32-x86_64\bin\verify.dll
0x00007ffea48c0000 - 0x00007ffea48d8000 	C:\WINDOWS\SYSTEM32\CRYPTSP.dll
0x00007ffea3f90000 - 0x00007ffea3fc4000 	C:\WINDOWS\system32\rsaenh.dll
0x00007ffea4df0000 - 0x00007ffea4e1e000 	C:\WINDOWS\SYSTEM32\USERENV.dll
0x00007ffea48e0000 - 0x00007ffea48ec000 	C:\WINDOWS\SYSTEM32\CRYPTBASE.dll
0x00007ffea4350000 - 0x00007ffea438b000 	C:\WINDOWS\SYSTEM32\IPHLPAPI.DLL
0x00007ffea58c0000 - 0x00007ffea58c8000 	C:\WINDOWS\System32\NSI.dll
0x00007ffe9a190000 - 0x00007ffe9a1a7000 	C:\WINDOWS\SYSTEM32\dhcpcsvc6.DLL
0x00007ffe9b0d0000 - 0x00007ffe9b0ed000 	C:\WINDOWS\SYSTEM32\dhcpcsvc.DLL
0x00007ffea4390000 - 0x00007ffea445b000 	C:\WINDOWS\SYSTEM32\DNSAPI.dll
0x00007ffe9ad80000 - 0x00007ffe9ad89000 	C:\Users\Admin\.vscode\extensions\redhat.java-1.28.1-win32-x64\jre\17.0.10-win32-x86_64\bin\management.dll
0x00007ffe9a540000 - 0x00007ffe9a54b000 	C:\Users\Admin\.vscode\extensions\redhat.java-1.28.1-win32-x64\jre\17.0.10-win32-x86_64\bin\management_ext.dll
0x00007ffea5e20000 - 0x00007ffea5e28000 	C:\WINDOWS\System32\PSAPI.DLL
0x00007ffe99220000 - 0x00007ffe9922e000 	C:\Users\Admin\.vscode\extensions\redhat.java-1.28.1-win32-x64\jre\17.0.10-win32-x86_64\bin\sunmscapi.dll
0x00007ffea5160000 - 0x00007ffea52bd000 	C:\WINDOWS\System32\CRYPT32.dll
0x00007ffea49e0000 - 0x00007ffea4a08000 	C:\WINDOWS\SYSTEM32\ncrypt.dll
0x00007ffea49a0000 - 0x00007ffea49db000 	C:\WINDOWS\SYSTEM32\NTASN1.dll
0x00007ffe95180000 - 0x00007ffe9518a000 	C:\Windows\System32\rasadhlp.dll
0x00007ffe93670000 - 0x00007ffe936f0000 	C:\WINDOWS\System32\fwpuclnt.dll
0x00007ffe98680000 - 0x00007ffe98689000 	C:\Users\Admin\.vscode\extensions\redhat.java-1.28.1-win32-x64\jre\17.0.10-win32-x86_64\bin\extnet.dll

dbghelp: loaded successfully - version: 4.0.5 - missing functions: none
symbol engine: initialized successfully - sym options: 0x614 - pdb path: .;c:\Users\Admin\.vscode\extensions\redhat.java-1.28.1-win32-x64\jre\17.0.10-win32-x86_64\bin;C:\WINDOWS\SYSTEM32;C:\Program Files\Avast Software\Avast;C:\WINDOWS\WinSxS\amd64_microsoft.windows.common-controls_6595b64144ccf1df_6.0.19041.3636_none_60b6a03d71f818d5;c:\Users\Admin\.vscode\extensions\redhat.java-1.28.1-win32-x64\jre\17.0.10-win32-x86_64\bin\server

VM Arguments:
jvm_args: -XX:+HeapDumpOnOutOfMemoryError -Xmx1024m -Dsts.lsp.client=vscode -Dsts.log.file=/dev/null -XX:TieredStopAtLevel=1 -Xlog:jni+resolve=off -Dspring.config.location=file:c:\Users\Admin\.vscode\extensions\vmware.vscode-spring-boot-1.53.0\language-server\BOOT-INF\classes\application.properties 
java_command: org.springframework.ide.vscode.boot.app.BootLanguageServerBootApp
java_class_path (initial): c:\Users\Admin\.vscode\extensions\vmware.vscode-spring-boot-1.53.0\language-server\BOOT-INF\classes;c:\Users\Admin\.vscode\extensions\vmware.vscode-spring-boot-1.53.0\language-server\BOOT-INF\lib\annotations-24.1.0.jar;c:\Users\Admin\.vscode\extensions\vmware.vscode-spring-boot-1.53.0\language-server\BOOT-INF\lib\antlr4-runtime-4.11.1.jar;c:\Users\Admin\.vscode\extensions\vmware.vscode-spring-boot-1.53.0\language-server\BOOT-INF\lib\asm-9.6.jar;c:\Users\Admin\.vscode\extensions\vmware.vscode-spring-boot-1.53.0\language-server\BOOT-INF\lib\asm-analysis-9.6.jar;c:\Users\Admin\.vscode\extensions\vmware.vscode-spring-boot-1.53.0\language-server\BOOT-INF\lib\asm-tree-9.6.jar;c:\Users\Admin\.vscode\extensions\vmware.vscode-spring-boot-1.53.0\language-server\BOOT-INF\lib\asm-util-9.6.jar;c:\Users\Admin\.vscode\extensions\vmware.vscode-spring-boot-1.53.0\language-server\BOOT-INF\lib\caffeine-3.1.8.jar;c:\Users\Admin\.vscode\extensions\vmware.vscode-spring-boot-1.53.0\language-server\BOOT-INF\lib\checker-qual-3.12.0.jar;c:\Users\Admin\.vscode\extensions\vmware.vscode-spring-boot-1.53.0\language-server\BOOT-INF\lib\classgraph-4.8.149.jar;c:\Users\Admin\.vscode\extensions\vmware.vscode-spring-boot-1.53.0\language-server\BOOT-INF\lib\commons-codec-1.16.1.jar;c:\Users\Admin\.vscode\extensions\vmware.vscode-spring-boot-1.53.0\language-server\BOOT-INF\lib\commons-compress-1.26.0.jar;c:\Users\Admin\.vscode\extensions\vmware.vscode-spring-boot-1.53.0\language-server\BOOT-INF\lib\commons-io-2.4.jar;c:\Users\Admin\.vscode\extensions\vmware.vscode-spring-boot-1.53.0\language-server\BOOT-INF\lib\commons-java-1.53.0-SNAPSHOT.jar;c:\Users\Admin\.vscode\extensions\vmware.vscode-spring-boot-1.53.0\language-server\BOOT-INF\lib\commons-lang3-3.13.0.jar;c:\Users\Admin\.vscode\extensions\vmware.vscode-spring-boot-1.53.0\language-server\BOOT-INF\lib\commons-language-server-1.53.0-SNAPSHOT.jar;c:\Users\Admin\.vscode\extensions\vmware.vscode-spring-boot-1.53.0\language
Launcher Type: SUN_STANDARD

[Global flags]
     intx CICompilerCount                          = 4                                         {product} {ergonomic}
     uint ConcGCThreads                            = 2                                         {product} {ergonomic}
     uint G1ConcRefinementThreads                  = 8                                         {product} {ergonomic}
   size_t G1HeapRegionSize                         = 1048576                                   {product} {ergonomic}
    uintx GCDrainStackTargetSize                   = 64                                        {product} {ergonomic}
     bool HeapDumpOnOutOfMemoryError               = true                                   {manageable} {command line}
   size_t InitialHeapSize                          = 121634816                                 {product} {ergonomic}
   size_t MarkStackSize                            = 4194304                                   {product} {ergonomic}
   size_t MaxHeapSize                              = 1073741824                                {product} {command line}
   size_t MaxNewSize                               = 643825664                                 {product} {ergonomic}
   size_t MinHeapDeltaBytes                        = 1048576                                   {product} {ergonomic}
   size_t MinHeapSize                              = 8388608                                   {product} {ergonomic}
    uintx NonProfiledCodeHeapSize                  = 0                                      {pd product} {ergonomic}
     bool ProfileInterpreter                       = false                                  {pd product} {command line}
    uintx ProfiledCodeHeapSize                     = 0                                      {pd product} {ergonomic}
   size_t SoftMaxHeapSize                          = 1073741824                             {manageable} {ergonomic}
     intx TieredStopAtLevel                        = 1                                         {product} {command line}
     bool UseCompressedClassPointers               = true                           {product lp64_product} {ergonomic}
     bool UseCompressedOops                        = true                           {product lp64_product} {ergonomic}
     bool UseG1GC                                  = true                                      {product} {ergonomic}
     bool UseLargePagesIndividualAllocation        = false                                  {pd product} {ergonomic}

Logging:
Log output configuration:
 #0: stdout all=warning,jni+resolve=off uptime,level,tags
 #1: stderr all=off uptime,level,tags

Environment Variables:
PATH=C:\Program Files\Common Files\Oracle\Java\javapath;C:\Program Files (x86)\Common Files\Oracle\Java\javapath;C:\WINDOWS\system32;C:\WINDOWS;C:\WINDOWS\System32\Wbem;C:\WINDOWS\System32\WindowsPowerShell\v1.0\;C:\WINDOWS\System32\OpenSSH\;C:\Program Files\Git\cmd;C:\Program Files\nodejs\;C:\Program Files\PuTTY\;C:\Users\Admin\AppData\Local\Programs\Python\Python311\Scripts\;C:\Users\Admin\AppData\Local\Programs\Python\Python311\;C:\Program Files\MySQL\MySQL Shell 8.0\bin\;C:\Users\Admin\AppData\Local\Microsoft\WindowsApps;;C:\Users\Admin\AppData\Local\Programs\Microsoft VS Code\bin;C:\Users\Admin\AppData\Roaming\npm
USERNAME=Admin
OS=Windows_NT
PROCESSOR_IDENTIFIER=Intel64 Family 6 Model 142 Stepping 12, GenuineIntel
TMP=C:\Users\Admin\AppData\Local\Temp
TEMP=C:\Users\Admin\AppData\Local\Temp



Periodic native trim disabled


---------------  S Y S T E M  ---------------

OS:
 Windows 10 , 64 bit Build 19041 (10.0.19041.3636)
OS uptime: 2 days 17:16 hours

CPU: total 8 (initial active 8) (4 cores per cpu, 2 threads per core) family 6 model 142 stepping 12 microcode 0xca, cx8, cmov, fxsr, ht, mmx, 3dnowpref, sse, sse2, sse3, ssse3, sse4.1, sse4.2, popcnt, lzcnt, tsc, tscinvbit, avx, avx2, aes, erms, clmul, bmi1, bmi2, adx, fma, vzeroupper, clflush, clflushopt
Processor Information for all 8 processors :
  Max Mhz: 2101, Current Mhz: 1500, Mhz Limit: 2101

Memory: 4k page, system-wide physical 7416M (580M free)
TotalPageFile size 10576M (AvailPageFile size 2M)
current process WorkingSet (physical memory assigned to process): 168M, peak: 241M
current process commit charge ("private bytes"): 272M, peak: 292M

vm_info: OpenJDK 64-Bit Server VM (17.0.10+7) for windows-amd64 JRE (17.0.10+7), built on Jan 16 2024 23:25:11 by "admin" with MS VC++ 16.10 / 16.11 (VS2019)

END.
